29 1.03
1533317760391 -0.679791 -0.14505 9.88314 
1533317760408 -0.72196 -0.258997 9.95447 
1533317760409 -0.72196 -0.258997 9.95447 
1533317760412 -0.70282 -0.118732 9.92576 
1533317760449 -0.745438 0.139218 9.99978 
1533317760453 -0.741998 0.041272 9.89077 
1533317760454 -0.741998 0.041272 9.89077 
1533317760454 -0.741998 0.041272 9.89077 
1533317760463 -0.716727 -0.102881 9.94355 
1533317760480 -0.690408 -0.122919 10.1021 
1533317760492 -0.789401 0.0457581 10.2495 
1533317760492 -0.789401 0.0457581 10.2495 
1533317760501 -0.828131 0.10976 10.2734 
1533317760513 -0.843384 0.120526 10.0925 
1533317760521 -0.761887 0.118283 9.87402 
1533317760531 -0.67067 0.0810486 9.76964 
1533317760543 -0.647491 0.0189911 9.80075 
1533317760550 -0.718671 0.0324493 9.83888 
1533317760560 -0.732278 0.0465057 9.77398 
1533317760574 -0.715979 0.0675903 9.76935 
1533317760581 -0.735419 0.188116 9.85129 
1533317760590 -0.781326 0.320157 9.89286 
1533317760605 -0.838449 0.380869 9.90527 
1533317760610 -0.842786 0.353204 9.76142 
1533317760619 -0.795532 0.358887 9.6053 
1533317760632 -0.683679 0.353204 9.53248 
1533317760639 -0.655865 0.311633 9.64538 
1533317760649 -0.727792 0.261389 9.82602 
1533317760660 -0.763382 0.181387 9.97271 
1533317760669 -0.760092 0.0903198 9.93877 
1533317760679 -0.714334 -0.0263184 9.82333 
1533317760691 -0.598892 -0.084787 9.74437 
1533317760705 -0.561508 -0.0499451 9.58542 
1533317760710 -0.517395 0.0176453 9.51992 
1533317760719 -0.478366 0.122769 9.48822 
1533317760729 -0.524274 0.21593 9.55521 
1533317760738 -0.573621 0.300867 9.62205 
1533317760748 -0.542218 0.334064 9.64224 
1533317760757 -0.521881 0.356793 9.75858 
1533317760767 -0.566592 0.307446 9.87611 
1533317760776 -0.663492 0.18363 10.0527 
1533317760787 -0.729138 0.0185425 10.1753 
1533317760796 -0.757849 -0.0264679 10.2314 
1533317760807 -0.689511 0.0154022 10.2607 
1533317760817 -0.67052 0.0677399 10.3023 
1533317760827 -0.662146 0.05159 10.3323 
1533317760836 -0.666183 -0.0142059 10.4497 
1533317760846 -0.714035 -0.136526 10.4098 
1533317760856 -0.690857 -0.169424 10.2244 
1533317760866 -0.65437 -0.12561 9.98498 
1533317760879 -0.627753 -0.00523376 9.88344 
1533317760887 -0.610406 0.0750671 9.83305 
1533317760896 -0.660052 0.194247 9.88449 
1533317760906 -0.733026 0.223108 9.99335 
1533317760915 -0.776093 0.142059 10.0283 
1533317760927 -0.761737 0.111703 10.0182 
1533317760936 -0.739456 0.0877777 9.95043 
1533317760945 -0.684576 0.0810486 9.9138 
1533317760956 -0.686819 0.0798523 9.85518 
1533317760966 -0.574667 0.0666931 9.74004 
1533317760975 -0.538181 0.0719269 9.65405 
1533317760982 -0.519189 0.0191406 9.7369 
1533317760993 -0.574069 0.0219818 9.78998 
1533317761007 -0.605023 0.0789551 9.8951 
1533317761013 -0.616537 0.126358 9.95731 
1533317761023 -0.675455 0.127405 10.0415 
1533317761035 -0.712241 0.0924133 10.0823 
1533317761043 -0.677249 0.0355896 9.98034 
1533317761052 -0.595154 0.0450104 9.86894 
1533317761063 -0.589023 0.0463562 9.832 
1533317761073 -0.618033 -0.0358887 9.89077 
1533317761082 -0.66738 -0.0913666 9.87821 
1533317761094 -0.641211 -0.100787 9.84965 
1533317761102 -0.615192 -0.108563 9.9292 
1533317761112 -0.674408 -0.151929 10.0557 
1533317761124 -0.713437 -0.168976 10.0599 
1533317761132 -0.640912 -0.143854 9.9452 
1533317761142 -0.524124 -0.0656464 9.75439 
1533317761154 -0.495712 -0.0590668 9.59229 
1533317761162 -0.545209 -0.0509918 9.62295 
1533317761172 -0.606219 -0.00014954 9.72478 
1533317761185 -0.618481 0.0782074 9.75394 
1533317761192 -0.6285 0.13847 9.71925 
1533317761201 -0.585434 0.149985 9.66273 
1533317761213 -0.553433 0.120526 9.77847 
1533317761221 -0.599939 0.0388794 9.95492 
1533317761230 -0.715979 -0.0735718 10.2015 
1533317761244 -0.752017 -0.171368 10.2564 
1533317761251 -0.682034 -0.176752 10.1406 
1533317761261 -0.57377 -0.102881 9.95956 
1533317761270 -0.551639 -0.0526367 9.86221 
1533317761280 -0.555676 -0.0521881 9.9443 
1533317761290 -0.637622 -0.0717773 10.1225 
1533317761303 -0.727792 -0.0674408 10.2147 
1533317761309 -0.71254 0.00792542 10.1314 
1533317761320 -0.656613 0.0408234 9.94625 
1533317761333 -0.640164 0.0674408 9.80314 
1533317761339 -0.638968 0.0681885 9.68486 
1533317761350 -0.616388 0.0382813 9.67364 
1533317761363 -0.640015 -0.0249725 9.72852 
1533317761369 -0.661099 -0.041272 9.82437 
1533317761380 -0.676501 0.00104675 9.9141 
1533317761393 -0.707904 0.0731232 9.95941 
1533317761398 -0.761288 0.104227 9.93189 
1533317761409 -0.745438 0.0916657 9.90318 
1533317761417 -0.724652 0.0916657 9.84785 
1533317761427 -0.691904 0.0674408 9.75125 
1533317761438 -0.649734 0.0894226 9.67693 
1533317761447 -0.609808 0.114844 9.64508 
1533317761458 -0.622369 0.178845 9.64717 
1533317761467 -0.632538 0.205463 9.69174 
1533317761478 -0.647491 0.272006 9.76501 
1533317761489 -0.612201 0.317017 9.768 
1533317761505 -0.614594 0.39328 9.85323 
1533317761515 -0.621622 0.449356 9.96853 
1533317761518 -0.68024 0.424683 10.0804 
1533317761527 -0.759943 0.366214 10.0862 
1533317761538 -0.78028 0.321054 10.071 
1533317761546 -0.740054 0.266324 10.0554 
1533317761558 -0.689063 0.19679 9.97885 
1533317761574 -0.605472 0.297427 9.98139 
1533317761578 -0.604126 0.424982 9.98109 
1533317761586 -0.611453 0.535788 9.99425 
1533317761596 -0.595154 0.547601 10.0376 
1533317761608 -0.60921 0.479861 10.0116 
1533317761616 -0.573322 0.405243 10.1441 
1533317761625 -0.638968 0.286511 10.2398 
1533317761638 -0.716278 0.223557 10.2417 
1533317761645 -0.697736 0.34812 10.1471 
1533317761655 -0.666782 0.526517 10.0372 
1533317761665 -0.64166 0.536835 10.1957 
1533317761676 -0.571677 0.484198 10.3564 
1533317761693 -0.577808 0.999948 10.356 
1533317761699 -0.111404 0.903796 10.4997 
1533317761704 0.256155 0.63837 10.5614 
1533317761715 0.0916657 0.491376 10.222 
1533317761726 -0.19649 0.537582 9.4948 
1533317761735 0.0252716 0.882562 9.05471 
1533317761754 0.119778 0.678745 8.91819 
1533317761759 0.161349 0.772952 8.9146 
1533317761764 0.0948059 0.565097 8.88992 
1533317761773 0.110657 0.0876282 8.82069 
1533317761786 0.389841 -0.22565 8.95826 
1533317761795 0.534592 -0.41257 8.95019 
1533317761813 0.765176 -0.135779 9.10615 
1533317761820 0.949405 -0.125909 9.51932 
1533317761822 0.919049 -0.22565 9.43947 
1533317761832 0.647491 -0.0971985 9.71237 
1533317761843 0.374139 0.0460571 9.78594 
1533317761852 0.391934 0.057721 9.8649 
1533317761866 0.543414 0.146994 9.75349 
1533317761876 0.659155 0.250772 9.53981 
1533317761884 0.529059 0.336456 9.49495 
1533317761891 0.344531 0.49317 9.51842 
1533317761901 0.24838 0.650632 9.28096 
1533317761911 0.319708 0.761438 9.34496 
1533317761921 0.64794 0.68353 9.13083 
1533317761931 1.23427 0.874786 8.68655 
1533317761941 1.37768 1.77111 8.83355 
1533317761949 0.97677 2.61449 9.45143 
1533317761966 0.637772 2.78556 9.78893 
1533317761969 0.859085 2.6746 10.0286 
1533317761979 1.04451 2.30645 10.0523 
1533317761992 1.14604 1.7895 9.83559 
1533317761999 1.3874 1.58493 9.55341 
1533317762010 1.68303 1.53499 9.27573 
1533317762024 1.88251 1.57955 8.79557 
1533317762030 1.9972 1.63697 8.49021 
1533317762040 1.90703 1.60348 8.31032 
1533317762053 1.77006 1.57312 8.38359 
1533317762059 1.66523 1.67645 8.42935 
1533317762070 1.55951 1.82584 8.30957 
1533317762083 1.9009 2.03549 8.15032 
1533317762089 2.10995 1.97672 8.34098 
1533317762099 1.9498 1.82434 8.66098 
1533317762113 1.63652 1.76931 9.00581 
1533317762118 1.50224 1.8523 9.22743 
1533317762129 1.5003 1.89029 9.38384 
1533317762138 1.65851 1.78815 9.37218 
1533317762148 1.78412 1.54815 9.24746 
1533317762160 1.83346 1.42927 9.17614 
1533317762168 1.78427 1.49506 9.08148 
1533317762178 1.76527 1.70725 9.26451 
1533317762191 1.83944 1.90763 9.47745 
1533317762197 1.64176 1.89627 9.31924 
1533317762207 1.61021 1.87399 9.25539 
1533317762220 1.78711 1.96371 9.49599 
1533317762229 1.61753 1.88759 9.3499 
1533317762238 1.54037 1.94232 9.4945 
1533317762250 1.32683 2.30196 10.2528 
1533317762258 1.03868 2.61868 11.0624 
1533317762269 0.875235 2.47467 12.8143 
1533317762280 0.938788 2.1759 12.9009 
1533317762289 1.25042 2.04162 12.9703 
1533317762299 1.2244 2.18846 13.0719 
1533317762312 1.14141 2.45179 13.5725 
1533317762318 0.858038 2.52357 13.9996 
1533317762327 0.771457 2.2719 14.0228 
1533317762340 1.26866 2.08618 13.753 
1533317762347 1.96431 2.4512 13.5314 
1533317762357 2.29972 3.07775 13.7458 
1533317762370 2.06599 3.39567 14.202 
1533317762387 1.32295 2.05896 14.0527 
1533317762387 1.32295 2.05896 14.0527 
1533317762396 1.17849 1.67166 13.6938 
1533317762412 1.08279 2.0301 13.0298 
1533317762415 1.13378 2.49292 12.5275 
1533317762425 1.39338 2.2571 12.0798 
1533317762442 1.95728 1.79473 11.7648 
1533317762446 2.10487 1.09311 11.9289 
1533317762455 1.69021 0.0339447 12.4315 
1533317762471 1.34119 -1.03599 12.9063 
1533317762476 0.862973 -1.69469 13.2565 
1533317762484 0.250473 -2.18951 13.382 
1533317762502 -0.120975 -2.70511 12.5226 
1533317762506 0.335858 -2.60148 12.4903 
1533317762515 0.568536 -2.63258 11.6372 
1533317762532 0.266025 -1.68961 10.2335 
1533317762536 0.896021 -0.0901703 9.7843 
1533317762545 1.62127 0.449207 8.94974 
1533317762561 1.48011 -0.0171967 8.03248 
1533317762567 1.25969 -0.849365 7.97506 
1533317762574 1.29738 -1.45573 8.83011 
1533317762590 0.987088 -1.73537 9.3499 
1533317762595 0.6771 -1.66972 9.68516 
1533317762602 0.0782074 -1.42538 9.79865 
1533317762620 -0.490479 -1.21304 9.35079 
1533317762627 -0.387299 -1.09401 7.38006 
1533317762627 -0.387299 -1.09401 7.38006 
1533317762635 -0.375635 -1.1595 6.24672 
1533317762646 -0.166284 -0.89946 4.90329 
1533317762654 0.165088 -0.463861 3.68577 
1533317762670 0.466104 -0.184079 2.93779 
1533317762682 0.532349 -0.0731232 2.90803 
1533317762686 0.298474 -0.192752 3.39746 
1533317762694 -0.14176 -0.402701 3.86581 
1533317762710 -0.344531 -0.289801 4.31815 
1533317762714 -0.466852 -0.00134583 4.47726 
1533317762725 -0.360382 0.495563 4.52721 
1533317762740 0.00358887 1.0152 4.19225 
1533317762747 0.402252 1.45349 3.56733 
1533317762755 0.797626 1.85126 3.00044 
1533317762770 1.0813 2.3679 2.78018 
1533317762777 0.850412 1.97866 2.89068 
1533317762782 2.09201 2.28102 4.47292 
1533317762800 3.14953 2.76388 5.9149 
1533317762805 3.97377 3.11917 7.56653 
1533317762813 3.7085 2.68642 9.45263 
1533317762826 2.55782 1.62262 11.5328 
1533317762835 2.02711 1.38979 13.8635 
1533317762842 2.04132 1.58299 15.5844 
1533317762853 1.95638 1.30844 16.6574 
1533317762863 2.08708 0.790149 17.6115 
1533317762875 2.53628 0.245239 18.1553 
1533317762897 3.6744 -0.157761 17.6666 
1533317762897 3.6744 -0.157761 17.6666 
1533317762904 4.00891 -0.536087 17.6006 
1533317762911 4.66328 -0.613696 17.4516 
1533317762921 5.05103 -0.465656 16.882 
1533317762931 5.05761 -0.543414 16.7617 
1533317762941 4.58956 -1.0958 16.8708 
1533317762951 4.31487 -1.45902 16.9075 
1533317762961 4.36062 -1.40429 16.4826 
1533317762970 4.2386 -1.23532 15.5924 
1533317762981 4.03583 -1.13887 14.5378 
1533317762989 3.75919 -1.10552 13.3512 
1533317762998 3.31432 -0.898114 12.1248 
1533317763011 2.80261 -0.549246 10.8913 
1533317763020 2.30345 -0.162845 9.62071 
1533317763032 1.96984 0.209351 8.61523 
1533317763039 1.76378 0.382513 8.11054 
1533317763050 1.41596 0.193649 8.06149 
1533317763059 1.13109 -0.123965 7.98344 
1533317763070 1.09655 -0.360681 7.72534 
1533317763087 1.20182 -0.599191 7.30738 
1533317763092 1.30799 -0.856992 6.71103 
1533317763099 1.68333 -0.992172 6.01285 
1533317763108 1.91825 -1.19659 5.45687 
1533317763119 2.14285 -1.30336 4.93634 
1533317763129 2.31631 -1.18403 4.50119 
1533317763138 2.22973 -0.575265 4.06275 
1533317763149 1.98285 0.0293091 3.29428 
1533317763159 1.79922 0.477768 2.59131 
1533317763176 1.66912 0.766522 2.51445 
1533317763183 1.5791 0.645398 3.37503 
1533317763187 1.56564 0.144751 4.47995 
1533317763197 1.66628 -0.296082 5.44491 
1533317763208 1.84812 -0.545807 5.97143 
1533317763218 1.97776 -0.447412 6.18751 
1533317763231 2.06838 -0.233127 6.03872 
1533317763241 2.08109 0.133685 5.69867 
1533317763246 2.02397 0.868057 5.5448 
1533317763256 1.8529 1.79443 5.9161 
1533317763266 1.42269 2.5149 6.7692 
1533317763277 1.28945 2.89517 7.94485 
1533317763297 0.971237 2.26697 11.1161 
1533317763298 0.971237 2.26697 11.1161 
1533317763305 0.757401 1.28676 12.7975 
1533317763315 0.640314 0.33541 14.2847 
1533317763326 0.436346 -0.536237 15.1399 
1533317763335 0.420197 -1.18582 15.3864 
1533317763345 0.414664 -1.2576 15.1118 
1533317763355 0.430515 -1.12451 14.5669 
1533317763368 0.721063 -0.628799 13.6903 
1533317763381 0.767868 0.255856 12.931 
1533317763390 0.593509 0.962415 12.7496 
1533317763395 0.501993 1.10761 12.493 
1533317763403 0.467899 1.27883 12.218 
1533317763419 0.381467 1.62247 12.5349 
1533317763424 -0.233426 1.35794 13.3277 
1533317763436 -0.706409 1.0641 13.8732 
1533317763445 -1.05991 0.906339 14.3405 
1533317763458 -1.22126 0.445767 14.4102 
1533317763474 -1.45603 -0.752167 14.5086 
1533317763474 -1.45603 -0.752167 14.5086 
1533317763486 -1.67989 -1.53215 15.0082 
1533317763503 -2.26547 -3.36905 14.0302 
1533317763503 -2.26547 -3.36905 14.0302 
1533317763517 -2.24439 -3.08134 12.5201 
1533317763533 -1.61634 -1.38545 8.85239 
1533317763533 -1.61634 -1.38545 8.85239 
1533317763542 -1.18403 -1.00414 7.11777 
1533317763553 -0.782224 -0.690408 5.49605 
1533317763563 -0.329727 -0.345279 4.17131 
1533317763577 0.0548798 -0.261539 3.18736 
1533317763592 0.453394 -0.36113 2.31048 
1533317763592 0.453394 -0.36113 2.31048 
1533317763601 0.439636 -0.21922 2.32424 
1533317763612 0.308194 0.012262 2.70616 
1533317763620 0.045459 0.104526 3.32015 
1533317763630 -0.343335 0.148639 4.11643 
1533317763640 -0.57048 0.159106 5.08094 
1533317763650 -0.472684 -0.0493469 5.87737 
1533317763660 -0.290549 -0.407037 6.43992 
1533317763673 0.0170471 -0.862225 6.91261 
1533317763680 0.32225 -1.35255 7.1408 
1533317763690 0.550742 -1.88042 7.08218 
1533317763700 0.992621 -2.16334 6.85324 
1533317763709 1.30141 -2.22973 6.57495 
1533317763719 1.44601 -1.86815 6.61249 
1533317763729 1.23143 -1.21797 6.82558 
1533317763739 0.807346 -0.477469 7.71128 
1533317763749 0.477618 0.222211 9.22085 
1533317763760 0.299521 0.625809 10.8855 
1533317763775 0.210995 0.703119 12.2463 
1533317763780 0.391336 0.848618 13.4518 
1533317763788 0.572125 0.758597 14.2828 
1533317763798 0.870151 0.354849 14.96 
1533317763810 1.09251 -0.14834 16.0002 
1533317763818 0.890637 -0.592014 17.0737 
1533317763828 0.588275 -0.85415 18.2072 
1533317763840 0.18064 -1.09535 19.4262 
1533317763854 -0.290698 -1.48504 19.8553 
1533317763861 -0.162695 -1.52901 19.108 
1533317763869 0.521283 -0.769214 17.5808 
1533317763880 0.882263 -0.298325 15.292 
1533317763897 1.40983 0.293839 13.4088 
1533317763900 1.86262 1.54396 12.2002 
1533317763909 1.92318 2.3679 11.7298 
1533317763926 1.60931 2.47123 12.3918 
1533317763930 0.773849 1.95862 13.8876 
1533317763940 0.0327484 1.28945 15.5606 
1533317763948 -0.493768 0.651828 16.8962 
1533317763959 -0.603378 -0.0686371 17.492 
1533317763975 -0.528461 -0.713437 17.2097 
1533317763987 -0.0349915 -1.00264 16.0201 
1533317763991 0.458029 -0.980658 14.3199 
1533317764001 1.01789 -0.81886 12.5914 
1533317764009 1.49596 -0.713287 10.8409 
1533317764017 1.84348 -0.762933 9.15176 
1533317764036 2.01335 -0.813925 7.7207 
1533317764047 2.04386 -0.816467 6.45981 
1533317764053 2.08842 -0.711194 5.32737 
1533317764058 2.04221 -0.565845 4.39786 
1533317764075 1.87264 -0.434702 3.67814 
1533317764079 1.6615 -0.30311 3.26976 
1533317764088 1.42284 -0.338101 3.07476 
1533317764098 1.10866 -0.368756 2.81801 
1533317764109 0.805402 -0.171667 2.66473 
1533317764118 0.487189 0.0562256 2.58608 
1533317764128 0.255856 0.16449 2.58892 
1533317764138 -0.0194397 0.244791 2.80246 
1533317764147 -0.175705 0.29025 3.2225 
1533317764159 -0.173013 0.189313 3.94162 
1533317764167 -0.0668427 -0.0587677 4.84841 
1533317764186 0.115442 -1.01356 6.38265 
1533317764186 0.115442 -1.01356 6.38265 
1533317764198 0.368756 -1.19614 6.75829 
1533317764207 0.725101 -1.22859 6.74782 
1533317764225 1.25222 -1.02701 6.36919 
1533317764230 1.69305 -0.627753 5.97262 
1533317764235 1.71174 -0.190509 5.9164 
1533317764245 1.38515 0.373392 6.46878 
1533317764258 0.968546 0.942975 7.81072 
1533317764267 0.599939 1.28481 9.83963 
1533317764285 0.340344 1.34403 12.3025 
1533317764289 -0.0400757 0.821701 14.6566 
1533317764295 -0.177948 0.155817 16.3998 
1533317764304 -0.381018 -0.493021 16.9779 
1533317764315 -0.626257 -0.996957 16.6692 
1533317764324 -0.637473 -1.03987 15.7195 
1533317764334 -0.486142 -0.355298 14.6364 
1533317764345 -0.149088 0.67366 13.6233 
1533317764354 0.00299072 1.57357 13.0523 
1533317764363 0.141013 2.21164 13.2707 
1533317764374 -0.147144 2.14958 13.6839 
1533317764383 -0.489133 1.95204 13.9864 
1533317764393 -0.811832 2.07616 14.3728 
1533317764403 -1.34044 2.01171 14.9835 
1533317764413 -1.70606 1.73058 15.6448 
1533317764422 -1.77455 1.21438 16.1484 
1533317764432 -1.53559 0.307147 16.2721 
1533317764442 -1.21005 -0.882562 16.2541 
1533317764452 -0.982901 -2.11728 15.7921 
1533317764462 -0.69624 -3.06758 14.5095 
1533317764472 -0.276941 -3.25092 12.6214 
1533317764484 0.0287109 -2.75446 10.6507 
1533317764491 0.201874 -2.12117 8.82428 
1533317764501 0.216528 -1.37125 7.3512 
1533317764514 0.237613 -0.552237 6.41794 
1533317764520 0.205463 0.168976 6.01584 
1533317764533 -0.00657959 0.445319 6.11378 
1533317764545 -0.308643 0.586929 6.36097 
1533317764557 -0.495264 0.759195 6.56015 
1533317764560 -0.542517 0.752167 6.52411 
1533317764571 -0.44487 0.569284 6.25181 
1533317764585 -0.214136 0.311633 5.72559 
1533317764591 0.1289 0.104077 5.04355 
1533317764601 0.417804 -0.0275147 4.37498 
1533317764613 0.484198 -0.241052 3.79433 
1533317764620 0.572873 -0.321802 3.35589 
1533317764631 0.549994 -0.229538 3.16134 
1533317764640 0.442477 0.00792542 3.29174 
1533317764649 0.243594 0.105573 3.5935 
1533317764662 0.0318512 0.185873 3.83964 
1533317764670 -0.0142059 0.453094 4.04824 
1533317764679 0.118134 0.732428 4.34642 
1533317764693 0.293689 1.0813 4.71308 
1533317764701 0.502142 1.4825 5.03952 
1533317764709 0.798523 1.86202 5.30375 
1533317764723 1.2558 2.49516 5.79079 
1533317764735 1.76692 3.02138 6.75529 
1533317764738 2.0147 2.98265 8.27847 
1533317764750 1.81058 2.53658 10.2292 
1533317764758 1.53544 2.10756 12.0267 
1533317764768 1.28138 1.72654 12.9953 
1533317764778 1.29394 1.74897 13.5392 
1533317764796 1.24384 1.99556 14.2867 
1533317764797 0.950153 2.24214 15.3455 
1533317764808 0.609808 2.28192 16.5043 
1533317764822 0.386551 1.96341 17.5869 
1533317764828 0.526367 1.4508 18.1704 
1533317764837 0.883459 0.844879 18.1603 
1533317764853 1.42882 0.344681 17.5443 
1533317764857 2.20282 0.326288 16.1489 
1533317764867 2.79962 0.458777 14.2091 
1533317764886 3.43903 0.829178 12.5823 
1533317764887 4.04406 1.58807 10.9407 
1533317764897 4.13452 1.93096 9.96942 
1533317764906 3.65885 1.65477 10.1854 
1533317764916 2.78212 1.0644 11.9234 
1533317764933 1.54336 0.273651 14.2535 
1533317764948 -0.533246 -1.35435 18.7297 
1533317764948 -0.533246 -1.35435 18.7297 
1533317764956 -0.865515 -2.45882 19.7232 
1533317764968 -0.39014 -3.06414 19.021 
1533317764976 0.505731 -2.86182 17.1542 
1533317764991 1.30889 -2.18846 14.8634 
1533317765004 1.70097 -1.32848 12.7032 
1533317765008 1.92737 -0.764877 10.6187 
1533317765014 2.14719 -0.0686371 8.75803 
1533317765031 2.18203 0.566443 7.20944 
1533317765037 2.04266 0.99606 5.9949 
1533317765044 1.82165 1.30695 5.24064 
1533317765061 1.48923 1.54067 4.79951 
1533317765068 1.19225 1.59959 4.58134 
1533317765074 0.975275 1.48041 4.4964 
1533317765091 0.838599 1.26149 4.37588 
1533317765101 0.798224 1.13289 4.00936 
1533317765111 0.88017 0.9509 3.37189 
1533317765114 0.939536 0.672314 2.82504 
1533317765124 0.966302 0.370251 2.34458 
1533317765141 0.861179 0.136227 2.2067 
1533317765156 0.636874 -0.00747681 3.3203 
1533317765156 0.636874 -0.00747681 3.3203 
1533317765164 0.591565 -0.0264679 4.00562 
1533317765174 0.830524 0.0940582 4.43569 
1533317765184 1.321 0.447412 4.59285 
1533317765200 1.69469 0.91561 4.7545 
1533317765215 1.74942 1.57013 5.76103 
1533317765215 1.74942 1.57013 5.76103 
1533317765222 1.36123 1.82404 6.96584 
1533317765234 0.916656 1.94367 8.71302 
1533317765242 0.265427 1.69843 10.4898 
1533317765251 -0.401056 1.10821 11.8567 
1533317765268 -1.22664 0.653473 13.0713 
1533317765272 -1.69275 0.517993 13.8173 
1533317765281 -1.87847 0.56106 14.0262 
1533317765304 -2.46017 0.604724 14.0248 
1533317765304 -2.46017 0.604724 14.0248 
1533317765311 -2.66937 0.82215 13.8218 
1533317765324 -2.7564 1.13872 13.9016 
1533317765330 -2.27026 1.80939 14.2 
1533317765341 -2.12461 2.14584 13.8776 
1533317765352 -1.86128 2.26458 13.0101 
1533317765360 -1.55533 2.73128 12.1477 
1533317765369 -1.58957 2.91192 11.6088 
1533317765382 -1.79339 2.65576 11.5421 
1533317765389 -2.0787 1.88834 11.8805 
1533317765399 -2.40738 0.662744 12.5411 
1533317765413 -2.58099 -0.57377 13.7063 
1533317765419 -2.81292 -1.79742 15.1837 
1533317765429 -3.29578 -3.17914 16.2232 
1533317765442 -3.53294 -4.02417 15.7148 
1533317765449 -3.36681 -3.79059 13.5097 
1533317765459 -3.07297 -2.52327 10.363 
1533317765471 -2.77898 -1.09789 7.41445 
1533317765484 -2.60507 0.117685 5.30121 
1533317765491 -2.59026 0.933105 4.24309 
1533317765505 -2.61359 1.07666 4.31501 
1533317765507 -2.84732 0.682932 4.85349 
1533317765517 -2.87169 0.556723 5.84327 
1533317765527 -2.16125 0.242847 7.20929 
1533317765537 -1.6612 -0.507526 8.32572 
1533317765546 -1.28586 -1.353 9.02899 
1533317765556 -0.586481 -2.015 8.8814 
1533317765566 0.1612 -2.12177 8.04355 
1533317765576 0.492722 -1.82808 6.83978 
1533317765585 0.514255 -1.41985 5.64962 
1533317765597 0.350064 -1.21857 4.73656 
1533317765606 -0.0390289 -0.920395 4.41535 
1533317765619 -0.338251 -0.484497 4.56624 
1533317765633 -0.432159 -0.278885 4.86172 
1533317765638 -0.394925 -0.334811 5.23332 
1533317765645 -0.265128 -0.44487 5.9164 
1533317765658 0.0797028 -0.644351 6.73989 
1533317765666 0.226398 -0.75426 7.63128 
1533317765675 0.396121 -0.638071 8.30539 
1533317765688 0.845477 -0.198883 8.82951 
1533317765696 1.45274 0.229239 9.09389 
1533317765705 2.17665 0.911722 9.35812 
1533317765718 2.658 1.57716 10.0412 
1533317765726 2.48574 1.93589 11.2891 
1533317765734 1.84049 1.92782 12.1021 
1533317765748 1.51136 2.22824 12.6232 
1533317765756 1.40998 2.64888 13.3122 
1533317765768 1.18866 2.33022 14.1044 
1533317765773 1.06993 1.51091 15.1417 
1533317765787 0.728241 0.477768 16.4614 
1533317765793 0.495862 -0.416608 17.4168 
1533317765803 0.597397 -0.545807 17.8784 
1533317765815 0.991724 0.0133087 17.7568 
1533317765823 1.85036 1.0321 17.1866 
1533317765833 2.48963 2.03429 16.0222 
1533317765844 2.80709 2.62227 15.1023 
1533317765852 3.06145 3.25794 14.3677 
1533317765862 3.03199 3.32703 13.9827 
1533317765873 2.44686 2.47617 14.253 
1533317765882 1.86337 1.53843 14.8234 
1533317765892 1.31981 1.00548 15.4516 
1533317765904 0.657809 0.496609 15.6346 
1533317765910 0.406738 0.0601135 15.3971 
1533317765921 0.471936 -0.192752 14.658 
1533317765933 0.759793 -0.455487 13.4871 
1533317765941 1.23367 -0.556274 11.9402 
1533317765951 1.68946 -0.587527 10.0487 
1533317765963 2.09844 -0.428122 8.07181 
1533317765971 2.36731 -0.0586182 6.60441 
1533317765981 2.45807 0.115442 5.72365 
1533317765992 2.12326 0.164938 5.42039 
1533317766000 1.58314 0.243445 5.61897 
1533317766010 0.938937 0.44816 6.11603 
1533317766020 0.333017 0.490778 6.58766 
1533317766031 -0.0269165 0.341989 6.69249 
1533317766040 -0.118582 0.222211 6.51006 
1533317766054 -0.026767 0.0216827 5.94017 
1533317766060 0.125311 -0.16748 5.2061 
1533317766071 0.165088 -0.404047 4.54545 
1533317766080 0.303708 -0.581396 4.06021 
1533317766090 0.38027 -0.628351 3.83755 
1533317766100 0.280679 -0.516647 3.92084 
1533317766114 0.162396 -0.392084 4.36137 
1533317766119 0.133536 -0.498254 4.83809 
1533317766131 0.12561 -0.742746 5.28685 
1533317766143 0.210846 -1.0472 5.58637 
1533317766149 0.423935 -1.29065 6.01718 
1533317766160 0.657361 -1.81417 6.23775 
1533317766173 0.997556 -2.04775 6.22115 
1533317766178 1.12167 -1.68707 6.35035 
1533317766187 1.05049 -1.09879 6.787 
1533317766203 0.807047 -0.277838 7.625 
1533317766207 0.188416 0.334811 9.10017 
1533317766218 -0.906787 0.415561 10.8777 
1533317766228 -1.94502 0.36113 12.336 
1533317766237 -2.5321 0.448758 13.3877 
1533317766247 -2.82264 0.152377 13.8916 
1533317766263 -2.81367 -0.228491 14.2148 
1533317766267 -2.6915 -0.437393 14.2622 
1533317766278 -2.6435 -0.480161 14.051 
1533317766287 -2.54032 -0.166434 13.7551 
1533317766296 -2.45464 0.102133 13.7344 
1533317766319 -2.49695 0.0294586 14.2859 
1533317766319 -2.49695 0.0294586 14.2859 
1533317766326 -2.15646 0.628201 14.3882 
1533317766337 -2.22958 1.17805 14.3049 
1533317766353 -2.65202 0.977817 14.2305 
1533317766359 -2.9653 0.938489 14.4219 
1533317766366 -2.95947 1.51989 14.3342 
1533317766375 -3.04471 1.84288 13.9652 
1533317766386 -3.04755 1.69724 13.8819 
1533317766395 -2.97173 1.01356 13.8717 
1533317766405 -2.86511 0.076712 13.6393 
1533317766416 -2.65098 -0.743195 13.2094 
1533317766425 -2.40215 -1.22709 12.6348 
1533317766434 -2.05702 -1.40998 11.8382 
1533317766446 -1.51675 -1.25984 10.8566 
1533317766455 -0.806747 -0.74798 9.63132 
1533317766466 -0.29653 0.00852356 8.38599 
1533317766473 0.0390289 0.499152 7.17205 
1533317766485 0.242398 0.816168 6.11438 
1533317766502 0.411673 1.1607 5.24648 
1533317766507 0.457431 1.41536 4.68033 
1533317766514 0.409879 1.48579 4.42866 
1533317766525 0.317465 1.305 4.63727 
1533317766535 0.180341 0.887198 5.06165 
1533317766540 0.222958 0.562704 5.30823 
1533317766550 0.316568 0.465656 5.58921 
1533317766564 0.401205 0.359335 5.81068 
1533317766571 0.444272 0.16449 5.85898 
1533317766582 0.542068 0.103928 5.67863 
1533317766595 0.702969 0.205463 5.36954 
1533317766603 0.834412 0.316867 5.03757 
1533317766622 1.1595 0.701324 4.57715 
1533317766622 1.1595 0.701324 4.57715 
1533317766631 1.31577 1.01685 4.66433 
1533317766641 1.37274 1.21588 5.0932 
1533317766651 1.39039 1.23861 5.78062 
1533317766661 1.39039 1.21423 6.48045 
1533317766670 1.48893 1.44168 7.29078 
1533317766681 1.5782 1.73985 8.37133 
1533317766691 1.70501 1.96924 9.38235 
1533317766703 1.87802 2.36506 10.1993 
1533317766712 1.97313 2.74862 10.7708 
1533317766721 2.07855 3.1096 11.4138 
1533317766730 1.84901 3.20605 12.2819 
1533317766742 1.40624 3.16344 13.3684 
1533317766750 0.543863 3.0954 14.7295 
1533317766759 -0.378775 2.96919 16.085 
1533317766772 -1.14649 2.56843 17.4204 
1533317766780 -1.80131 1.71877 18.8689 
1533317766789 -2.07362 0.923236 19.9279 
1533317766806 -1.76154 0.629996 20.0899 
1533317766812 -1.00324 1.0638 19.1916 
1533317766819 0.0983948 1.87444 17.5738 
1533317766829 1.54097 2.4023 15.8804 
1533317766839 2.87453 2.34189 14.1105 
1533317766849 3.50303 1.44108 12.8619 
1533317766860 3.74438 0.575116 12.5915 
1533317766869 3.57945 -0.00074768 13.1101 
1533317766878 2.75535 -0.630444 13.6817 
1533317766888 1.6431 -1.2576 14.0712 
1533317766898 0.687418 -1.55278 14.1575 
1533317766909 0.267221 -1.48729 13.7295 
1533317766918 0.0403748 -1.21064 12.9503 
1533317766927 -0.169424 -1.03972 11.6203 
1533317766940 -0.00029907 -0.416757 9.79761 
1533317766947 0.473132 0.504385 7.9465 
1533317766957 0.965555 1.37633 6.49062 
1533317766969 1.38336 1.98629 5.43504 
1533317766977 1.65925 2.45344 4.85828 
1533317766987 1.78741 2.71199 4.63741 
1533317767001 1.72669 2.51759 4.90374 
1533317767015 1.47577 1.75406 5.53553 
1533317767017 1.18044 0.918152 6.21622 
1533317767027 0.985294 0.0901703 6.73182 
1533317767036 1.09146 -0.792691 6.78505 
1533317767046 1.41805 -1.30186 6.38938 
1533317767056 1.72071 -1.52063 5.71378 
1533317767065 1.98285 -1.6295 4.85634 
1533317767075 2.16962 -1.56131 3.98065 
1533317767091 2.33635 -1.36108 3.30953 
1533317767104 2.44312 -1.20287 3.04246 
1533317767107 2.3362 -1.08922 3.14684 
1533317767115 2.2399 -0.978415 3.69354 
1533317767127 2.10293 -0.923535 4.65222 
1533317767135 1.90569 -0.781625 5.55033 
1533317767145 1.95683 -0.312381 6.19977 
1533317767162 2.08154 0.237164 6.61548 
1533317767165 2.47303 0.915161 7.03134 
1533317767174 2.7395 1.66658 7.57356 
1533317767191 3.02721 2.31288 8.65754 
1533317767194 2.88949 2.3051 10.4455 
1533317767203 2.44581 1.95892 12.371 
1533317767221 1.92573 1.56026 14.2744 
1533317767225 1.24145 1.1296 15.5888 
1533317767233 0.694446 1.10552 16.2809 
1533317767250 0.352606 1.50269 16.3781 
1533317767257 0.0717773 1.67376 15.7725 
1533317767262 -0.0623566 1.82509 15.1328 
1533317767279 -0.16105 1.93993 14.8015 
1533317767284 -0.354401 2.00663 14.5712 
1533317767292 -0.297876 2.30689 14.2477 
1533317767310 -0.245389 2.75161 13.839 
1533317767316 -0.309689 2.9022 13.3745 
1533317767322 -0.440384 3.17091 13.014 
1533317767332 -0.778186 3.48165 12.7348 
1533317767344 -1.36332 3.39552 12.7933 
1533317767353 -1.88102 2.92328 13.1776 
1533317767361 -2.14973 2.21867 13.7669 
1533317767371 -2.42338 1.04286 14.2145 
1533317767382 -2.78182 -0.624463 14.2044 
1533317767390 -2.89367 -1.86815 13.9366 
1533317767401 -2.78765 -2.61255 13.3657 
1533317767411 -2.59341 -2.90937 12.4303 
1533317767420 -2.36327 -2.78033 11.2163 
1533317767430 -2.09201 -2.11534 9.91051 
1533317767440 -1.97851 -1.29274 8.37148 
1533317767449 -1.96969 -0.427972 7.01848 
1533317767462 -2.1605 0.137573 5.94795 
1533317767470 -2.3054 0.461169 5.00797 
1533317767481 -2.22914 0.856992 3.98992 
1533317767493 -2.06255 1.32982 3.26019 
1533317767499 -1.9658 1.64071 2.99162 
1533317767509 -1.871 1.72879 3.01749 
1533317767522 -1.70277 1.72849 3.25675 
1533317767529 -1.61723 1.55204 3.771 
1533317767538 -1.45274 1.11793 4.29064 
1533317767550 -1.19988 0.705661 4.75465 
1533317767566 -0.855945 0.392831 5.11115 
1533317767571 -0.628949 0.119778 5.33201 
1533317767578 -0.427075 -0.0227295 5.55452 
1533317767589 -0.163293 -0.0391785 5.76073 
1533317767598 0.168826 0.0635529 6.00986 
1533317767609 0.400458 0.171518 6.21577 
1533317767626 0.509918 0.374438 6.43289 
1533317767631 0.96062 0.679492 6.83111 
1533317767637 1.54037 1.22186 7.43374 
1533317767647 2.03339 1.75346 8.62136 
1533317767658 2.15362 1.67241 10.018 
1533317767668 2.28327 1.59406 11.3253 
1533317767683 2.22779 1.9489 12.7644 
1533317767691 1.81911 2.48948 14.1252 
1533317767698 1.68662 3.24329 15.6192 
1533317767706 1.18896 3.77953 17.1095 
1533317767719 0.691605 4.07202 18.4897 
1533317767729 0.353653 4.19 19.3646 
1533317767741 -0.102133 4.07935 19.6653 
1533317767750 -0.736316 3.85743 19.267 
1533317767755 -1.113 3.69623 18.2356 
1533317767765 -1.12631 3.59575 16.5584 
1533317767776 -0.679044 3.81975 14.6411 
1533317767793 -0.0681885 4.72101 12.6222 
1533317767798 0.769962 5.33365 10.5439 
1533317767808 1.99586 6.29487 8.92925 
1533317767816 2.76642 6.52546 7.92811 
1533317767826 2.9656 5.38255 7.96459 
1533317767835 2.67101 3.88495 8.55795 
1533317767844 2.16693 2.88979 9.56254 
1533317767853 1.41132 2.15616 10.8339 
1533317767866 0.748578 1.45558 12.0718 
1533317767877 0.508572 0.930713 13.0853 
1533317767894 0.725101 0.176602 13.2818 
1533317767894 0.725101 0.176602 13.2818 
1533317767903 1.34014 0.228043 12.2195 
1533317767914 1.84348 0.560611 10.6673 
1533317767923 2.11803 0.911273 8.98757 
1533317767936 2.3528 1.17715 7.57027 
1533317767954 2.26233 1.34956 5.63377 
1533317767954 2.26233 1.34956 5.63377 
1533317767966 2.1433 1.28302 5.05926 
1533317767983 1.68527 1.31053 5.03413 
1533317767985 1.68527 1.31053 5.03413 
1533317767996 1.38889 1.06395 5.42891 
1533317768013 0.686072 0.713287 5.98997 
1533317768013 0.686072 0.713287 5.98997 
1533317768026 0.49332 0.550442 6.31386 
1533317768037 0.27081 0.363522 6.51125 
1533317768048 0.0765625 0.374588 6.66961 
1533317768050 -0.0070282 0.501544 6.75903 
1533317768062 -0.0575714 0.668277 6.68068 
1533317768071 -0.132788 0.765924 6.58572 
1533317768083 -0.212491 0.836804 6.54953 
1533317768091 -0.366663 0.930115 6.47955 
1533317768101 -0.275894 1.28033 6.48329 
1533317768110 -0.0381317 1.68004 6.28201 
1533317768122 0.310437 2.01231 5.9952 
1533317768130 0.545807 2.33306 6.20515 
1533317768140 0.754559 2.59385 6.83963 
1533317768151 0.723157 2.65681 7.81895 
1533317768160 0.658109 2.69315 8.99565 
1533317768169 0.411823 2.70556 10.1659 
1533317768181 0.0692352 2.59146 11.0062 
1533317768189 -0.194696 2.53299 11.5515 
1533317768199 -0.667978 2.40155 11.9568 
1533317768217 -1.14739 2.2873 12.2422 
1533317768227 -1.26837 2.26487 12.2371 
1533317768230 -1.34089 2.24708 12.3337 
1533317768238 -1.31936 2.1119 12.6446 
1533317768248 -1.12511 1.8526 13.1294 
1533317768259 -1.02956 1.47712 13.7989 
1533317768268 -0.954041 1.16922 14.4963 
1533317768278 -1.02941 0.792542 14.5623 
1533317768290 -1.28227 0.526367 13.9362 
1533317768298 -1.26971 1.28721 13.2227 
1533317768309 -1.43256 1.93799 12.478 
1533317768320 -1.64654 2.22211 11.8277 
1533317768336 -1.77305 2.37344 11.5651 
1533317768349 -2.57322 1.81896 12.2784 
1533317768350 -2.57322 1.81896 12.2784 
1533317768357 -3.21996 1.36631 13.0445 
1533317768368 -3.84831 0.730783 13.9305 
1533317768377 -4.30335 -0.280231 14.8105 
1533317768386 -4.55218 -1.28078 15.0698 
1533317768405 -4.19075 -1.83929 14.3556 
1533317768410 -3.37802 -1.70621 12.6765 
1533317768415 -2.4494 -1.21214 10.6444 
1533317768425 -1.56131 -0.89288 8.5575 
1533317768438 -1.05408 -0.568835 6.54355 
1533317768446 -0.664539 -0.1452 4.72101 
1533317768465 -0.448608 0.365018 3.39806 
1533317768470 -0.540424 0.727643 2.53823 
1533317768475 -0.705362 1.17386 2.19743 
1533317768485 -1.15427 1.50089 2.56888 
1533317768495 -1.70396 1.8366 3.29787 
1533317768505 -2.15766 2.05193 4.07845 
1533317768514 -2.40305 2.18487 4.77903 
1533317768524 -2.35519 2.09904 5.31242 
1533317768535 -2.08199 1.88745 5.56484 
1533317768544 -1.66897 1.64325 5.55497 
1533317768554 -1.20033 1.37633 5.36192 
1533317768564 -0.733325 1.02328 5.02187 
1533317768574 -0.177499 0.82529 4.7243 
1533317768583 0.236716 0.796729 4.46904 
1533317768593 0.418552 1.01774 4.53259 
1533317768602 0.430515 1.39427 4.90763 
1533317768613 0.440085 1.89178 5.63063 
1533317768623 0.488535 2.11414 6.61638 
1533317768632 0.621771 2.36656 7.6715 
1533317768642 0.705362 2.87708 8.84521 
1533317768652 0.668427 3.36651 10.0047 
1533317768662 0.582593 3.8522 11.012 
1533317768671 0.308792 4.38365 12.1685 
1533317768682 -0.103479 4.61169 13.5843 
1533317768692 -0.536835 4.66628 15.0033 
1533317768701 -0.968695 4.71577 16.3951 
1533317768711 -1.41267 4.30799 17.7054 
1533317768722 -1.67316 3.59096 18.7894 
1533317768731 -1.76064 2.71827 19.4552 
1533317768747 -1.66419 1.78785 19.5501 
1533317768756 -1.23831 1.25072 19.236 
1533317768761 -0.570929 1.29797 17.7069 
1533317768771 0.0462067 1.75765 15.2178 
1533317768782 0.390887 2.2571 13.4062 
1533317768791 0.486591 2.68836 12.308 
1533317768800 0.190359 2.48125 11.8771 
1533317768811 -0.431412 1.73342 12.0825 
1533317768820 -0.848169 1.11988 12.6899 
1533317768830 -1.0306 0.810934 13.0913 
1533317768843 -1.13333 0.434702 13.1601 
1533317768850 -1.07128 0.00777588 12.9274 
1533317768860 -0.83172 -0.281876 12.5911 
1533317768877 -0.513507 -0.532797 12.2101 
1533317768882 -0.182135 -0.606219 11.6385 
1533317768890 0.139966 -0.45444 10.8601 
1533317768902 0.287857 -0.125162 10.0188 
1533317768909 -0.0106171 0.206808 9.39999 
1533317768919 -0.667828 0.550143 9.11064 
1533317768932 -1.25595 0.903497 8.98787 
1533317768945 -1.836 1.321 9.26586 
1533317768949 -2.41695 1.60706 9.68172 
1533317768957 -2.75057 1.60138 9.94415 
1533317768967 -2.789 1.31981 9.88942 
1533317768977 -2.47138 0.916357 9.40986 
1533317768990 -1.92767 0.437842 8.62674 
1533317769004 -1.28975 -0.0493469 7.53214 
1533317769007 -0.568686 -0.463263 6.26512 
1533317769017 0.201126 -0.975125 4.94067 
1533317769032 0.78028 -1.11464 3.93041 
1533317769038 1.08459 -1.19076 3.26766 
1533317769047 1.05064 -1.26104 3.20546 
1533317769060 0.760989 -1.20272 3.47223 
1533317769066 0.445169 -0.931909 3.81063 
1533317769075 0.020636 -0.704764 4.13423 
1533317769087 -0.177499 -0.591266 4.41012 
1533317769098 -0.0838898 -0.405392 4.52676 
1533317769107 0.0692352 0.0741699 4.29064 
1533317769116 0.117386 0.945068 4.1411 
1533317769126 -0.139966 1.62112 4.34358 
1533317769140 -0.79314 2.22973 5.09604 
1533317769153 -1.67077 2.89966 6.97437 
1533317769159 -2.41531 3.63552 9.48702 
1533317769166 -3.0963 4.14709 11.75 
1533317769181 -3.22774 4.43928 13.3032 
1533317769188 -3.3212 3.92622 14.2593 
1533317769195 -3.53877 3.18333 14.653 
1533317769210 -3.72345 2.86347 14.6583 
1533317769218 -4.0309 2.94287 14.5261 
1533317769225 -4.30963 3.00194 14.2554 
1533317769241 -4.34388 3.23028 14.3535 
1533317769247 -4.14484 3.31282 15.1175 
1533317769254 -3.44023 3.27095 15.6675 
1533317769270 -2.7093 3.06773 15.1401 
1533317769279 -2.29224 2.50712 14.5077 
1533317769292 -2.00244 2.59355 13.859 
1533317769293 -2.06629 2.7567 13.3135 
1533317769303 -2.42697 2.29987 13.2459 
1533317769313 -2.74818 1.63279 13.6126 
1533317769323 -2.88111 0.989481 14.1078 
1533317769333 -2.95005 0.05802 14.2913 
1533317769349 -2.95723 -0.994565 14.2321 
1533317769371 -2.52492 -3.1748 12.7906 
1533317769372 -2.52492 -3.1748 12.7906 
1533317769372 -2.52492 -3.1748 12.7906 
1533317769384 -2.25829 -3.14759 11.2408 
1533317769391 -1.95803 -2.65068 9.47835 
1533317769406 -1.67555 -2.05522 7.68616 
1533317769422 -1.51495 -0.950003 5.22689 
1533317769422 -1.51495 -0.950003 5.22689 
1533317769431 -1.47159 -0.381915 4.29991 
1533317769444 -1.47816 0.0693848 3.59844 
1533317769451 -1.56445 0.375934 3.11259 
1533317769461 -1.63129 0.563751 2.88351 
1533317769473 -1.71742 0.683231 2.86601 
1533317769481 -1.79952 0.852356 3.02377 
1533317769490 -1.81761 1.06829 3.20112 
1533317769502 -1.839 1.27375 3.46176 
1533317769510 -1.83645 1.43061 3.89766 
1533317769519 -1.88057 1.46725 4.29901 
1533317769532 -1.81671 1.40085 4.63951 
1533317769539 -1.6612 1.35958 4.83525 
1533317769549 -1.42553 1.32534 4.89626 
1533317769565 -1.20152 1.28571 4.98583 
1533317769570 -0.898563 1.34463 4.99944 
1533317769580 -0.560461 1.34059 5.13088 
1533317769593 -0.273053 1.29184 5.3202 
1533317769600 -0.0684875 1.62336 5.69987 
1533317769620 -0.0234772 2.09485 6.48957 
1533317769632 -0.177051 2.09814 9.40119 
1533317769632 0.0179443 2.23631 7.73446 
1533317769640 -0.364569 2.32439 10.9997 
1533317769652 -0.517844 2.90175 12.6297 
1533317769661 -0.926077 3.63044 14.1635 
1533317769670 -1.39203 3.96465 15.6312 
1533317769682 -1.84707 3.99441 16.8787 
1533317769689 -2.13612 3.79642 17.8374 
1533317769701 -2.11923 3.44875 18.4369 
1533317769717 -1.87937 2.91177 18.534 
1533317769719 -1.63787 2.40035 18.4897 
1533317769729 -1.13767 2.22465 18.1517 
1533317769742 -0.458926 2.67266 17.0558 
1533317769749 0.0759644 3.01031 15.3394 
1533317769761 0.924582 3.95583 14.2167 
1533317769772 1.75092 5.10202 13.2561 
1533317769779 1.85515 4.76871 12.5281 
1533317769789 1.38381 3.8193 12.3258 
1533317769800 0.821252 3.50393 12.7969 
1533317769811 -0.0550293 2.90265 14.2074 
1533317769817 -1.22934 1.61006 15.7403 
1533317769828 -2.24843 0.379672 16.919 
1533317769837 -2.82429 -0.775793 17.533 
1533317769847 -2.81756 -1.83376 17.1042 
1533317769858 -2.15287 -2.32828 15.6528 
1533317769867 -1.02238 -1.86711 13.1764 
1533317769876 0.0607117 -1.08623 10.1152 
1533317769886 0.530704 -0.299072 7.2703 
1533317769898 0.737064 0.185425 4.80624 
1533317769906 0.850262 0.829178 3.17749 
1533317769918 1.04137 1.51331 2.32559 
1533317769933 1.05931 2.00558 2.29314 
1533317769937 1.0466 2.07691 3.02826 
1533317769946 1.09804 1.39263 4.13288 
1533317769956 0.810785 0.146994 5.20221 
1533317769966 1.36422 -1.09221 5.82653 
1533317769976 1.96251 -1.85156 5.82144 
1533317769985 2.17097 -1.98046 5.22704 
1533317769995 2.53105 -1.83571 4.94396 
1533317770005 2.24678 -2.15691 4.88819 
1533317770015 1.81372 -2.17321 5.35055 
1533317770025 1.28466 -1.95892 5.93763 
1533317770035 0.841888 -1.53394 6.27588 
1533317770046 0.556424 -1.29438 6.0124 
1533317770055 0.433505 -0.98963 5.65919 
1533317770068 0.468048 -0.24808 5.73561 
1533317770084 0.444421 0.165686 6.11827 
1533317770088 0.367261 0.414215 6.59275 
1533317770096 0.157611 0.572873 7.00936 
1533317770108 0.0952545 0.730484 7.55442 
1533317770119 0.0954041 0.71239 8.92387 
1533317770123 -0.131442 0.308194 10.7192 
1533317770133 -0.449207 -0.185873 12.4519 
1533317770145 -0.787158 -0.619678 13.8144 
1533317770153 -0.899161 -1.16862 14.6916 
1533317770162 -0.958527 -1.89268 15.014 
1533317770176 -0.979761 -2.25411 15.0211 
1533317770182 -1.0309 -2.18442 14.5792 
1533317770192 -1.15965 -1.90674 13.673 
1533317770204 -1.25506 -1.14276 12.8073 
1533317770213 -1.29154 -0.304456 12.1378 
1533317770222 -1.12287 0.544461 11.6287 
1533317770233 -1.31532 1.38231 11.0558 
1533317770241 -1.48445 1.69066 10.8728 
1533317770251 -1.58927 1.97268 10.9577 
1533317770263 -2.047 1.88116 11.5058 
1533317770271 -2.59311 1.31278 12.4158 
1533317770280 -2.95857 0.542068 13.5254 
1533317770293 -3.04829 -0.29653 14.4453 
1533317770300 -3.05024 -1.29124 15.1023 
1533317770310 -3.01375 -2.46196 15.4233 
1533317770322 -2.87408 -3.41092 15.3088 
1533317770330 -2.65726 -3.80569 14.7078 
1533317770339 -2.37493 -3.61922 13.5955 
1533317770352 -2.27639 -2.95603 11.9074 
1533317770359 -2.34413 -2.10009 9.95477 
1533317770372 -2.43475 -1.20945 8.06164 
1533317770380 -2.4328 -0.44173 6.5437 
1533317770390 -2.35295 0.251221 5.59116 
1533317770400 -2.23183 0.752466 5.00004 
1533317770413 -1.9175 1.05991 4.63652 
1533317770419 -1.53095 1.21349 4.47382 
1533317770429 -1.09431 1.10986 4.26417 
1533317770443 -0.729886 0.927124 4.03718 
1533317770449 -0.571677 0.7737 3.77369 
1533317770459 -0.420047 0.785065 3.60935 
1533317770471 -0.390738 0.868655 3.56718 
1533317770478 -0.421841 0.845328 3.77519 
1533317770490 -0.469095 0.713736 4.32294 
1533317770502 -0.472983 0.514853 5.0449 
1533317770507 -0.403299 0.273801 5.786 
1533317770521 -0.300568 -0.0806 6.40792 
1533317770527 -0.150732 -0.241351 7.14364 
1533317770537 0.039328 -0.192453 7.74702 
1533317770547 0.339896 -0.147592 7.99375 
1533317770556 0.557321 0.0146545 7.96624 
1533317770567 0.869104 0.563004 8.02994 
1533317770577 1.17162 1.14246 8.46046 
1533317770587 1.30366 1.33865 9.51274 
1533317770596 1.3062 1.09745 11.0739 
1533317770606 1.33536 0.951498 12.5818 
1533317770616 1.35226 1.03778 13.725 
1533317770626 1.21693 1.16324 14.453 
1533317770636 0.877029 1.15935 14.9493 
1533317770646 0.379822 1.1112 15.555 
1533317770656 -0.200378 1.04167 16.3341 
1533317770666 -0.86716 0.79299 16.919 
1533317770675 -1.33147 0.5159 17.4573 
1533317770686 -1.51136 0.136676 17.758 
1533317770695 -1.31831 -0.347821 17.6587 
1533317770707 -0.729288 -0.750223 16.9125 
1533317770717 -0.0124115 -0.800317 15.3949 
1533317770725 0.546854 -0.42872 13.8855 
1533317770735 1.23083 0.438589 12.4591 
1533317770746 1.79279 1.12242 11.3277 
1533317770754 1.5788 0.930713 11.1277 
1533317770765 0.515152 0.225949 12.1743 
1533317770778 -0.60936 -0.504984 13.8568 
1533317770786 -1.676 -1.31472 15.3856 
1533317770797 -2.18278 -2.29433 16.5698 
1533317770805 -2.18577 -3.09958 17.2672 
1533317770817 -1.78038 -3.66872 17.2429 
1533317770828 -0.950601 -3.96585 16.3241 
1533317770834 0.276044 -3.78117 14.3709 
1533317770855 1.07741 -3.06265 12.0964 
1533317770856 1.77111 -2.25231 9.68217 
1533317770865 2.00438 -1.52691 7.4783 
1533317770877 2.00244 -0.751419 5.81008 
1533317770892 1.85305 0.127405 4.69424 
1533317770896 1.71862 0.763681 4.2057 
1533317770904 1.57417 1.17251 4.29737 
1533317770914 1.41282 1.4016 4.69738 
1533317770924 1.19016 1.46874 5.24378 
1533317770934 1.04855 1.41715 5.59056 
1533317770944 0.955237 1.26283 5.70944 
1533317770958 0.913068 1.03554 5.52656 
1533317770964 1.05303 0.817514 5.06255 
1533317770973 1.26164 0.608612 4.5936 
1533317770986 1.54067 0.429318 3.99217 
1533317770991 1.70396 0.374139 3.45488 
1533317771002 1.76662 0.413467 3.11947 
1533317771015 1.62097 0.548648 3.06041 
1533317771022 1.39727 0.672165 3.41271 
1533317771035 1.0466 0.815421 4.13303 
1533317771045 0.69624 0.899759 5.1252 
1533317771051 0.566293 0.901254 6.33854 
1533317771062 0.545358 0.885254 7.46469 
1533317771074 0.711642 0.82514 8.39974 
1533317771081 0.993967 0.609061 9.51349 
1533317771091 0.780878 -0.128003 10.8734 
1533317771103 0.791046 -0.860281 11.7704 
1533317771111 0.651529 -1.10298 12.2346 
1533317771121 0.372046 -1.17416 12.3698 
1533317771132 -0.0409729 -1.23322 12.2763 
1533317771140 -0.390738 -1.15547 12.1546 
1533317771150 -0.657959 -0.701923 12.3526 
1533317771162 -0.907236 -0.245389 12.8129 
1533317771170 -1.03868 -0.180341 13.3356 
1533317771180 -0.984995 -0.349765 13.7753 
1533317771190 -0.720615 -0.701474 14.1685 
1533317771200 -0.289053 -0.757251 14.5061 
1533317771209 -0.436646 -0.765176 14.0009 
1533317771222 -0.720016 -0.436496 13.782 
1533317771229 -1.18029 0.150882 13.6815 
1533317771239 -1.74314 0.588126 13.3421 
1533317771251 -2.45 0.915909 13.0632 
1533317771259 -3.01091 1.04944 13.2523 
1533317771268 -3.2732 0.774149 13.6495 
1533317771282 -3.43006 0.321951 14.3151 
1533317771288 -3.58558 -0.415411 15.2018 
1533317771298 -3.62072 -1.44871 16.002 
1533317771312 -3.23701 -2.44955 15.9391 
1533317771318 -2.38062 -2.74414 14.7712 
1533317771328 -1.18298 -2.25829 12.5577 
1533317771338 -0.00927124 -1.69963 10.1018 
1533317771347 0.901852 -1.29618 7.59973 
1533317771358 1.26149 -0.874637 5.42622 
1533317771372 1.34986 -0.299371 3.66453 
1533317771377 1.11419 0.0586182 2.65486 
1533317771388 0.626257 0.338699 2.34951 
1533317771407 -0.403748 0.91561 3.25705 
1533317771408 -0.403748 0.91561 3.25705 
1533317771418 -0.789401 0.861627 3.96002 
1533317771432 -1.01924 0.882263 4.55502 
1533317771436 -1.13124 0.992471 4.87563 
1533317771448 -1.05797 1.12496 4.93409 
1533317771456 -0.809888 1.16399 4.96206 
1533317771466 -0.552087 1.03329 4.79039 
1533317771484 -0.1935 0.879871 4.48578 
1533317771497 0.531152 0.615939 3.88973 
1533317771497 0.531152 0.615939 3.88973 
1533317771505 0.821552 0.521283 3.78057 
1533317771523 1.17849 0.83486 4.05976 
1533317771524 1.49058 1.20601 4.91136 
1533317771536 1.73073 1.39996 5.92133 
1533317771544 2.16125 2.03653 7.12465 
1533317771555 2.43086 2.88964 8.43339 
1533317771565 2.60477 3.42827 9.86355 
1533317771575 2.51774 3.36426 11.5478 
1533317771586 2.45568 2.79498 13.3063 
1533317771594 2.46301 2.32544 14.7425 
1533317771624 2.76866 2.33217 17.3348 
1533317771624 2.76866 2.33217 17.3348 
1533317771624 2.76866 2.33217 17.3348 
1533317771634 2.27086 2.27669 17.9647 
1533317771645 1.74883 2.12177 18.7566 
1533317771654 1.85051 1.63847 19.4952 
1533317771663 2.34054 1.00249 18.7288 
1533317771674 3.01375 0.257202 17.1732 
1533317771684 3.7233 0.499451 15.8537 
1533317771697 3.8857 0.793588 14.6686 
1533317771707 3.53982 0.319708 13.9288 
1533317771714 2.76836 -0.204715 13.6791 
1533317771732 1.78008 -0.798373 14.111 
1533317771742 0.85415 -1.40489 15.1211 
1533317771742 -0.13533 -2.27534 16.0499 
1533317771752 -1.00473 -2.84014 16.3673 
1533317771765 -1.56101 -2.83894 15.8861 
1533317771774 -1.52123 -2.47183 14.812 
1533317771788 -0.946564 -1.95249 13.1015 
1533317771797 -0.24509 -1.26597 11.0702 
1533317771801 0.318661 -1.04421 8.96708 
1533317771811 0.659155 -0.805103 6.89122 
1533317771824 0.933405 -0.538779 5.01514 
1533317771831 0.917703 -0.334064 3.59006 
1533317771840 0.86402 -0.099292 2.89831 
1533317771853 0.658856 -0.00388794 2.98145 
1533317771860 0.394028 -0.144901 3.66887 
1533317771872 0.0349915 -0.488983 4.60242 
1533317771882 0.0053833 -0.885403 5.27115 
1533317771890 0.108563 -1.16534 5.7706 
1533317771900 0.222061 -1.25745 6.07805 
1533317771912 0.242697 -1.3877 6.09898 
1533317771919 0.427823 -1.53394 5.8041 
1533317771929 0.614594 -1.62576 5.415 
1533317771942 0.822897 -1.67286 5.03533 
1533317771949 0.962863 -1.59002 4.72175 
1533317771958 1.0493 -1.38037 4.4795 
1533317771971 1.0312 -1.19943 4.40399 
1533317771985 1.00952 -0.824841 4.63039 
1533317771989 1.08384 -0.518143 4.87951 
1533317771997 1.26418 -0.195892 4.99929 
1533317772008 1.60632 0.291895 5.31646 
1533317772017 1.79324 0.715979 5.98354 
1533317772031 1.88969 0.64465 7.02954 
1533317772037 1.86397 0.3867 8.42337 
1533317772047 1.73507 0.320456 9.87238 
1533317772061 1.32265 0.278436 11.3535 
1533317772067 0.542068 -0.101386 13.1559 
1533317772077 -0.284567 -0.810486 15.0326 
1533317772093 -0.815271 -1.16354 16.3279 
1533317772106 -1.28123 -1.20287 16.9438 
1533317772110 -1.5806 -1.08713 17.0764 
1533317772116 -1.70576 -0.797028 16.7047 
1533317772126 -1.73567 -0.46102 16.1774 
1533317772137 -1.73686 -0.214435 15.8112 
1533317772152 -1.4677 0.0447113 15.3276 
1533317772156 -1.39786 0.518442 14.1256 
1533317772168 -1.52736 0.896021 13.1243 
1533317772181 -1.72998 1.39682 12.9166 
1533317772193 -2.24708 1.58733 13.0262 
1533317772200 -2.77195 1.45334 13.244 
1533317772205 -3.1108 1.06141 13.5898 
1533317772214 -3.32688 0.455637 13.6328 
1533317772225 -3.37413 -0.593808 13.471 
1533317772241 -3.39118 -1.68572 13.4058 
1533317772254 -2.81577 -2.87438 12.6047 
1533317772254 -2.81577 -2.87438 12.6047 
1533317772264 -1.94532 -2.75745 11.5979 
1533317772274 -1.17745 -2.50024 10.4158 
1533317772284 -0.484198 -2.40499 9.17329 
1533317772301 0.165985 -2.28506 7.94261 
1533317772315 0.520984 -1.66284 5.60088 
1533317772315 0.520984 -1.66284 5.60088 
1533317772323 0.446066 -1.27913 4.76213 
1533317772334 0.066095 -1.02462 4.14155 
1533317772342 -0.337204 -0.498553 3.63507 
1533317772352 -0.650482 0.0203369 3.31432 
1533317772364 -0.933105 0.419748 3.45114 
1533317772372 -1.20033 0.606818 3.99426 
1533317772391 -1.3213 0.650931 4.65013 
1533317772403 -1.02672 0.347821 5.94795 
1533317772403 -1.02672 0.347821 5.94795 
1533317772412 -0.613547 -0.116489 6.31476 
1533317772423 -0.00418701 -0.566592 6.37308 
1533317772431 0.457281 -1.09206 6.12889 
1533317772445 0.846973 -1.25386 5.63138 
1533317772461 1.42957 -0.783121 4.74702 
1533317772461 1.42957 -0.783121 4.74702 
1533317772481 1.59361 -0.0245239 5.12625 
1533317772481 1.59361 -0.0245239 5.12625 
1533317772490 1.57731 0.260043 6.33345 
1533317772500 1.46874 0.194696 7.70231 
1533317772513 1.44347 0.468347 9.07699 
1533317772520 1.29498 0.955985 10.6367 
1533317772530 1.13004 1.1764 12.1464 
1533317772541 0.994415 1.10492 13.0458 
1533317772551 1.13827 1.09371 13.184 
1533317772560 1.25222 1.30246 13.1659 
1533317772573 1.13453 1.1106 13.2034 
1533317772579 0.903198 0.636575 13.6881 
1533317772589 0.533246 0.0502441 15.0356 
1533317772601 0.155518 -0.544611 17.2526 
1533317772609 -0.247632 -1.18971 19.7116 
1533317772619 -0.0952545 -1.78875 21.1269 
1533317772629 0.324643 -2.37104 20.7434 
1533317772638 1.39771 -1.94218 19.3284 
1533317772648 2.34024 -1.17296 17.3266 
1533317772661 2.61225 -1.11958 15.4987 
1533317772668 2.24065 -1.15846 13.9647 
1533317772678 1.65237 -0.958676 12.8543 
1533317772691 1.0321 -0.423486 12.215 
1533317772698 0.578705 0.343185 12.1929 
1533317772709 0.0873291 1.09535 13.0802 
1533317772721 -0.684427 1.37753 13.7388 
1533317772728 -0.635678 1.61918 14.2101 
1533317772737 -0.443375 1.63264 14.3042 
1533317772752 -0.0961517 1.3391 13.9872 
1533317772757 0.246884 0.87045 12.9352 
1533317772766 0.58678 0.646146 11.4809 
1533317772781 0.971686 0.532498 10.0092 
1533317772790 1.24175 0.231931 8.5925 
1533317772797 1.29947 -0.102731 7.15291 
1533317772808 1.34388 -0.171518 6.08253 
1533317772818 1.23367 -0.213986 5.35638 
1533317772828 1.0635 -0.417056 4.9821 
1533317772837 0.854001 -0.723605 4.97342 
1533317772846 0.66095 -1.01296 5.28177 
1533317772857 0.583789 -1.20272 5.61164 
1533317772866 0.47403 -1.22336 5.76851 
1533317772875 0.384308 -1.24564 5.74264 
1533317772887 0.347821 -1.2573 5.50757 
1533317772894 0.267969 -1.13797 5.1575 
1533317772904 0.0675903 -0.856393 4.84377 
1533317772916 -0.066394 -0.648688 4.51779 
1533317772930 -0.113947 -0.4353 4.22335 
1533317772945 -0.195892 -0.114993 4.09146 
1533317772949 -0.370102 0.343933 4.30245 
1533317772953 -0.460721 0.743195 4.90284 
1533317772963 -0.523376 0.900955 5.44267 
1533317772976 -0.505133 1.08025 6.02137 
1533317772983 -0.342886 1.23427 6.46624 
1533317772993 -0.279932 1.2884 7.11358 
1533317773005 -0.462366 1.26792 8.09559 
1533317773014 -0.703867 1.32295 9.18002 
1533317773023 -0.927423 1.6594 10.4659 
1533317773036 -1.3554 1.74165 11.6477 
1533317773043 -1.86531 1.63652 12.2904 
1533317773053 -2.00722 1.73492 12.4845 
1533317773063 -2.09291 1.73312 12.54 
1533317773073 -2.1602 1.38246 12.7662 
1533317773083 -2.14166 0.875235 13.0491 
1533317773095 -1.86427 0.519489 13.5732 
1533317773103 -1.41401 0.25481 14.3173 
1533317773112 -1.18777 0.166733 14.5017 
1533317773124 -1.30201 0.337054 14.7227 
1533317773133 -1.15876 1.3231 14.9225 
1533317773141 -1.26552 2.21956 14.8178 
1533317773158 -1.51286 2.46002 14.5991 
1533317773161 -1.65611 2.33366 14.1467 
1533317773171 -1.68961 2.02711 13.7303 
1533317773184 -1.99586 1.32698 13.932 
1533317773191 -2.33845 0.0997406 14.8147 
1533317773201 -2.59655 -1.42209 15.8419 
1533317773210 -2.70974 -2.80694 16.2019 
1533317773220 -2.58772 -3.72838 15.6895 
1533317773233 -2.04027 -3.7728 14.4875 
1533317773240 -1.32549 -3.1754 12.7644 
1533317773250 -0.730484 -2.44342 10.7321 
1533317773260 -0.28382 -1.76931 8.66382 
1533317773270 -0.026767 -1.18851 6.65421 
1533317773279 0.0361877 -0.468945 5.16812 
1533317773293 0.0400757 0.269016 4.27255 
1533317773300 -0.144153 0.750522 3.82947 
1533317773309 -0.411972 0.968695 3.64539 
1533317773322 -0.593808 1.03928 3.63642 
1533317773329 -0.706259 1.06589 3.78895 
1533317773339 -0.85415 1.04047 3.97482 
1533317773357 -0.952097 1.01984 4.30529 
1533317773367 -0.923236 0.885852 4.72295 
1533317773370 -0.811981 0.563602 5.01664 
1533317773379 -0.534741 0.334064 5.08064 
1533317773388 -0.262436 0.255408 4.96849 
1533317773398 -0.0124115 0.31582 4.80654 
1533317773413 0.169275 0.596201 4.58373 
1533317773413 0.169275 0.596201 4.58373 
1533317773421 0.110657 0.918152 4.73596 
1533317773430 0.0928619 1.42224 5.13492 
1533317773442 0.150732 1.98973 5.76701 
1533317773450 0.329727 2.6124 6.448 
1533317773460 0.600986 3.20875 7.33056 
1533317773471 0.97677 3.58049 8.40617 
1533317773484 1.2241 3.70446 9.74721 
1533317773488 1.35151 3.56524 10.8816 
1533317773501 1.21035 3.33331 11.6964 
1533317773509 1.1456 3.4486 12.4106 
1533317773519 0.998303 3.52083 12.8791 
1533317773536 0.649734 3.48255 13.484 
1533317773546 0.282025 3.51679 14.303 
1533317773549 -0.208752 3.32748 15.0426 
1533317773558 -0.698782 2.96396 15.8333 
1533317773568 -1.0626 2.36641 16.6948 
1533317773578 -0.765924 1.66823 17.0387 
1533317773587 0.187668 1.76587 16.0962 
1533317773598 0.959723 2.0633 14.7387 
1533317773607 1.97089 3.01285 13.7192 
1533317773618 2.5469 4.20944 13.0168 
1533317773629 2.45927 4.6745 12.6228 
1533317773637 1.68004 4.35045 12.6469 
1533317773647 0.558817 3.95448 13.3557 
1533317773660 -0.504086 3.83097 14.7948 
1533317773669 -1.53514 3.39507 16.5018 
1533317773676 -2.31975 2.51744 18.0027 
1533317773695 -2.8705 1.2075 18.5767 
1533317773701 -2.57307 -0.0560761 17.9161 
1533317773706 -1.75825 -0.830075 16.1435 
1533317773717 -0.779681 -0.985144 13.7071 
1533317773727 0.256454 -0.71254 10.9854 
1533317773737 1.06649 -0.340344 8.52042 
1533317773754 1.66254 -0.113049 6.41869 
1533317773759 1.92348 0.182285 4.88475 
1533317773766 1.70501 0.541022 4.09639 
1533317773776 1.35689 0.742896 4.03075 
1533317773787 0.926675 0.756055 4.37378 
1533317773797 0.512759 0.621323 4.7536 
1533317773811 0.419449 0.598743 5.13163 
1533317773819 0.330923 0.453992 5.31631 
1533317773825 0.273203 0.16449 5.26666 
1533317773835 0.380719 -0.0800018 5.11458 
1533317773847 0.465656 -0.178696 4.87189 
1533317773855 0.495712 -0.243445 4.61857 
1533317773866 0.560013 -0.300418 4.31277 
1533317773877 0.652127 -0.294437 4.22544 
1533317773885 0.627454 -0.17092 4.31905 
1533317773906 0.434552 0.200378 4.90075 
1533317773906 0.434552 0.200378 4.90075 
1533317773915 0.416608 0.269763 5.33545 
1533317773924 0.446814 0.299969 5.62121 
1533317773934 0.590668 0.370102 5.84178 
1533317773944 0.809589 0.564798 6.0782 
1533317773955 1.15891 0.718671 6.40553 
1533317773963 1.66269 1.00967 6.92636 
1533317773972 1.89388 0.985294 7.70291 
1533317773980 2.0802 0.84144 8.93075 
1533317773991 1.98734 0.99277 10.4348 
1533317774002 1.51017 1.32997 11.6481 
1533317774011 0.865366 1.53125 12.5881 
1533317774021 0.307297 1.21079 13.1577 
1533317774033 -0.237613 0.857889 13.3756 
1533317774052 -1.35839 0.666632 14.0772 
1533317774052 -1.35839 0.666632 14.0772 
1533317774062 -1.8369 0.578256 14.3915 
1533317774071 -1.93619 0.425131 14.6438 
1533317774081 -1.76871 0.559564 14.9662 
1533317774091 -1.24354 1.02716 15.1023 
1533317774101 -0.824094 1.7726 14.2459 
1533317774110 -0.628351 2.4165 13.2333 
1533317774120 -0.597696 3.01674 12.4006 
1533317774131 -0.903796 3.32912 11.7417 
1533317774140 -1.11629 3.66079 11.1914 
1533317774150 -1.46486 3.55178 11.0977 
1533317774161 -2.2565 2.58279 11.7706 
1533317774170 -2.96216 0.998901 13.3504 
1533317774180 -3.53773 -0.695792 15.3953 
1533317774191 -3.98873 -2.04805 16.9857 
1533317774199 -4.36481 -3.10661 17.7081 
1533317774210 -4.31412 -3.5784 16.8439 
1533317774220 -3.7556 -3.43769 14.5602 
1533317774229 -2.76492 -2.29942 11.77 
1533317774238 -1.99362 -1.08219 8.95318 
1533317774250 -1.54261 -0.200378 6.8006 
1533317774258 -1.32085 0.650034 5.37388 
1533317774268 -1.18358 1.52781 4.51674 
1533317774284 -1.22455 2.18278 4.14245 
1533317774296 -1.31353 2.52013 4.174 
1533317774298 -1.39861 2.62077 4.55711 
1533317774308 -1.62007 2.50518 4.99346 
1533317774318 -1.66852 2.2411 5.2882 
1533317774327 -1.61903 1.80206 5.49515 
1533317774337 -1.42882 1.23562 5.71497 
1533317774347 -1.04047 0.757849 5.71273 
1533317774357 -0.604126 0.460272 5.48708 
1533317774366 -0.300867 0.255707 5.18277 
1533317774376 -0.00299072 0.3224 4.98105 
1533317774386 0.0611603 0.413318 4.83645 
1533317774396 0.0957031 0.420047 4.61528 
1533317774406 0.199033 0.537582 4.41655 
1533317774416 0.161649 0.905292 4.4822 
1533317774426 0.0651977 1.25536 4.76661 
1533317774442 0.218622 1.31756 5.02621 
1533317774446 0.458926 1.40609 5.40304 
1533317774455 0.589771 1.78711 6.05935 
1533317774467 0.691156 2.02098 7.15381 
1533317774476 0.679193 1.92139 8.53163 
1533317774487 0.792841 2.0473 10.1478 
1533317774502 0.859085 2.46495 11.7162 
1533317774507 0.807794 2.63587 13.401 
1533317774515 0.662595 2.50189 14.9476 
1533317774525 0.372943 2.65098 16.0858 
1533317774537 0.0148041 3.08643 16.8897 
1533317774544 -0.369504 3.36277 17.4311 
1533317774555 -0.398215 3.28322 17.8468 
1533317774565 -0.14819 2.82803 18.1459 
1533317774573 0.236865 2.3374 18.1399 
1533317774585 0.81572 2.08259 18.0719 
1533317774595 1.61828 2.26218 17.2919 
1533317774612 2.29239 2.28521 16.0126 
1533317774625 3.09061 2.87543 13.6419 
1533317774625 3.09061 2.87543 13.6419 
1533317774633 2.62899 3.05801 13.0766 
1533317774642 1.7886 2.84029 13.2819 
1533317774652 1.09879 2.47333 14.1152 
1533317774663 0.236865 2.05253 15.1429 
1533317774677 -0.682782 1.62591 15.8955 
1533317774682 -1.27121 1.28302 16.2025 
1533317774694 -1.24474 1.02447 16.1551 
1533317774703 -1.23741 0.629996 15.8543 
1533317774712 -1.09281 0.284717 14.8669 
1533317774725 -0.708652 0.417505 13.2543 
1533317774733 -0.110806 0.774149 11.3284 
1533317774741 0.35141 0.866861 9.53846 
1533317774752 0.49332 0.575864 7.92646 
1533317774761 0.591266 0.403299 6.5268 
1533317774771 0.649734 0.28053 5.50054 
1533317774782 0.624463 0.120227 4.87174 
1533317774791 0.520236 -0.0448608 4.56683 
1533317774801 0.437692 -0.137274 4.41535 
1533317774811 0.336307 -0.183032 4.3696 
1533317774820 0.172864 -0.205463 4.25415 
1533317774831 0.0707306 -0.260791 4.31367 
1533317774841 0.093161 -0.285764 4.3847 
1533317774850 0.134882 -0.350363 4.32339 
1533317774860 0.225351 -0.371298 3.96181 
1533317774870 0.360681 -0.368308 3.45159 
1533317774881 0.455038 -0.426178 2.91446 
1533317774889 0.489432 -0.396869 2.29523 
1533317774900 0.47074 -0.224304 1.70307 
1533317774911 0.295035 0.12905 1.5302 
1533317774919 -0.043515 0.494366 1.89702 
1533317774929 -0.411972 0.776093 2.80051 
1533317774941 -0.662894 1.00085 3.73736 
1533317774948 -0.611752 1.24055 4.65775 
1533317774957 -0.410327 1.26567 5.46599 
1533317774970 0.0634033 1.12332 5.88544 
1533317774977 0.7254 1.10761 6.16463 
1533317774987 1.31966 1.13902 6.32299 
1533317775001 1.80939 1.34089 6.44964 
1533317775008 1.77081 1.82793 6.82917 
1533317775017 1.32803 2.49845 7.94082 
1533317775029 0.62207 3.0939 9.81062 
1533317775042 -0.430365 3.45937 12.4139 
1533317775047 -1.62351 3.44412 15.3807 
1533317775057 -2.54002 2.90937 17.8576 
1533317775067 -2.82175 2.3045 19.6416 
1533317775077 -2.63946 1.6274 20.4383 
1533317775092 -1.96117 0.833963 20.205 
1533317775098 -1.27584 0.694147 18.6481 
1533317775105 -1.07412 1.25147 16.6334 
1533317775116 -0.760989 2.53539 15.4351 
1533317775126 -1.24205 3.58049 14.5615 
1533317775135 -1.76527 4.07157 14.3272 
1533317775145 -2.15601 3.97841 14.9476 
1533317775157 -2.37194 3.40912 16.052 
1533317775165 -2.70182 2.29717 17.2496 
1533317775178 -3.22774 0.840543 18.1619 
1533317775187 -3.60233 -0.498853 18.7442 
1533317775195 -3.76667 -1.51944 18.7668 
1533317775206 -3.65646 -2.30345 18.0862 
1533317775216 -3.29353 -2.53195 16.6725 
1533317775225 -2.83356 -2.28028 14.7486 
1533317775239 -2.32484 -1.80834 12.8166 
1533317775253 -1.93515 -1.3542 10.9908 
1533317775256 -1.56968 -1.02791 9.30952 
1533317775264 -1.21184 -0.442029 7.79233 
1533317775276 -0.897366 0.0885254 6.54101 
1533317775288 -0.691904 0.54476 5.74054 
1533317775294 -0.667529 0.772803 5.28251 
1533317775309 -0.771158 0.900058 4.99226 
1533317775316 -0.932956 0.907385 4.89477 
1533317775323 -0.956433 0.9186 4.79817 
1533317775338 -0.775046 1.08264 4.51674 
1533317775345 -0.627304 1.24773 4.158 
1533317775352 -0.557471 1.23756 3.89063 
1533317775368 -0.494815 1.21079 3.55313 
1533317775378 -0.434253 1.31652 3.23447 
1533317775382 -0.419449 1.49252 2.97652 
1533317775398 -0.340793 1.62097 2.79393 
1533317775408 -0.310138 1.66269 2.66294 
1533317775419 -0.297278 1.77754 2.72395 
1533317775428 -0.285464 1.81761 2.9161 
1533317775434 -0.352606 1.93231 3.20785 
1533317775441 -0.422739 1.95728 3.66423 
1533317775450 -0.272455 1.82943 4.09086 
1533317775462 -0.126508 1.82957 4.60197 
1533317775470 0.123218 2.00289 5.12445 
1533317775482 0.334213 2.00005 5.86271 
1533317775490 0.469843 1.91496 6.56703 
1533317775499 0.766821 1.96834 6.96061 
1533317775510 1.23188 2.27145 7.18835 
1533317775519 1.72669 2.66952 7.5583 
1533317775529 2.05881 3.0613 8.09454 
1533317775539 2.13717 3.34617 8.9611 
1533317775549 1.99197 3.54161 10.194 
1533317775559 1.75331 3.51709 11.6785 
1533317775570 1.42732 3.23716 13.302 
1533317775579 1.0158 2.96725 15.0813 
1533317775589 0.447412 2.57905 16.7098 
1533317775600 0.0989929 2.11803 17.9203 
1533317775610 0.408383 2.4823 18.4368 
1533317775618 1.19599 3.3188 17.1143 
1533317775630 1.98689 3.77818 15.1628 
1533317775638 2.43549 4.24608 13.2601 
1533317775648 2.3226 4.95503 11.8474 
1533317775660 1.43226 5.49201 12.2516 
1533317775668 0.0593658 4.77663 14.7721 
1533317775678 -1.65058 3.32598 17.8862 
1533317775690 -2.95753 1.80999 20.3389 
1533317775699 -3.20157 0.540424 21.916 
1533317775713 -2.65367 -0.61893 22.0315 
1533317775724 -1.50329 -1.37678 20.8269 
1533317775729 -0.288605 -2.01066 18.5293 
1533317775737 0.833365 -1.83974 15.8571 
1533317775749 1.70127 -1.25266 13.5175 
1533317775757 2.13553 -1.02253 11.371 
1533317775766 2.17829 -0.573172 9.54355 
1533317775779 2.04536 -0.235669 8.31466 
1533317775786 1.84139 -0.0372345 7.64175 
1533317775796 1.40265 -0.212042 7.54933 
1533317775807 1.04167 -0.742148 7.74014 
1533317775818 0.876431 -1.10118 8.02007 
1533317775826 0.74469 -1.24623 8.19084 
1533317775837 0.652576 -1.33326 8.2031 
1533317775848 0.488235 -1.34538 8.38808 
1533317775855 0.423038 -1.21408 8.48797 
1533317775867 0.26767 -1.05677 8.58083 
1533317775877 -0.13877 -0.858786 8.50262 
1533317775885 -0.473282 -0.545657 8.41036 
1533317775896 -0.789401 -0.252118 8.36834 
1533317775912 -1.05423 -0.119778 8.12729 
1533317775915 -1.19554 -0.0714783 7.61767 
1533317775924 -1.11285 -0.0666931 7.09743 
1533317775934 -1.033 -0.208752 6.47656 
1533317775943 -0.872543 -0.249277 5.85494 
1533317775953 -0.682184 -0.12247 5.41396 
1533317775962 -0.672913 0.0189911 5.20984 
1533317775972 -0.791794 0.231332 5.18636 
1533317775987 -0.974228 0.377728 5.24707 
1533317776002 -1.1441 0.349316 5.41186 
1533317776006 -1.23965 0.254211 5.68237 
1533317776013 -1.18403 0.176303 6.01225 
1533317776023 -0.992172 0.0185425 6.51978 
1533317776033 -1.02866 -0.41601 6.79402 
1533317776042 -1.08743 -0.864169 7.06498 
1533317776052 -1.16534 -0.9672 7.37632 
1533317776064 -1.23965 -0.80929 7.98822 
1533317776072 -1.28661 -0.776392 8.8177 
1533317776083 -1.56684 -0.9189 9.83439 
1533317776094 -1.71996 -0.930115 10.8137 
1533317776102 -1.76378 -0.708801 11.4446 
1533317776112 -1.66972 -0.263333 11.7488 
1533317776124 -1.15591 0.627753 12.1613 
1533317776132 -0.497656 2.02322 12.2777 
1533317776145 -0.0816467 2.80156 11.8856 
1533317776155 -0.203668 2.48963 11.6972 
1533317776162 -0.880469 2.03668 12.0261 
1533317776171 -1.36452 2.30061 12.4016 
1533317776185 -1.39263 3.02377 12.7348 
1533317776190 -1.44108 2.78347 13.2852 
1533317776200 -1.57402 2.65576 14.0568 
1533317776212 -1.6277 2.01365 14.6242 
1533317776220 -1.49237 0.962415 14.6803 
1533317776230 -1.1275 -0.0707306 14.1318 
1533317776241 -0.241501 -0.372195 13.4297 
1533317776250 0.23866 -0.409579 12.333 
1533317776260 0.356195 -0.423187 11.4277 
1533317776271 0.390588 -0.173013 10.9288 
1533317776280 0.149536 0.240305 10.8065 
1533317776289 -0.255707 0.593509 11.1001 
1533317776299 -0.600537 1.03898 11.8083 
1533317776309 -1.36437 1.37214 12.0848 
1533317776319 -1.72161 1.2733 12.0408 
1533317776334 -1.25431 1.20915 11.9292 
1533317776345 -0.886749 1.02731 10.9336 
1533317776350 -0.669174 0.684277 9.53532 
1533317776358 -0.378177 0.616687 8.40513 
1533317776368 0.0966003 0.628351 7.60272 
1533317776378 0.388794 0.821701 7.05601 
1533317776390 0.454739 1.00279 6.86461 
1533317776398 0.348868 1.06216 7.07321 
1533317776408 -0.0946564 0.991724 7.38634 
1533317776421 -0.435001 0.912769 7.83225 
1533317776428 -0.748578 0.861627 8.42262 
1533317776438 -1.17416 0.695642 9.03109 
1533317776447 -1.28781 0.62222 9.2026 
1533317776457 -1.18418 0.708353 8.90981 
1533317776468 -0.906787 0.589023 8.57904 
1533317776481 -0.706558 0.363672 8.55661 
1533317776485 -0.599341 0.281128 8.49305 
1533317776497 -0.56106 0.356793 8.42845 
1533317776511 -0.632837 0.471786 8.30464 
1533317776515 -0.516946 0.72869 8.24423 
1533317776525 -0.342139 0.91217 8.32438 
1533317776541 -0.229239 1.07068 8.76536 
1533317776546 -0.0201874 1.13797 9.6068 
1533317776555 0.343335 0.837552 10.5523 
1533317776565 0.560312 0.302661 10.9184 
1533317776575 0.717325 -0.159854 10.7119 
1533317776585 0.860431 -0.261688 10.2731 
1533317776595 0.958527 0.00388794 9.93832 
1533317776605 1.02402 0.524872 9.84905 
1533317776614 1.15218 1.08907 9.86924 
1533317776624 1.18283 1.43734 9.85802 
1533317776633 1.17431 1.68976 9.78998 
1533317776642 1.22694 1.8846 9.70445 
1533317776655 1.31233 2.04072 9.54968 
1533317776664 1.35211 2.21942 9.42392 
1533317776674 1.30844 2.39048 9.3641 
1533317776684 1.17042 2.51938 9.54504 
1533317776696 1.03718 2.66204 9.92681 
1533317776705 0.943274 2.60701 10.28 
1533317776714 0.706708 1.88326 10.2772 
1533317776724 0.645099 1.48235 10.1133 
1533317776733 0.605621 1.8052 9.66975 
1533317776743 0.585135 2.63288 9.31834 
1533317776753 0.543115 3.04007 9.15221 
1533317776763 0.505881 3.22041 9.14518 
1533317776773 0.252866 3.15716 9.05815 
1533317776784 0.134433 3.03723 9.23715 
1533317776793 -0.0399262 3.02631 9.49495 
1533317776803 -0.0468048 2.85868 9.4948 
1533317776813 -0.0605621 2.76926 9.43977 
1533317776821 -0.123367 2.68163 9.56628 
1533317776832 -0.261389 2.55363 9.88553 
1533317776843 -0.526666 2.41262 10.1966 
1533317776852 -0.669174 2.39318 10.4642 
1533317776862 -0.80256 2.21852 10.5581 
1533317776874 -0.931909 2.14375 10.4466 
1533317776881 -1.02552 1.98704 10.2929 
1533317776891 -1.09012 1.76901 10.1665 
1533317776903 -1.10881 1.63996 9.93862 
1533317776911 -0.98978 1.58568 9.81376 
1533317776921 -0.777438 1.45185 9.66901 
1533317776930 -0.543713 1.39472 9.60246 
1533317776941 -0.450253 1.31427 9.45891 
1533317776950 -0.400308 1.34194 9.32253 
1533317776964 -0.353653 1.46187 9.40567 
1533317776969 -0.347223 1.47398 9.49345 
1533317776978 -0.410178 1.27061 9.45308 
1533317776989 -0.474179 1.30022 9.49883 
1533317776998 -0.395523 1.44302 9.74048 
1533317777010 -0.252118 1.58134 9.99694 
1533317777020 -0.0654968 1.67451 9.88434 
1533317777035 0.0146545 1.71712 9.70265 
1533317777038 0.171069 1.76363 9.53801 
1533317777048 0.285315 1.82628 9.34661 
1533317777057 0.378925 1.99287 9.15625 
1533317777069 0.446664 1.89118 9.22608 
1533317777078 0.347821 1.34583 9.33763 
1533317777088 -0.119928 0.828281 9.50272 
1533317777097 -0.386252 0.644949 9.90423 
1533317777110 -0.471786 0.797327 10.2266 
1533317777126 -0.584836 1.10582 10.5887 
1533317777130 -0.781326 1.24324 10.8529 
1533317777137 -0.826935 1.15218 10.8559 
1533317777147 -0.745737 0.94462 10.6957 
1533317777157 -0.573322 0.863422 10.5182 
1533317777170 -0.47388 0.83172 10.215 
1533317777185 -0.37728 0.830972 9.96673 
1533317777191 -0.252866 0.891684 9.75708 
1533317777196 -0.210098 0.982452 9.68246 
1533317777205 -0.297128 0.925629 9.72478 
1533317777217 -0.353204 0.912469 9.91021 
1533317777230 -0.469394 0.970938 10.0306 
1533317777244 -0.604126 0.982303 10.2426 
1533317777249 -0.734671 0.986789 10.3277 
1533317777255 -0.781326 0.930115 10.321 
1533317777269 -0.778635 0.832318 10.2349 
1533317777279 -0.776392 0.788654 10.0922 
1533317777284 -0.750671 0.715231 9.97705 
1533317777294 -0.354251 0.82529 10.1988 
1533317777304 -0.494067 0.951648 9.84172 
1533317777320 -0.666782 0.940582 9.57271 
1533317777334 -0.32883 0.9995 9.84172 
1533317777335 -0.32883 0.9995 9.84172 
1533317777344 -0.207257 1.03524 9.92576 
1533317777355 -0.330026 1.09984 9.84052 
1533317777364 -0.452646 1.21663 9.81989 
1533317777373 -0.460422 1.15038 9.84501 
1533317777383 -0.452197 0.984995 9.86385 
1533317777393 -0.388495 0.913367 9.98483 
1533317777402 -0.371747 0.93475 10.1169 
1533317777413 -0.456982 0.921741 10.2112 
1533317777423 -0.406589 0.936246 10.3684 
1533317777440 -0.407935 0.968396 10.4518 
1533317777452 -0.666782 0.737213 10.4575 
1533317777453 -0.666782 0.737213 10.4575 
1533317777463 -0.668427 0.657211 10.2117 
1533317777475 -0.533694 0.683679 9.85563 
1533317777481 -0.516049 0.716129 9.59439 
1533317777498 -0.504086 0.711792 9.51842 
1533317777511 -0.738409 0.729437 9.7674 
1533317777512 -0.738409 0.729437 9.7674 
1533317777528 -0.896768 0.79628 9.84396 
1533317777541 -1.04062 0.853552 10.0282 
1533317777541 -1.04062 0.853552 10.0282 
1533317777550 -1.10657 0.771008 10.0891 
1533317777561 -1.19449 0.707904 10.149 
1533317777571 -1.16743 0.593359 10.0428 
1533317777580 -1.0964 0.534293 9.83409 
1533317777592 -1.04242 0.492871 9.63192 
1533317777600 -1.01834 0.436346 9.48732 
1533317777610 -0.92189 0.460272 9.41883 
1533317777622 -0.884506 0.515302 9.39177 
1533317777630 -0.897366 0.562106 9.42691 
1533317777640 -0.938339 0.610706 9.55207 
1533317777653 -1.00189 0.666632 9.57465 
1533317777660 -1.0976 0.634332 9.64015 
1533317777669 -1.20945 0.526816 9.90587 
1533317777683 -1.29005 0.495264 10.1916 
1533317777691 -1.30396 0.464908 10.3146 
1533317777700 -1.18418 0.4513 10.2921 
1533317777711 -1.00877 0.492722 10.1057 
1533317777725 -0.826636 0.572723 9.83604 
1533317777729 -0.771756 0.619379 9.68202 
1533317777739 -0.742447 0.696689 9.66332 
1533317777749 -0.763531 0.771457 9.7209 
1533317777761 -0.763531 0.87359 9.90826 
1533317777768 -0.774896 0.941629 10.0309 
1533317777778 -0.820953 0.97692 10.0967 
1533317777787 -0.842935 1.00189 10.1299 
1533317777798 -0.855347 0.979761 10.207 
1533317777808 -0.978265 0.868057 10.287 
1533317777818 -1.03733 0.755157 10.2722 
1533317777828 -1.08683 0.712241 10.183 
1533317777838 -1.03883 0.684726 10.114 
1533317777848 -0.987985 0.702371 10.0188 
1533317777858 -0.925778 0.7254 9.91604 
1533317777867 -0.83486 0.746335 9.80987 
1533317777878 -0.769214 0.736017 9.72568 
1533317777886 -0.731082 0.688614 9.64 
1533317777898 -0.816168 0.603079 9.58646 
1533317777906 -0.826187 0.509021 9.58302 
1533317777917 -0.842935 0.549097 9.62744 
1533317777928 -0.895721 0.560013 9.78071 
1533317777936 -1.01999 0.502591 9.81645 
1533317777947 -1.07576 0.384906 9.84785 
1533317777960 -0.992172 0.34483 9.73226 
1533317777965 -0.912918 0.407635 9.56164 
1533317777976 -0.837851 0.502142 9.51618 
1533317777986 -0.800766 0.619528 9.50422 
1533317777998 -0.782822 0.693399 9.45667 
1533317778008 -0.75755 0.696539 9.48896 
1533317778024 -0.799271 0.689362 9.52037 
1533317778029 -0.893329 0.672015 9.61592 
1533317778035 -0.929218 0.642557 9.71252 
1533317778043 -0.992322 0.59964 9.81989 
1533317778056 -1.05199 0.562106 9.88972 
1533317778063 -1.10328 0.510965 9.92307 
1533317778073 -1.15397 0.45444 9.92696 
1533317778085 -1.12616 0.46416 9.85488 
1533317778093 -1.08488 0.526218 9.81092 
1533317778103 -1.06993 0.569583 9.75484 
1533317778114 -1.07516 0.629996 9.7363 
1533317778122 -1.12257 0.682632 9.79521 
1533317778133 -1.18762 0.740952 9.87148 
1533317778144 -1.19973 0.805402 9.93847 
1533317778152 -1.16877 0.806747 9.98139 
1533317778166 -1.20317 0.772803 10.0053 
1533317778176 -1.21438 0.755606 10.0243 
1533317778192 -1.20691 0.643005 9.96778 
1533317778192 -1.20691 0.643005 9.96778 
1533317778202 -1.20212 0.625211 9.93787 
1533317778211 -1.17461 0.641809 9.88703 
1533317778221 -1.15771 0.667828 9.79357 
1533317778235 -1.12332 0.703418 9.75394 
1533317778241 -1.08369 0.750671 9.66916 
1533317778254 -1.05244 0.805252 9.65944 
1533317778264 -0.999799 0.816916 9.67947 
1533317778271 -0.934152 0.791794 9.72478 
1533317778281 -0.911871 0.736765 9.72314 
1533317778294 -0.933255 0.686371 9.72134 
1533317778300 -0.929517 0.571078 9.70789 
1533317778311 -0.902002 0.511115 9.7363 
1533317778320 -0.87688 0.474478 9.80972 
1533317778330 -0.879422 0.413168 9.91888 
1533317778341 -0.922189 0.335709 9.98737 
1533317778350 -0.907834 0.343335 9.99589 
1533317778360 -0.886002 0.38999 10.0523 
1533317778370 -0.89632 0.492572 10.0582 
1533317778379 -0.889142 0.486441 9.98557 
1533317778389 -0.871646 0.48674 9.95013 
1533317778400 -0.832169 0.451898 9.94625 
1533317778408 -0.863123 0.42244 9.9606 
1533317778418 -0.926227 0.23522 10.1299 
1533317778435 -1.00757 0.0101685 10.3123 
1533317778446 -0.981705 -0.113797 10.4747 
1533317778449 -0.738559 -0.0598144 10.7961 
1533317778458 -0.832318 -0.0091217 10.4687 
1533317778468 -0.59949 0.226996 10.4556 
1533317778478 -0.533395 0.249725 9.99559 
1533317778488 -0.472534 0.359036 9.83783 
1533317778497 -0.408084 0.455637 9.79357 
1533317778507 -0.350662 0.491525 9.63626 
1533317778518 -0.210846 0.582593 9.61712 
1533317778527 -0.332568 0.661548 9.46025 
1533317778537 -0.397018 0.660501 9.46534 
1533317778547 -0.435748 0.596051 9.59693 
1533317778557 -0.511713 0.44801 9.6868 
1533317778569 -0.547751 0.467151 9.80254 
1533317778576 -0.580948 0.529507 9.93458 
1533317778586 -0.64151 0.548798 9.99888 
1533317778597 -0.640015 0.57392 10.1003 
1533317778607 -0.723904 0.64151 10.17 
1533317778616 -0.754858 0.673959 10.2078 
1533317778626 -0.704315 0.684875 10.0923 
1533317778638 -0.618182 0.636874 9.96793 
1533317778649 -0.583939 0.634183 9.91858 
1533317778664 -0.60278 0.650931 9.85398 
1533317778666 -0.589471 0.628351 9.89795 
1533317778677 -0.57377 0.694147 9.85697 
1533317778686 -0.537433 0.726895 9.8646 
1533317778696 -0.499451 0.677698 9.8329 
1533317778707 -0.465805 0.698334 9.7692 
1533317778716 -0.414664 0.786411 9.66826 
1533317778726 -0.378625 0.899161 9.54803 
1533317778744 -0.420496 0.962115 9.51902 
1533317778756 -0.500497 0.9026 9.51738 
1533317778756 -0.500497 0.9026 9.51738 
1533317778764 -0.480759 0.899759 9.55312 
1533317778780 -0.497955 0.91561 9.6065 
1533317778785 -0.469394 0.926376 9.74377 
1533317778802 -0.423785 0.890637 9.83036 
1533317778808 -0.707007 0.645398 9.56867 
1533317778813 -0.729437 0.586032 9.70579 
1533317778824 -0.659903 0.636426 10.0373 
1533317778832 -0.685025 0.659753 10.1118 
1533317778844 -0.600836 0.684875 10.1704 
1533317778862 -0.720166 0.700128 10.0245 
1533317778862 -0.720166 0.700128 10.0245 
1533317778872 -0.66723 0.61564 10.0352 
1533317778881 -0.610855 0.538031 10.076 
1533317778892 -0.485095 0.584686 10.2042 
1533317778901 -0.429916 0.671118 10.2257 
1533317778911 -0.679343 0.660651 9.86475 
1533317778921 -0.708801 0.650034 9.69622 
1533317778931 -0.610706 0.646445 9.76695 
1533317778940 -0.55119 0.663043 9.78684 
1533317778951 -0.613995 0.743045 9.80658 
1533317778963 -0.678894 0.819009 9.94086 
1533317778979 -0.765176 0.871347 10.0774 
1533317778979 -0.765176 0.871347 10.0774 
1533317778989 -0.609061 0.892432 10.0879 
1533317778998 -0.476572 0.841589 10.0488 
1533317779009 -0.495114 0.744839 9.96673 
1533317779019 -0.51889 0.677548 9.95492 
1533317779029 -0.55762 0.664987 9.9446 
1533317779039 -0.597397 0.655566 9.97989 
1533317779048 -0.597098 0.651828 9.94311 
1533317779060 -0.600089 0.66095 9.87058 
1533317779068 -0.585135 0.670221 9.82094 
1533317779078 -0.609808 0.648389 9.7831 
1533317779090 -0.598593 0.647342 9.83424 
1533317779099 -0.613098 0.64166 9.87567 
1533317779109 -0.637473 0.6608 9.88583 
1533317779120 -0.648538 0.714484 9.928 
1533317779128 -0.625958 0.782523 9.92157 
1533317779138 -0.630594 0.853253 9.85877 
1533317779150 -0.616238 0.848318 9.78609 
1533317779156 -0.640613 0.785663 9.76351 
1533317779165 -0.654071 0.741101 9.75125 
1533317779179 -0.662296 0.713138 9.71491 
1533317779187 -0.64166 0.707007 9.69861 
1533317779197 -0.651678 0.702969 9.68725 
1533317779212 -0.625958 0.67366 9.6883 
1533317779225 -0.64151 0.693698 9.72478 
1533317779229 -0.689063 0.762335 9.75933 
1533317779237 -0.663492 0.824243 9.85578 
1533317779247 -0.48046 0.903198 10.1112 
1533317779256 -0.764279 0.874039 9.94565 
1533317779267 -0.782373 0.864767 9.76037 
1533317779275 -0.572125 0.875385 9.73196 
1533317779286 -0.49646 0.858636 9.63626 
1533317779296 -0.376981 0.891684 9.66362 
1533317779305 -0.335559 0.877478 9.79925 
1533317779316 -0.352158 0.608463 9.98797 
1533317779325 -0.674558 -0.32883 10.1122 
1533317779335 -0.75112 -0.160751 10.2818 
1533317779346 -0.190509 -0.0299072 10.6651 
1533317779356 -0.100787 0.126209 10.3504 
1533317779364 -0.0475525 0.322849 10.0617 
1533317779375 -0.0841888 0.523526 9.85892 
1533317779384 -0.155966 0.700278 9.72897 
1533317779394 -0.0509918 0.906787 9.60785 
1533317779405 0.0500946 1.09685 9.54175 
1533317779422 0.193051 1.36168 9.46339 
1533317779435 0.403448 1.26014 9.30593 
1533317779436 0.403448 1.26014 9.30593 
1533317779443 0.258099 0.920245 9.18974 
1533317779454 0.117984 0.716876 9.28963 
1533317779467 -0.0420196 0.594705 9.47117 
1533317779473 -0.172714 0.445618 9.68949 
1533317779493 -0.254361 0.216977 9.91335 
1533317779497 -0.145499 0.139368 10.1842 
1533317779503 -0.072525 0.190958 10.2787 
1533317779513 0.00837402 0.189014 10.1795 
1533317779525 0.10647 0.209799 10.1764 
1533317779534 -0.0197388 0.207257 10.1975 
1533317779552 -0.2258 0.217874 10.2468 
1533317779560 -0.386252 0.261539 10.1584 
1533317779562 -0.377878 0.440533 10.1082 
1533317779573 -0.316119 0.615491 10.1037 
1533317779586 -0.397467 0.715381 10.0358 
1533317779593 -0.348718 0.688165 10.0406 
1533317779604 -0.290698 0.59964 10.1076 
1533317779614 -0.296979 0.468198 10.1496 
1533317779631 -0.181088 0.463412 10.2121 
1533317779645 0.076712 0.623267 10.2908 
1533317779645 0.076712 0.623267 10.2908 
1533317779653 -0.440982 0.129349 10.0568 
1533317779664 -0.559564 -0.0499451 10.1656 
1533317779674 -0.350513 0.163593 10.1803 
1533317779690 -0.117386 0.509021 10.0016 
1533317779704 0.0817963 0.994714 9.51857 
1533317779705 0.0817963 0.994714 9.51857 
1533317779712 0.158658 1.17535 9.42526 
1533317779722 0.120975 1.28063 9.40866 
1533317779731 -0.0165985 1.3693 9.49614 
1533317779742 -0.15477 1.1601 9.67663 
1533317779751 -0.210846 0.784915 9.82796 
1533317779761 -0.205014 0.52562 9.9609 
1533317779771 -0.0979462 0.498105 9.95552 
1533317779782 0.173911 0.663641 10.0862 
1533317779791 -0.0119629 0.370999 9.9286 
1533317779801 -0.255557 0.243445 9.91619 
1533317779811 -0.223257 0.395523 10.0062 
1533317779821 -0.0777588 0.663043 10.0385 
1533317779831 0.00224304 0.942825 9.98677 
1533317779841 0.0456085 1.10118 9.83753 
1533317779850 0.10647 1.16758 9.72987 
1533317779860 0.196341 1.16922 9.66706 
1533317779873 0.147592 1.0146 9.80254 
1533317779880 -0.0465057 0.86387 10.1966 
1533317779890 -0.120825 0.772653 10.4947 
1533317779899 -0.308344 0.669174 10.673 
1533317779912 -0.366364 0.601434 10.698 
1533317779920 -0.314923 0.539377 10.5134 
1533317779929 -0.172415 0.498553 10.431 
1533317779940 0.247781 0.697137 10.8164 
1533317779949 -0.104825 0.643604 10.642 
1533317779959 -0.159256 0.517096 10.1562 
1533317779982 0.396121 0.907834 9.24358 
1533317780003 0.420944 0.882861 9.5893 
1533317780004 0.420944 0.882861 9.5893 
1533317780004 0.420944 0.882861 9.5893 
1533317780007 0.438141 0.869104 9.93324 
1533317780018 0.191705 0.671268 9.76576 
1533317780029 0.12247 0.509021 9.77308 
1533317780036 0.23208 0.367261 9.7668 
1533317780048 0.33855 0.148938 9.56822 
1533317780059 0.158508 0.146396 9.40672 
1533317780067 0.0375336 0.386551 9.4441 
1533317780082 0.0345428 0.459674 9.51588 
1533317780090 -0.0285614 0.610706 9.51199 
1533317780097 0.0448608 0.953293 9.55282 
1533317780108 0.174658 1.35913 9.70789 
1533317780119 0.256155 1.61678 9.62086 
1533317780126 0.313278 1.67346 9.24208 
1533317780136 0.401654 1.42672 8.99071 
1533317780146 0.414215 1.15128 9.05097 
1533317780156 0.257202 1.03539 9.27767 
1533317780166 -0.0375336 1.10462 9.69308 
1533317780180 -0.217126 1.01879 9.98004 
1533317780185 -0.231183 0.903497 10.0819 
1533317780195 -0.192453 0.86073 9.9944 
1533317780209 -0.11918 0.846674 9.90916 
1533317780214 -0.0508423 0.84129 10.0153 
1533317780224 -0.0572723 0.792542 10.1424 
1533317780239 -0.0269165 0.645547 10.2088 
1533317780244 -0.0460571 0.472833 10.0509 
1533317780254 0.00897217 0.419299 9.85473 
1533317780268 0.130545 0.357242 9.83454 
1533317780273 0.148938 0.414514 9.81809 
1533317780283 0.162396 0.524423 9.89406 
1533317780298 0.142059 0.5642 9.95911 
1533317780303 0.0233276 0.568536 10.0506 
1533317780313 -0.0596649 0.514255 10.2006 
1533317780328 -0.205612 0.418552 10.3422 
1533317780333 -0.295932 0.296829 10.3744 
1533317780343 -0.297278 0.179742 10.3095 
1533317780358 -0.194846 0.141461 10.126 
1533317780365 -0.0689362 0.147742 10.0116 
1533317780373 -0.0394775 0.139517 9.96927 
1533317780389 0.0417206 0.100488 9.92711 
1533317780398 0.194247 0.0616089 9.96643 
1533317780403 0.24838 0.0631043 10.0852 
1533317780419 0.170172 0.00927124 10.1502 
1533317780425 0.0342438 -0.123068 10.1544 
1533317780432 -0.120227 -0.260043 10.1456 
1533317780444 -0.251221 -0.439487 10.2015 
1533317780454 -0.386551 -0.574966 10.2843 
1533317780461 -0.350214 -0.6125 10.4215 
1533317780478 -0.267969 -0.53833 10.5743 
1533317780484 -0.291745 -0.421393 10.6244 
1533317780491 -0.225949 -0.289951 10.4819 
1533317780508 -0.182434 -0.200528 10.1583 
1533317780513 -0.0958527 -0.201724 9.81301 
1533317780520 -0.0303558 -0.237314 9.7043 
1533317780530 0.0595154 -0.202472 9.63491 
1533317780543 0.101984 -0.195892 9.61502 
1533317780550 0.123218 -0.238361 9.57271 
1533317780560 0.191855 -0.322549 9.54085 
1533317780574 0.200827 -0.492422 9.49091 
1533317780579 0.207108 -0.591415 9.66916 
1533317780589 0.252716 -0.522479 10.0509 
1533317780603 0.127255 -0.374289 10.4346 
1533317780609 -0.10647 -0.243893 10.7587 
1533317780619 -0.182135 -0.179294 10.7143 
1533317780633 -0.141013 -0.141162 10.4925 
1533317780639 0.0118134 -0.0885254 10.1601 
1533317780649 0.0980957 -0.130695 9.71641 
1533317780658 0.236566 -0.155518 9.39999 
1533317780668 0.363373 -0.154022 9.21038 
1533317780679 0.421094 -0.179144 9.06413 
1533317780689 0.429169 -0.23522 8.94301 
1533317780699 0.50947 -0.19006 9.29666 
1533317780709 0.759344 -0.1289 9.59573 
1533317780720 0.715381 -0.124564 9.98303 
1533317780727 0.498105 -0.289801 10.327 
1533317780739 0.309241 -0.462067 10.5291 
1533317780750 0.0562256 -0.611752 10.5688 
1533317780758 -0.0569733 -0.644202 10.3821 
1533317780768 0.0183929 -0.600537 10.0919 
1533317780779 0.156564 -0.406439 9.86864 
1533317780787 0.283969 -0.226398 9.69966 
1533317780800 0.402551 -0.133087 9.59663 
1533317780807 0.437991 -0.0922638 9.61278 
1533317780816 0.430365 -0.132639 9.7188 
1533317780828 0.419299 -0.22565 9.85219 
1533317780838 0.389841 -0.28681 10.0532 
1533317780849 0.333166 -0.330624 10.1332 
1533317780859 0.253763 -0.355896 10.1362 
1533317780866 0.152377 -0.317914 10.0267 
1533317780875 0.0810486 -0.229837 9.94176 
1533317780886 0.0197388 -0.180789 9.75439 
1533317780898 -0.0252716 -0.0418701 9.70579 
1533317780905 -0.0134582 0.0859833 9.68486 
1533317780915 0.0560761 0.158957 9.5899 
1533317780926 0.136526 0.214584 9.4936 
1533317780934 0.230734 0.23866 9.47551 
1533317780944 0.283072 0.237314 9.53846 
1533317780956 0.195892 0.130994 9.64119 
1533317780966 0.0485992 0.0445618 9.74916 
1533317780974 -0.0426178 -0.00074768 9.6874 
1533317780986 0.0300568 -0.0131592 9.6557 
1533317780992 0.02901 0.0750671 9.66407 
1533317781003 0.0966003 0.134283 9.70146 
1533317781017 0.183929 0.163293 9.84591 
1533317781024 0.265128 0.283371 10.2755 
1533317781033 0.242249 0.29339 10.4768 
1533317781045 0.10303 0.155368 10.4829 
1533317781064 -0.0394775 -0.116937 10.3434 
1533317781064 -0.0394775 -0.116937 10.3434 
1533317781072 -0.0337952 -0.160751 10.2238 
1533317781083 -0.0230286 -0.110059 10.1119 
1533317781092 0.0502441 -0.0481506 10.0481 
1533317781106 0.161798 0.0378326 9.95926 
1533317781113 0.1772 0.0782074 9.97256 
1533317781122 0.144751 0.133087 10.0811 
1533317781135 0.0939087 0.163892 10.2203 
1533317781143 -0.0426178 0.14191 10.2878 
1533317781152 -0.157013 0.0750671 10.2586 
1533317781166 -0.185425 0.0194397 10.1197 
1533317781174 -0.104825 -0.00448608 10.0111 
1533317781182 -0.0165985 0.0170471 9.8978 
1533317781196 0.0774597 0.0628052 9.81286 
1533317781206 0.107068 0.10303 9.80628 
1533317781211 0.0791046 0.128452 9.85937 
1533317781226 0.137274 0.0708801 9.85518 
1533317781234 0.162097 -0.0086731 9.88509 
1533317781241 0.209799 -0.0674408 9.79895 
1533317781251 0.293091 -0.121423 9.82363 
1533317781262 0.244492 -0.145798 9.86505 
1533317781270 0.182434 -0.177649 9.8468 
1533317781280 0.210995 -0.160751 9.84157 
1533317781292 0.239856 -0.140265 9.90183 
1533317781306 0.291595 -0.0638519 9.93533 
1533317781310 0.253015 0.0112152 9.98946 
1533317781325 0.207407 0.0526367 10.0197 
1533317781334 0.192303 -0.020636 9.92157 
1533317781339 0.255856 -0.125162 9.8646 
1533317781351 0.360382 -0.201126 9.85443 
1533317781359 0.398364 -0.27395 9.90856 
1533317781368 0.410327 -0.333615 9.84307 
1533317781380 0.37713 -0.333017 9.8169 
1533317781388 0.361877 -0.275745 9.78729 
1533317781398 0.361429 -0.154321 9.82677 
1533317781408 0.387448 -0.00986938 9.88688 
1533317781418 0.381018 0.0886749 9.94669 
1533317781428 0.338849 0.0623566 9.94296 
1533317781445 0.250922 -0.0275147 9.95208 
1533317781457 0.138321 -0.14176 10.033 
1533317781461 0.0607117 -0.195145 10.1867 
1533317781467 0.00657959 -0.191705 10.3678 
1533317781476 -0.0571228 -0.163293 10.3267 
1533317781488 -0.0689362 -0.193799 10.2452 
1533317781505 -0.0471039 -0.201425 10.1626 
1533317781518 -0.115292 -0.171219 10.1584 
1533317781518 -0.115292 -0.171219 10.1584 
1533317781526 -0.179892 -0.108713 10.2359 
1533317781536 -0.189911 0.0297577 10.2462 
1533317781549 -0.0474029 0.118433 10.1118 
1533317781568 -0.0109161 0.166434 9.86221 
1533317781569 -0.0109161 0.166434 9.86221 
1533317781577 -0.0070282 0.146097 9.85159 
1533317781594 -0.0862823 0.0946564 9.77278 
1533317781606 -0.0337952 0.0747681 9.70026 
1533317781611 0.0113647 0.13877 9.72269 
1533317781619 0.0807495 0.211444 9.81256 
1533317781628 0.0939087 0.240005 9.90124 
1533317781638 0.0939087 0.227594 9.99455 
1533317781650 0.146396 0.166583 10.0114 
1533317781658 0.150433 0.0701324 9.93428 
1533317781667 0.184677 -0.00762634 9.80299 
1533317781683 0.266174 -0.0695343 9.6874 
1533317781696 0.157162 -0.0403748 9.72404 
1533317781696 0.157162 -0.0403748 9.72404 
1533317781708 0.156714 0.0230286 9.80568 
1533317781717 0.178995 -0.00403748 9.86789 
1533317781727 0.301465 -0.0391785 9.88195 
1533317781737 0.403748 -0.0620575 9.94969 
1533317781754 0.379224 -0.116788 9.87417 
1533317781759 0.385205 -0.0444122 9.92262 
1533317781766 0.0734222 0.201276 10.2821 
1533317781780 -0.0568237 0.234473 10.3972 
1533317781787 0.0945068 0.107367 10.1424 
1533317781803 0.186771 0.0592163 9.88419 
1533317781817 0.466553 0.265427 10.1258 
1533317781817 0.466553 0.265427 10.1258 
1533317781826 0.549396 0.408682 10.2866 
1533317781836 0.498105 0.459674 10.2715 
1533317781846 0.400159 0.269464 9.86639 
1533317781861 0.361877 -0.0699829 9.39296 
1533317781888 0.497208 -0.245837 9.05172 
1533317781888 0.497208 -0.245837 9.05172 
1533317781890 0.497208 -0.245837 9.05172 
1533317781895 0.381616 0.180939 9.48538 
1533317781907 0.18692 0.524722 9.85174 
1533317781916 -0.0109161 0.802112 10.2271 
1533317781934 -0.173761 0.871347 10.4137 
1533317781939 -0.263632 0.761737 10.3292 
1533317781944 -0.207706 0.632837 10.3042 
1533317781954 -0.133835 0.464011 10.1276 
1533317781966 -0.114545 0.358289 9.8311 
1533317781975 -0.00822449 0.358289 9.65869 
1533317781993 0.219669 0.348718 9.50272 
1533317781994 0.219669 0.348718 9.50272 
1533317782003 0.290848 0.423337 9.69518 
1533317782014 0.34812 0.347821 9.90752 
1533317782023 0.389243 0.248679 10.0013 
1533317782033 0.339896 0.156863 10.056 
1533317782045 0.273502 0.123816 10.2076 
1533317782053 0.199182 0.229089 10.4684 
1533317782064 0.116638 0.35455 10.6504 
1533317782072 0.0317017 0.36756 10.5596 
1533317782083 0.0124115 0.272305 10.3316 
1533317782097 0.0894226 0.216229 10.1118 
1533317782101 0.178845 0.234473 9.93772 
1533317782111 0.284268 0.253763 9.78131 
1533317782121 0.354999 0.31582 9.79028 
1533317782131 0.402551 0.361877 9.97242 
1533317782141 0.388046 0.363373 9.99081 
1533317782151 0.354401 0.314774 9.97511 
1533317782161 0.360831 0.252417 9.90647 
1533317782171 0.343036 0.266772 9.77652 
1533317782182 0.363522 0.308643 9.65884 
1533317782190 0.37728 0.450702 9.60919 
1533317782202 0.358887 0.563751 9.65585 
1533317782210 0.314624 0.588126 9.63745 
1533317782220 0.27739 0.588275 9.61368 
1533317782230 0.289502 0.555826 9.63087 
1533317782240 0.331372 0.557022 9.67454 
1533317782252 0.345129 0.577359 9.70265 
1533317782260 0.208005 0.59007 9.94879 
1533317782269 0.140713 0.568387 10.1643 
1533317782280 0.115591 0.601733 10.3062 
1533317782289 0.103479 0.557471 10.2833 
1533317782299 0.132339 0.489133 10.1797 
1533317782315 0.132788 0.441431 10.0995 
1533317782317 0.198883 0.359634 9.83439 
1533317782329 0.284866 0.366663 9.5413 
1533317782342 0.414365 0.50274 9.45143 
1533317782348 0.487936 0.737363 9.4601 
1533317782358 0.476273 0.753662 9.36829 
1533317782372 0.483151 0.622369 9.39446 
1533317782384 0.409879 0.542218 9.58257 
1533317782388 0.345578 0.462216 9.81914 
1533317782398 0.240305 0.359485 10.0735 
1533317782412 0.012561 0.318661 10.4194 
1533317782417 -0.183481 0.331821 10.6464 
1533317782428 -0.188565 0.436197 10.7025 
1533317782442 -0.114545 0.551639 10.5514 
1533317782447 0.271408 0.530255 10.2885 
1533317782457 0.509171 0.45145 10.1037 
1533317782468 0.493021 0.261688 10.0553 
1533317782477 0.392682 0.0922638 10.0007 
1533317782487 0.341241 -0.026767 9.98378 
1533317782501 0.415411 -0.00044861 9.85638 
1533317782506 0.691455 0.059964 9.84755 
1533317782516 0.773102 0.173013 9.896 
1533317782526 0.616388 0.188565 9.86714 
1533317782536 0.478217 0.150433 9.82168 
1533317782546 0.409879 0.172565 9.86684 
1533317782556 0.353204 0.245837 9.9446 
1533317782566 0.31597 0.375037 10.028 
1533317782576 0.338251 0.497507 10.1351 
1533317782586 0.403149 0.583191 10.2293 
1533317782595 0.486441 0.607266 10.1554 
1533317782612 0.48031 0.52532 9.93952 
1533317782623 0.471338 0.40928 9.58661 
1533317782627 0.524722 0.394177 9.34466 
1533317782635 0.596051 0.474628 9.14653 
1533317782651 0.834412 0.16778 9.17464 
1533317782659 0.52562 0.0287109 9.0903 
1533317782664 0.134583 0.223108 9.08312 
1533317782673 0.311185 0.250623 9.39999 
1533317782685 0.459973 0.465656 9.96883 
1533317782700 0.487189 0.826486 10.3193 
1533317782714 0.3064 1.06096 10.1767 
1533317782717 -0.026767 1.17491 9.83634 
1533317782724 0.122021 0.96391 9.97152 
1533317782741 -0.159555 0.840244 9.88897 
1533317782747 -0.182135 0.926526 10.1942 
1533317782752 -0.164191 0.918301 10.5894 
1533317782770 -0.335709 0.85415 10.7581 
1533317782776 -0.381467 0.745139 10.7108 
1533317782782 -0.216827 0.4996 10.4732 
1533317782800 0.00284119 0.243445 10.0212 
1533317782810 0.233575 0.0494965 9.51678 
1533317782821 0.352158 -0.0016449 9.19498 
1533317782825 0.401355 0.0405243 9.11871 
1533317782831 0.414813 0.196191 9.24986 
1533317782849 0.452795 0.439337 9.59588 
1533317782864 0.401804 0.929367 10.4315 
1533317782864 0.401804 0.929367 10.4315 
1533317782871 0.295782 0.951498 10.6797 
1533317782880 0.166434 0.893777 10.6227 
1533317782891 0.218472 0.703119 10.3032 
1533317782901 0.311185 0.52532 9.88793 
1533317782910 0.367709 0.397766 9.59259 
1533317782923 0.424084 0.336008 9.46384 
1533317782931 0.463263 0.357541 9.53218 
1533317782940 0.58663 0.319409 9.60007 
1533317782950 0.707156 0.282773 9.90288 
1533317782961 0.518591 0.281427 10.3105 
1533317782970 0.3061 0.252267 10.7048 
1533317782980 0.0303558 0.187518 10.6788 
1533317782988 -0.285913 0.208005 10.4874 
1533317782998 -0.451001 0.233875 10.2855 
1533317783010 -0.501843 0.300269 10.3143 
1533317783021 -0.340942 0.465955 10.2763 
1533317783031 0.350214 0.662146 10.0756 
1533317783039 1.27838 0.597995 9.88404 
1533317783048 1.60931 0.336606 9.58467 
1533317783061 1.31053 0.0846375 9.31266 
1533317783068 0.87688 -0.112302 9.44934 
1533317783078 0.631342 -0.215332 9.45173 
