32 0.92
1533316828913 -0.6753 1.1507 10.4874
1533316828913 -0.6672 0.9809 9.1736
1533316828913 -0.3419 0.555 7.7986
1533316828913 0.205 0.604 9.0279
1533316828913 0.4126 0.3981 9.891
1533316829038 0.2501 1.1034 10.094
1533316829038 -0.2527 1.0825 9.8029
1533316829038 -0.2785 0.9599 9.3731
1533316829038 0.1788 0.7878 8.4367
1533316829038 0.7043 0.8312 8.2636
1533316829038 0.8134 0.7509 8.6866
1533316829166 0.7104 0.6776 10.6368
1533316829166 0.6339 0.7366 9.5156
1533316829166 0.2348 0.5248 8.608
1533316829166 0.9139 0.7776 9.0741
1533316829166 1.9818 0.5674 10.1248
1533316829166 2.0196 -0.6937 9.8493
1533316829166 1.8776 -1.1371 9.306
1533316829283 2.076 -0.7126 9.5848
1533316829283 2.407 0.0558 10.2654
1533316829283 2.008 0.1879 10.118
1533316829283 1.6354 0.0688 9.1088
1533316829283 1.4332 0.1179 8.4446
1533316829408 1.3312 0.3069 7.9392
1533316829408 1.6755 0.6108 7.4852
1533316829408 2.0855 0.796 7.6469
1533316829408 2.5585 0.6216 8.5354
1533316829408 2.0946 0.2207 8.9997
1533316829408 1.2835 -0.1205 9.0085
1533316829408 0.8324 0.0112 9.2845
1533316829535 0.3636 0.273 9.5629
1533316829535 0.0806 0.3242 10.0504
1533316829535 0.4901 0.2227 9.9008
1533316829535 1.0744 0.1483 9.1175
1533316829535 1.0792 0.3559 8.6257
1533316829535 0.8161 0.3235 9.1109
1533316829655 0.3764 0.6604 9.3573
1533316829655 0.4419 1.0992 9.4362
1533316829655 0.7221 0.7839 9.2317
1533316829655 0.6514 0.9234 8.5324
1533316829655 0.9431 0.9632 8.7197
1533316829655 0.6023 0.6922 9.9415
1533316829775 -0.0772 0.7443 10.1645
1533316829775 -0.5744 1.0907 8.7766
1533316829775 -0.3484 0.9111 8.416
1533316829775 0.3605 0.6054 9.3869
1533316829775 0.6817 0.6516 10.55
1533316829775 0.768 0.4049 10.4164
1533316829897 0.3388 0.3509 10.4488
1533316829897 0.5136 0.3434 9.8966
1533316829897 0.9927 0.5326 10.271
1533316829897 0.6682 0.7923 9.1792
1533316829897 0.3598 1.1038 7.7798
1533316829897 0.316 1.2354 8.7007
1533316830024 0.5085 0.9834 9.767
1533316830024 0.9094 0.6953 9.5266
1533316830024 0.4341 0.5316 9.3699
1533316830024 0.9124 0.9051 8.6461
1533316830024 1.1354 1.0649 8.1223
1533316830024 0.2314 1.1248 8.0957
1533316830148 0.2216 1.0308 8.2372
1533316830148 0.1077 0.8754 8.7825
1533316830148 -0.1456 0.8164 9.8829
1533316830274 0.4624 0.9214 9.0768
1533316830274 0.4356 0.9874 8.5706
1533316830274 0.3012 0.954 7.9537
1533316830274 0.1389 0.8593 9.7182
1533316830274 0.4526 1.2664 8.3306
1533316830274 0.3079 1.1838 9.1186
1533316830274 0.2834 1.0305 9.7148
1533316830274 0.2144 1.0043 9.7323
1533316830274 0.216 1.1178 9.5752
1533316830274 0.3732 1.0594 9.1323
1533316830408 0.4422 0.9406 8.5482
1533316830408 0.1832 1.0901 8.9414
1533316830408 -0.2405 1.0856 9.4755
1533316830408 -0.2731 0.8555 9.8421
1533316830408 -0.0472 0.7708 10.0125
1533316830408 0.3334 1.0263 9.6559
1533316830532 -0.1539 0.7689 9.4695
1533316830532 -0.4074 0.7926 9.0232
1533316830532 -0.4612 0.9961 8.7821
1533316830532 -0.134 1.0477 9.0708
1533316830532 0.333 0.9922 9.7078
1533316830532 0.1176 0.8098 9.6998
1533316830532 -0.2792 0.791 8.9878
1533316830655 -0.0467 0.9673 8.2836
1533316830655 0.3902 0.9973 8.6468
1533316830655 0.3471 0.7804 9.5697
1533316830655 0.1615 0.6737 9.9295
1533316830655 0.0092 0.7651 9.9588
1533316830655 0.9816 0.8493 9.4828
1533316830774 0.3505 0.6758 8.9788
1533316830774 0.6106 0.6383 8.794
1533316830774 0.4569 0.7695 9.612
1533316830774 -0.2576 1.0855 10.058
1533316830774 -0.059 0.8542 9.3404
1533316830774 0.7995 0.6898 8.626
1533316830901 1.0393 0.7144 8.8615
1533316830901 1.3136 0.959 9.3839
1533316830901 0.6961 0.7077 9.0719
1533316830901 0.4214 0.8 8.663
1533316830901 0.6674 0.5962 8.8771
1533316830901 1.3609 0.2035 9.3715
1533316831028 1.9797 0.0364 9.491
1533316831028 1.6339 0.3009 8.9746
1533316831028 0.5687 0.4441 8.1455
1533316831028 0.3166 0.6678 8.0675
1533316831028 0.7791 0.6467 8.8013
1533316831028 1.8133 0.9425 9.6388
1533316831028 1.5069 0.0844 10.4847
1533316831154 0.5989 -0.2559 10.5461
1533316831154 0.2334 0.5597 8.7252
1533316831281 0.7093 0.6181 9.0809
1533316831281 1.397 0.5535 10.2574
1533316831281 1.2646 0.3665 10.4845
1533316831281 -0.0606 0.6781 8.1107
1533316831281 0.7915 0.6088 9.7093
1533316831281 -0.294 0.7581 8.26
1533316831281 -0.3811 0.8982 8.2002
1533316831281 0.5965 0.7877 9.6774
1533316831281 1.1656 0.5325 10.4111
1533316831417 0.7999 0.4575 9.5786
1533316831417 0.3416 0.5121 8.9977
1533316831417 0.267 0.5754 9.2678
1533316831417 0.3355 0.6023 9.8657
1533316831417 0.3749 0.5509 9.6734
1533316831417 0.4993 0.517 9.149
1533316831417 0.3932 0.5962 9.2078
1533316831599 0.2468 0.6501 9.0851
1533316831599 0.1739 0.7789 9.047
1533316831599 0.0235 0.8698 9.0823
1533316831599 -0.2402 0.9603 9.065
1533316831599 -0.2451 1.0108 8.8951
1533316831599 0.0842 0.9639 8.8838
1533316831599 0.1811 1.0452 8.9784
1533316831599 0.1291 1.1397 8.7005
1533316831728 0.0713 1.0874 8.4099
1533316831728 0.0587 1.0986 8.7257
1533316831728 0.2409 1.0715 9.146
1533316831728 0.4412 0.9863 9.1485
1533316831728 0.337 1.0844 8.9115
1533316831728 0.142 1.2277 8.9126
1533316831728 0.1145 1.2802 9.192
1533316831728 0.1664 1.258 9.2738
1533316831853 0.3057 1.1634 9.1117
1533316831853 0.4156 1.0737 9.4266
1533316831853 0.3551 1.0558 9.9957
1533316831853 0.0272 1.0382 9.8819
1533316831853 -0.075 1.0018 9.3974
1533316831853 0.0744 0.963 9.3381
1533316831972 0.1223 1.0298 9.2758
1533316831972 0.015 1.0786 8.8833
1533316831972 -0.0988 1.1216 8.6622
1533316831972 0.0553 1.0994 9.0308
1533316831972 0.2101 1.0234 9.2666
1533316831972 0.213 0.9834 9.0372
1533316832110 0.164 0.9682 8.8117
1533316832110 0.1859 1.0536 8.6751
1533316832110 0.2263 1.0706 8.7257
1533316832110 0.2379 1.094 8.8826
1533316832110 0.3371 1.1036 9.4135
1533316832110 0.3482 1.2177 9.1245
1533316832242 0.3772 1.3839 8.7702
1533316832242 0.4336 1.508 8.5075
1533316832242 0.5333 1.7193 8.678
1533316832242 0.468 1.7774 8.7683
1533316832242 0.4808 1.8471 9.3219
1533316832242 0.3166 1.8869 9.4183
1533316832242 0.1003 2.0548 9.2921
1533316832378 0.0881 2.0754 9.2874
1533316832378 0.022 2.1459 9.4958
1533316832378 -0.1956 2.1016 9.4455
1533316832378 -0.1259 2.0431 9.4169
1533316832378 0.0135 1.925 9.1774
1533316832378 0.2156 1.8162 7.9492
1533316832378 0.277 1.7669 7.2619
1533316832602 0.894 1.8196 7.6676
1533316832602 1.4779 1.6704 8.3951
1533316832602 1.4385 1.7251 8.3571
1533316832602 1.3479 1.9929 7.7636
1533316832602 1.3867 2.511 7.2936
1533316832602 1.2669 2.7435 8.6151
1533316832602 1.5425 2.6341 10.3836
1533316832602 1.4911 2.6946 10.5729
1533316832602 1.5092 2.8383 10.1609
1533316832602 1.4158 3.0723 9.7563
1533316832602 1.175 3.1443 10.0741
1533316832738 0.724 2.8253 10.4585
1533316832738 0.0974 2.4401 10.6291
1533316832738 -0.3717 2.1132 10.8764
1533316832738 -0.3228 1.8319 11.571
1533316832738 -0.4459 1.6685 12.0593
1533316832738 -1.2221 1.608 12.3997
1533316832738 -2.5141 1.2428 12.2939
1533316832880 -2.7734 0.9738 11.7667
1533316832880 -1.5549 0.8413 11.8028
1533316832880 -0.3482 0.4534 12.3284
1533316832880 -0.3752 0.0866 12.5111
1533316832880 -1.3389 -0.1107 12.0729
1533316832880 -1.8641 -0.3014 11.2801
1533316832880 -1.4611 -0.2934 10.1493
1533316833075 -0.9513 0.0621 8.9947
1533316833075 -0.4052 0.5738 8.5444
1533316833075 0.045 0.9016 8.567
1533316833075 0.1961 0.823 8.034
1533316833075 0.1603 0.6163 7.422
1533316833075 0.0574 0.6232 7.4283
1533316833075 0.2664 0.5461 7.2591
1533316833075 0.6369 0.3809 6.6496
1533316833075 0.9628 0.448 6.0398
1533316833075 0.9321 0.4897 6.0462
1533316833215 0.7249 0.7063 5.2341
1533316833215 0.6362 1.0505 4.8094
1533316833215 0.3529 1.2551 4.7854
1533316833215 0.5639 1.1625 5.3643
1533316833215 1.2535 1.4046 5.9832
1533316833215 2.5263 1.9313 7.7521
1533316833215 2.9647 2.5987 10.6156
1533316833378 1.2962 2.4362 10.8354
1533316833378 -1.0973 2.601 9.3844
1533316833378 0.2194 3.6713 9.726
1533316833378 2.1508 2.3294 13.1783
1533316833378 3.9211 1.6554 15.0721
1533316833378 4.1792 2.0981 14.1437
1533316833378 1.7162 2.5467 12.3322
1533316833559 0.3841 2.2113 12.0969
1533316833559 1.4379 1.1504 14.7291
1533316833559 3.4254 -0.3053 16.6459
1533316833559 3.7436 -1.1018 15.2317
1533316833559 3.2195 -0.1311 11.1322
1533316833559 2.124 0.6503 8.5596
1533316833559 1.7758 1.1349 8.1921
1533316833559 1.7386 1.5171 7.2949
1533316833559 1.0977 1.4775 6.2724
1533316833559 0.639 1.5091 5.6808
1533316833688 -0.0912 1.3147 4.8593
1533316833688 0.299 1.1342 4.4352
1533316833688 0.9337 0.815 5.2194
1533316833688 1.5801 0.6359 6.4971
1533316833688 1.4512 0.4289 5.8458
1533316833688 1.2407 0.4737 3.994
1533316833831 1.2234 0.6432 3.2098
1533316833831 1.523 1.0443 3.7473
1533316833831 1.86 1.4976 5.1365
1533316833831 1.8032 1.8186 6.1528
1533316833831 1.0947 2.1044 6.7538
1533316833831 0.1435 2.3322 7.0092
1533316833831 -0.0445 2.6309 8.3561
1533316834037 0.4993 2.734 11.3547
1533316834037 0.5474 2.3425 12.4848
1533316834037 0.3339 1.7958 12.873
1533316834037 0.7277 1.349 14.9372
1533316834037 1.1232 1.558 15.7798
1533316834037 -0.168 1.5864 13.4464
1533316834037 -1.6587 1.0282 12.0845
1533316834037 -1.3908 -0.0073 13.7514
1533316834170 0.6223 -1.0842 14.4041
1533316834170 0.0723 -0.8358 11.5351
1533316834170 0.0632 -0.8107 15.2028
1533316834170 -0.8463 -0.2815 7.5825
1533316834170 -0.9254 0.3269 5.5159
1533316834170 -0.3316 0.444 5.3664
1533316834170 0.7058 0.5846 6.6682
1533316834170 1.3847 0.6532 8.2388
1533316834170 0.8599 0.203 7.8597
1533316834291 0.5863 -0.0906 5.6259
1533316834291 0.5558 -0.1733 5.0463
1533316834291 0.999 0.2859 6.0738
1533316834291 1.3444 0.4937 6.6768
1533316834291 1.5714 0.4714 5.2322
1533316834291 1.3504 0.8797 3.9706
1533316834291 1.3482 1.3649 4.8005
1533316834424 1.1199 1.757 6.5033
1533316834424 1.3399 2.2807 8.124
1533316834424 2.1375 2.7442 10.5536
1533316834424 3.0404 2.6677 13.3569
1533316834424 1.9303 2.1837 12.9208
1533316834424 0.4881 1.9883 12.9466
1533316834566 1.576 1.2605 17.2699
1533316834566 4.0567 1.5285 18.5439
1533316834566 3.1654 1.3207 14.7276
1533316834566 2.8424 1.6763 12.1121
1533316834566 1.3655 1.5248 13.728
1533316834566 1.069 1.1169 14.5949
1533316834754 1.1343 0.8853 13.4928
1533316834754 1.4489 0.4667 11.2197
1533316834754 1.5778 0.3647 9.351
1533316834754 1.4167 0.4545 7.6162
1533316834754 1.9262 0.5244 7.1024
1533316834754 2.8302 0.4062 8.4835
1533316834754 2.5225 -0.077 7.7894
1533316834754 1.8954 -0.0976 5.3806
1533316834754 1.103 0.0132 3.4949
1533316834754 0.6773 0.2534 3.2063
1533316834875 0.6093 0.3747 3.9969
1533316834875 0.6306 0.4484 4.6443
1533316834875 0.2211 0.6293 4.5713
1533316834875 0.4283 1.2884 4.2053
1533316834875 2.0388 2.2115 5.2391
1533316834875 3.2754 2.5884 6.5225
1533316835031 3.1484 2.6856 5.9742
1533316835031 1.4848 3.104 5.4571
1533316835031 -0.2097 3.5867 7.2383
1533316835031 -1.5097 3.6384 10.4096
1533316835031 -2.0182 3.1871 13.2856
1533316835031 -1.4615 2.9633 14.6968
1533316835031 -1.6482 2.8091 13.3997
1533316835031 -3.01 2.3231 11.3061
1533316835153 -3.8465 1.5628 12.2637
1533316835153 -3.0954 0.7222 14.9653
1533316835153 -1.8857 0.2963 16.2775
1533316835153 -1.4483 -0.0159 14.9619
1533316835153 -1.4914 -0.1946 11.273
1533316835153 -1.7935 0.0395 7.6299
1533316835298 -1.9258 0.5459 6.2504
1533316835298 -1.7758 1.016 6.1989
1533316835298 -1.2559 1.4382 5.7897
1533316835298 -0.2665 1.4865 5.7878
1533316835298 0.6298 1.1723 6.0403
1533316835298 0.6523 0.587 5.2739
1533316835298 1.0523 0.3779 5.0451
1533316835418 1.5441 0.4509 5.9252
1533316835418 1.7718 0.7296 6.6641
1533316835418 1.5586 1.0694 5.2859
1533316835418 1.3378 1.4132 4.5211
1533316835418 1.0962 1.9691 5.9286
1533316835418 1.6696 2.3983 7.591
1533316835572 2.6962 2.826 10.3692
1533316835572 1.9736 2.7691 11.6618
1533316835572 1.0593 3.2018 11.8858
1533316835572 0.3254 3.3394 14.1416
1533316835572 0.52 2.9869 16.292
1533316835572 1.1329 2.4001 16.7629
1533316835572 2.5402 2.4296 14.5678
1533316835572 2.5133 3.0862 12.1272
1533316835719 1.9005 2.864 10.6338
1533316835719 1.5887 2.3958 13.3861
1533316835719 1.8159 1.5987 13.8474
1533316835719 2.1135 1.219 12.4541
1533316835719 2.1367 0.7738 10.5677
1533316835719 1.9311 0.3458 8.9866
1533316835719 1.9504 0.2309 8.6723
1533316835905 1.6107 0.2801 7.6383
1533316835905 1.3389 0.5793 6.313
1533316835905 1.076 0.6094 6.0282
1533316835905 0.9929 0.4827 5.9588
1533316835905 0.6953 0.0864 5.2995
1533316835905 0.5148 0.0332 4.6306
1533316835905 0.6476 0.1441 4.9943
1533316835905 1.1946 0.229 5.6599
1533316835905 1.3407 0.2102 4.8064
1533316836035 0.73 0.5499 2.8345
1533316836035 0.2076 1.3567 2.455
1533316836035 0.527 2.2536 5.2653
1533316836035 0.933 2.769 9.6195
1533316836035 0.828 2.7256 11.0037
1533316836035 0.2341 2.7198 9.4737
1533316836035 -0.2601 2.8817 10.3444
1533316836159 -0.4869 2.4939 13.4194
1533316836159 -0.0892 2.1332 14.8664
1533316836305 -2.3979 2.5144 13.0018
1533316836305 -3.3675 1.2945 13.8285
1533316836305 -2.4564 0.2928 15.2361
1533316836305 -1.535 -0.3993 15.2667
1533316836305 -1.1582 -0.4268 13.881
1533316836305 -1.1684 0.1714 11.0398
1533316836305 -0.3925 2.6548 14.154
1533316836305 -1.3731 0.6707 8.0198
1533316836305 -1.0448 1.0466 6.4519
1533316836305 -0.3037 1.1639 6.5337
1533316836305 0.3576 1.1864 7.6326
1533316836439 0.4648 1.1929 8.0002
1533316836439 0.1563 1.1222 6.7365
1533316836439 -0.2234 1.2129 4.4747
1533316836439 -0.0594 1.2905 2.9463
1533316836439 0.9202 1.3347 3.4129
1533316836439 1.7686 1.2998 4.1267
1533316836439 1.8538 1.4252 4.1877
1533316836567 1.6014 1.9573 4.6647
1533316836567 1.5802 2.453 6.1613
1533316836567 1.4451 2.9586 6.6641
1533316836567 1.353 3.7779 7.1884
1533316836567 1.7467 4.5153 9.0012
1533316836567 1.8193 4.6782 12.0381
1533316836708 1.8416 4.1803 14.7661
1533316836708 1.4001 3.3569 16.1631
1533316836708 2.3238 3.2419 17.0158
1533316836708 2.6802 3.8994 14.9725
1533316836708 2.1317 3.202 13.175
1533316836708 2.5491 2.0311 14.567
1533316836708 3.0841 1.4817 15.3808
1533316836828 3.0181 1.2642 13.2032
1533316836828 2.5227 1.1651 10.1748
1533316836828 1.5548 0.8532 8.3879
1533316836828 1.2248 0.8435 8.5188
1533316836828 1.0255 0.8431 8.3979
1533316836828 0.9939 0.8095 8.0346
1533316836946 1.1936 0.9109 8.9512
1533316836946 0.8896 0.4785 7.8193
1533316836946 0.4849 -0.1916 4.6092
1533316836946 0.4056 -0.1183 3.3718
1533316836946 0.4562 0.1464 4.8419
1533316836946 0.943 0.3476 5.5382
1533316837090 0.9006 0.5071 4.4896
1533316837090 0.6355 1.0067 2.2854
1533316837090 0.7724 1.725 2.3864
1533316837090 1.3863 2.3408 5.3474
1533316837090 2.5024 2.9918 8.3823
1533316837090 2.2649 2.9394 8.1642
1533316837247 0.1587 3.0474 5.9524
1533316837247 0.8854 2.4986 5.0383
1533316837247 -0.1635 3.6538 12.3123
1533316837247 -0.3805 1.9329 15.4147
1533316837247 1.6071 0.8699 14.2109
1533316837247 2.8843 1.1974 12.3548
1533316837247 1.3803 1.5442 13.2397
1533316837247 0.1877 1.1816 16.1827
1533316837247 0.9186 0.1223 17.625
1533316837368 2.3074 -0.5083 15.5824
1533316837368 2.472 -0.3418 12.1176
1533316837368 1.6795 0.3077 8.6092
1533316837368 0.6332 0.8096 6.9332
1533316837368 0.4765 1.0708 6.7306
1533316837368 1.4347 1.3724 6.4586
1533316837489 1.8443 0.9479 5.1291
1533316837489 1.7512 0.7081 3.8394
1533316837489 1.072 0.7468 2.3802
1533316837489 0.2392 0.6678 3.6694
1533316837489 0.1511 0.3707 6.3007
1533316837489 1.2171 0.3211 6.6465
1533316837652 2.5512 0.9011 5.0287
1533316837652 2.4715 1.5572 5.1929
1533316837652 1.6946 2.2336 6.2042
1533316837652 0.9456 3.0828 8.4297
1533316837652 1.2624 3.7493 10.2568
1533316837652 1.5511 3.9585 11.0674
1533316837652 2.1299 3.9216 12.361
1533316837652 2.1508 4.1729 14.3037
1533316837779 1.4218 4.2167 15.5694
1533316837779 0.7305 3.7763 14.7832
1533316837779 1.2451 3.236 14.6187
1533316837779 1.9794 3.4114 13.039
1533316837779 2.4771 2.6321 11.4382
1533316837779 4.1607 2.7365 11.3972
1533316837940 4.413 1.6469 12.934
1533316837940 4.5153 1.255 12.5904
1533316837940 3.8643 1.3618 9.5348
1533316837940 3.0667 1.3189 6.1074
1533316837940 2.0211 1.2278 5.4438
1533316837940 1.4064 0.4681 10.1426
1533316837940 1.1447 -0.3027 12.4617
1533316837940 2.1003 -0.1632 9.6966
1533316838063 2.6263 0.0345 5.4631
1533316838063 1.6767 -0.0909 1.7799
1533316838063 1.021 0.1157 1.6479
1533316838063 0.5451 -0.0308 4.926
1533316838063 0.8575 -0.3067 7.0276
1533316838063 1.4394 -0.1947 6.3206
1533316838257 1.8503 0.283 3.9912
1533316838257 0.4728 0.9263 3.37
1533316838257 -0.7184 1.7271 4.4022
1533316838257 -0.7026 2.3297 6.9441
1533316838257 0.3974 2.9622 8.4257
1533316838257 0.9437 3.0525 10.2211
1533316838257 -0.3626 3.0652 12.2434
1533316838257 -1.5477 2.9629 13.9604
1533316838257 -2.1702 2.5252 15.6537
1533316838257 -1.7445 3.076 15.6852
1533316838380 -2.0618 3.3821 14.0727
1533316838380 -3.7162 2.3862 13.4996
1533316838380 -3.6468 1.6602 13.3652
1533316838380 -2.0997 1.1007 13.7748
1533316838380 -1.5571 0.5434 13.6283
1533316838380 -1.5511 0.4347 11.8667
1533316838539 -1.5878 0.9539 8.9008
1533316838539 -1.4944 1.5143 5.9485
1533316838539 -1.5894 1.6261 4.0906
1533316838539 -1.2023 1.4824 4.6411
1533316838539 -0.4264 1.0331 6.746
1533316838539 0.4304 0.7518 7.2023
1533316838539 1.2558 0.4622 5.5432
1533316838539 1.1844 0.7364 3.6019
1533316838659 0.4554 1.0256 2.8564
1533316838659 0.3163 1.5581 3.5688
1533316838659 1.4094 1.242 5.2207
1533316838659 2.8551 0.978 6.8727
1533316838659 2.726 2.6354 7.265
1533316838659 0.7693 4.0146 6.2188
1533316838788 0.2787 6.0649 7.1475
1533316838788 1.4483 7.3739 9.3613
1533316838788 1.6859 6.4004 13.6404
1533316838788 1.7511 5.1545 18.004
1533316838788 0.4038 4.1125 17.8118
1533316838788 0.6641 4.726 15.1792
1533316838963 0.7164 4.9577 11.9994
1533316838963 2.0927 4.5912 12.6562
1533316838963 3.519 3.4136 16.1895
1533316838963 3.5191 2.3954 16.5417
1533316838963 2.5738 2.3916 12.9774
1533316838963 1.1258 2.6195 9.4059
1533316838963 0.6235 2.428 8.818
1533316838963 0.9084 1.7607 8.419
1533316838963 1.7138 1.3748 6.7904
1533316839088 1.5519 1.309 5.2697
1533316839088 0.1295 1.1254 4.0447
1533316839088 -0.8777 1.1375 3.1909
1533316839088 -1.1386 0.6857 4.137
1533316839088 -0.1208 0.1943 6.3911
1533316839088 0.496 -0.0312 5.9825
1533316839217 0.0126 0.3184 4.7484
1533316839217 -0.9424 1.0775 4.1575
1533316839217 -1.0418 1.8593 4.2971
1533316839217 -0.224 2.658 4.5426
1533316839217 0.2696 3.2389 5.2705
1533316839217 -0.435 3.7397 6.7025
1533316839335 -1.9919 4.6884 7.3112
1533316839335 -2.9573 5.3926 7.9724
1533316839335 -3.2668 5.1888 9.677
1533316839335 -3.6457 4.4789 11.5689
1533316839335 -3.3783 4.2317 14.0266
1533316839335 -3.3948 4.719 14.9962
1533316839502 -4.6001 4.8193 13.3765
1533316839502 -5.2792 4.1441 13.327
1533316839502 -4.8471 2.6082 15.1745
1533316839502 -3.4368 1.5349 15.6971
1533316839502 -2.7839 1.1326 13.6738
1533316839502 -2.6427 1.3685 10.4521
1533316839502 -2.4955 1.9178 7.5775
1533316839502 -2.1469 2.2406 5.8937
1533316839502 -1.5625 2.0815 5.8862
1533316839623 -0.8364 1.7152 6.3681
1533316839623 -0.2218 1.396 5.8942
1533316839623 -0.1191 1.2335 4.6915
1533316839623 -0.4397 1.3203 3.5436
1533316839755 0.3225 1.2173 4.6369
1533316839755 1.097 1.066 6.4275
1533316839755 1.4478 1.5202 5.4785
1533316839755 1.2283 2.4117 3.4231
1533316839755 -0.5501 1.3424 2.7978
1533316839755 0.9023 3.4724 3.4978
1533316839755 1.3765 4.1426 7.9602
1533316839755 2.1326 4.9548 10.3077
1533316839755 1.6919 5.7351 8.4128
1533316839882 1.2457 6.4777 8.8871
1533316839882 1.0426 5.935 13.4508
1533316839882 1.6188 5.0404 15.9387
1533316839882 2.7072 5.2838 15.6986
1533316839882 1.6931 5.2641 13.292
1533316839882 0.671 4.747 11.9481
1533316840002 0.6781 2.9212 14.3507
1533316840002 0.8876 1.1643 17.9256
1533316840002 0.2937 0.2265 16.4572
1533316840002 0.5227 1.1305 11.3251
1533316840002 0.5907 1.8153 8.1431
1533316840154 0.1407 2.2896 7.1722
1533316840154 -0.3843 2.0976 7.429
1533316840154 -0.1442 1.6095 9.4939
1533316840154 0.1925 0.9879 9.9454
1533316840154 0.453 0.8316 7.871
1533316840154 0.2905 0.818 5.9295
1533316840154 -0.4907 1.0284 4.8515
1533316840154 -0.6421 1.1308 4.7747
1533316840276 -0.2365 0.927 7.0711
1533316840276 0.4689 0.7749 9.3677
1533316840276 1.139 0.9088 8.3766
1533316840276 -0.3732 2.239 5.105
1533316840276 -3.5186 3.8831 1.6646
1533316840276 -4.2381 5.088 1.2357
1533316840405 -2.8395 5.2424 4.8129
1533316840405 -1.4625 5.4053 7.3976
1533316840405 -2.0144 6.1854 6.5727
1533316840405 -3.8334 6.9946 5.0167
1533316840405 -5.2601 6.8226 5.8294
1533316840405 -4.7139 6.3692 10.0609
1533316840562 -3.4441 6.6065 12.7211
1533316840562 -4.0869 6.1895 11.6211
1533316840562 -5.6845 4.9886 10.7212
1533316840562 -6.2107 3.6136 12.5304
1533316840562 -5.0776 2.3967 13.8427
1533316840562 -3.2497 1.7336 11.8907
1533316840562 -1.2759 1.8815 8.5464
1533316840562 0.3269 2.2352 5.8247
1533316840562 0.8716 2.3189 3.5815
1533316840705 0.5342 1.7775 4.295
1533316840705 0.5587 1.015 8.5817
1533316840705 1.5186 0.3322 10.3768
1533316840705 2.4109 0.2182 7.207
1533316840705 1.3844 0.4422 4.0584
1533316840705 -0.6766 0.9357 4.3143
1533316840866 -1.9022 1.5712 5.3343
1533316840866 -1.9229 2.2488 4.967
1533316840866 -1.1822 2.741 3.8508
1533316840866 -0.4943 3.1838 4.6781
1533316840866 -0.568 3.7714 7.4527
1533316840866 -1.0341 4.3418 9.3197
1533316840866 -1.3726 4.9811 10.8255
1533316840866 -1.2965 5.6051 10.7238
1533316840866 -1.2037 5.9171 10.7757
1533316840988 -1.3149 5.4734 12.9385
1533316840988 -0.4705 5.224 15.3591
1533316840988 0.2939 5.6738 15.2645
1533316840988 0.9698 5.3563 13.4712
1533316840988 1.4415 4.3341 14.3317
1533316840988 1.7042 3.4263 14.5105
1533316841150 1.8354 3.3716 12.5364
1533316841150 1.8908 3.316 10.145
1533316841150 1.8954 2.9037 8.6331
1533316841150 1.557 2.4875 8.2674
1533316841150 0.9592 2.1085 7.5795
1533316841150 0.2808 1.3162 7.8926
1533316841150 0.1724 0.7189 8.3613
1533316841270 0.2184 0.3727 8.0938
1533316841270 0.0269 0.3003 7.2412
1533316841270 -0.313 0.4569 6.4021
1533316841270 -0.5506 0.6384 5.57
1533316841270 -0.6467 0.7382 4.6594
1533316841270 -0.7548 0.8329 3.957
1533316841438 -0.4086 1.5969 3.7813
1533316841438 -0.0526 2.0819 4.0374
1533316841438 -0.7321 1.1617 3.856
1533316841438 -0.1335 2.6528 5.0287
1533316841438 -1.2746 3.227 6.2002
1533316841438 -2.6995 3.7765 8.8679
1533316841438 -3.3715 3.9627 8.5806
1533316841438 -3.6413 3.7549 7.698
1533316841438 -4.3273 3.2377 11.5863
1533316841563 -3.898 3.1564 15.8925
1533316841563 -4.0302 3.37 16.4114
1533316841563 -4.6565 2.7734 14.8928
1533316841563 -4.9969 1.8361 14.6906
1533316841563 -4.7352 1.3725 14.505
1533316841563 -3.9206 1.017 13.5092
1533316841730 -2.7117 0.9646 12.0157
1533316841730 -1.4895 1.2857 9.7458
1533316841730 -0.6291 1.6666 7.7334
1533316841730 -0.4178 1.7678 6.5217
1533316841730 -0.7028 1.6131 5.6932
1533316841730 -1.0232 1.4324 5.3182
1533316841730 -0.9736 1.1481 5.3452
1533316841730 -0.3913 0.9018 4.8111
1533316841730 0.2639 0.8818 3.7155
1533316841852 0.7424 1.0111 3.0273
1533316841852 0.9701 1.3089 3.3115
1533316841852 0.8273 1.8114 3.5873
1533316841852 0.4489 2.4989 3.4112
1533316841852 0.6989 3.1883 5.4507
1533316841852 1.1989 3.7564 8.569
1533316841974 1.3745 4.2179 10.6928
1533316841974 0.6362 4.3433 11.2636
1533316841974 -0.1279 4.656 12.93
1533316841974 -0.5278 4.3508 15.873
1533316841974 -0.0772 3.9732 16.5763
1533316841974 0.6243 4.7154 15.0726
1533316842161 0.8136 4.6911 13.1574
1533316842161 1.0091 3.4251 14.2695
1533316842161 1.3896 2.317 15.3225
1533316842161 1.6764 2.0491 14.4861
1533316842161 1.5947 2.3118 11.3818
1533316842161 1.3843 2.4504 8.988
1533316842161 1.0757 2.4339 7.2045
1533316842161 0.8757 1.9304 6.1683
1533316842161 1.1152 1.0267 10.4492
1533316842282 0.4926 0.2573 12.2446
1533316842282 0.219 0.4 7.5314
1533316842282 -0.6702 0.3084 2.349
1533316842282 -0.6369 0.3346 2.1569
1533316842282 -0.2154 0.1584 5.5255
1533316842435 0.2164 0.0273 7.4001
1533316842435 0.2996 0.0536 6.4844
1533316842435 -0.2189 0.5003 3.5938
1533316842435 -0.6109 1.2772 1.5168
1533316842435 -0.2735 1.927 3.1685
1533316842435 0.0143 2.3139 6.713
1533316842435 -0.521 2.6834 8.4474
1533316842435 -2.0524 3.1689 7.9824
1533316842619 -3.315 3.493 8.5357
1533316842619 -3.8916 3.2988 11.0443
1533316842619 -3.6637 2.7375 12.3191
1533316842619 -2.5372 2.5739 12.1149
1533316842619 -2.1232 3.1539 12.3208
1533316842619 -3.3588 3.0203 12.6767
1533316842619 -4.206 1.8832 15.0001
1533316842619 -3.1641 0.4178 17.9414
1533316842754 -1.6487 -0.3481 18.9097
1533316842754 -1.5335 -0.1616 16.826
1533316842754 -2.7589 0.7879 12.6105
1533316842754 -3.5814 1.9262 8.8509
1533316842754 -2.8499 2.3927 7.3006
1533316842754 -1.675 2.0694 6.9764
1533316842754 -0.8144 1.7143 6.5267
1533316842754 -0.4233 1.5823 5.3704
1533316842910 -0.3868 1.5708 3.5104
1533316842910 -0.4257 1.543 2.3044
1533316842910 -0.3826 1.4949 2.5654
1533316842910 -0.2871 1.494 3.2301
1533316842910 0.1128 1.5955 3.4226
1533316842910 0.6873 1.9039 3.3664
1533316842910 1.1882 2.4488 3.6094
1533316842910 1.4649 3.2145 5.0333
1533316843039 1.3516 4.088 6.7568
1533316843039 1.0187 4.8951 7.839
1533316843039 1.0722 5.403 9.6646
1533316843039 1.6327 5.6221 12.3595
1533316843039 1.52 5.4236 14.3456
1533316843039 0.3198 4.964 16.0009
1533316843039 0.7036 5.4256 16.2925
1533316843225 0.4144 5.5664 14.1973
1533316843225 0.522 5.1504 13.617
1533316843225 0.7976 3.7288 15.288
1533316843225 1.156 2.6413 15.786
1533316843225 1.1542 2.3534 12.4943
1533316843225 0.7097 2.5809 8.81
1533316843225 0.5196 2.3664 7.2221
1533316843225 0.3031 1.7691 7.5422
1533316843225 0.5432 0.8045 10.9664
1533316843423 0.4899 -0.1014 13.2269
1533316843423 0.4174 -0.1905 10.3329
1533316843423 0.1534 0.1796 5.6726
1533316843423 -0.6609 0.292 1.999
1533316843423 -0.6458 0.7877 2.5205
1533316843423 -0.4302 0.7116 3.9866
1533316843423 0.0046 0.8388 4.5919
1533316843423 0.4155 1.2571 3.84
1533316843423 0.5255 1.9703 2.541
1533316843606 0.3866 2.7738 2.7712
1533316843606 0.08 3.5266 4.0401
1533316843606 0.0234 3.8359 6.6934
1533316843606 -0.1252 3.7162 9.3289
1533316843606 -1.1372 3.6617 9.619
1533316843606 -2.9033 3.8872 8.5401
1533316843606 -3.9388 3.6457 10.0937
1533316843606 -3.3629 2.8234 14.2453
1533316843606 -2.1622 2.9149 15.8027
1533316843751 -2.3062 4.3005 13.4541
1533316843751 -4.3096 4.4775 10.7281
1533316843751 -5.6846 3.4399 13.0746
1533316843751 -4.4119 1.8075 16.7039
1533316843751 -2.6763 0.7763 17.219
1533316843751 -2.0384 0.9758 14.8049
1533316843751 -2.3649 2.0285 10.8048
1533316843904 -2.7594 2.8895 6.8305
1533316843904 -2.1776 2.9197 4.5564
1533316843904 -1.1863 2.4236 4.0669
1533316843904 -0.2747 2.1204 4.0538
1533316843904 0.238 1.8781 4.1298
1533316843904 0.4299 1.6814 4.0587
1533316843904 0.2632 1.69 3.2839
1533316843904 -0.344 1.8734 2.3952
1533316844038 -0.6114 2.0616 2.7902
1533316844038 -0.3073 2.2167 3.5061
1533316844038 0.1609 2.5654 3.9521
1533316844038 0.631 3.0502 5.3167
1533316844038 0.7275 3.8486 7.4084
1533316844038 0.5289 4.5773 8.4874
1533316844038 0.0795 4.8231 10.2472
1533316844213 -0.2272 4.853 12.7307
1533316844213 -0.1682 4.6084 15.3868
1533316844213 0.1946 4.0636 17.1604
1533316844213 1.0527 4.8117 16.3498
1533316844213 -0.1023 4.8214 13.8857
1533316844213 -0.1342 3.7396 16.5936
1533316844213 0.5073 5.2289 13.259
1533316844213 0.1359 2.5815 17.9815
1533316844213 -0.0312 2.2851 15.2677
1533316844335 -0.2607 2.4397 11.0199
1533316844335 -0.1573 2.5317 8.9825
1533316844335 0.3369 2.1706 7.9698
1533316844335 0.6457 1.7024 7.2451
1533316844335 0.4256 1.3544 6.5538
1533316844335 -0.1826 1.0902 4.8311
1533316844456 -0.6082 0.9754 3.5318
1533316844456 -0.3834 0.7135 3.8414
1533316844456 -0.0356 0.6355 4.2768
1533316844456 -0.1968 0.576 3.4528
1533316844456 -0.1409 0.6949 4.3488
1533316844608 -0.2002 0.7738 5.1539
1533316844608 -0.741 1.3151 3.7593
1533316844608 -1.3456 2.1701 2.992
1533316844608 -1.2937 2.9644 4.3719
1533316844608 -0.1898 3.2676 8.0219
1533316844608 0.2276 3.5585 10.0552
1533316844608 -0.3044 4.0975 9.7835
1533316844748 -1.4554 4.4041 9.2284
1533316844748 -2.2295 3.9025 11.7475
1533316844748 -1.9001 3.1277 15.9993
1533316844748 -0.9097 3.7937 16.9105
1533316844748 -2.1071 3.8762 14.3484
1533316844748 -3.1973 3.3721 13.5471
1533316844748 -3.1338 2.152 14.8448
1533316844748 -2.2816 1.3086 14.5058
1533316844874 -1.7479 0.8128 13.4564
1533316844874 -1.3192 0.8725 11.3784
1533316844874 -0.7316 1.3466 8.4296
1533316844874 -0.701 1.5916 5.5918
1533316844874 -1.35 1.6792 3.6452
1533316844874 -1.592 1.4851 3.4566
1533316844874 -0.8579 0.9145 5.2482
1533316845000 0.1818 0.5289 6.5494
1533316845000 0.744 0.548 5.5891
1533316845000 0.8131 0.8671 4.0993
1533316845000 0.5903 1.2119 3.2462
1533316845000 0.5377 1.5202 3.3924
1533316845000 0.933 1.7121 4.753
1533316845123 1.332 2.0365 6.2834
1533316845123 1.692 2.6789 7.3626
1533316845123 1.6906 3.5057 7.941
1533316845123 1.327 4.0858 9.6494
1533316845123 1.2804 4.3715 13.4801
1533316845275 1.1847 4.157 16.673
1533316845275 1.6576 3.843 16.7404
1533316845275 2.3785 4.4522 15.6835
1533316845275 2.0962 5.0484 12.024
1533316845275 1.1206 4.3723 16.3369
1533316845275 1.8005 4.8174 12.1647
1533316845275 1.8978 3.5831 15.3194
1533316845275 2.5037 2.4487 16.0653
1533316845275 2.6062 2.2106 12.9994
1533316845397 1.8579 2.1996 9.3228
1533316845397 0.9877 2.109 7.8222
1533316845397 0.6183 1.9186 7.4496
1533316845397 0.7004 1.473 6.9747
1533316845397 0.4837 1.2796 6.0037
1533316845397 0.0973 1.1152 4.8137
1533316845547 -0.3544 0.8642 4.5106
1533316845547 -0.3916 0.7201 3.9621
1533316845547 -0.2836 0.7705 2.8547
1533316845547 -0.132 0.7689 2.8786
1533316845547 0.0555 0.8434 3.9382
1533316845547 0.0717 1.0453 5.7692
1533316845547 -0.2146 1.5929 5.0819
1533316845748 -0.1503 2.5208 3.3188
1533316845748 -0.0056 3.3188 4.2718
1533316845748 -0.0191 4.0543 6.9046
1533316845748 -0.4867 4.4178 10.5282
1533316845748 -2.9606 5.0258 11.0596
1533316845748 -2.3506 5.2312 10.6695
1533316845748 -1.4832 4.7038 12.4892
1533316845748 -2.6353 4.4711 14.6201
1533316845748 -2.0926 5.2692 15.4451
1533316845748 -3.1434 5.1596 12.9414
1533316845870 -4.2622 4.4804 12.7158
1533316845870 -3.8418 3.2318 14.2714
1533316845870 -2.6068 2.1476 14.2508
1533316845870 -1.883 1.6218 13.3011
1533316845870 -1.33 1.7291 10.4956
1533316845870 -1.0839 2.1381 7.4305
1533316846028 -0.9133 2.2551 5.1359
1533316846028 -0.6634 1.922 4.8224
1533316846028 -0.2115 1.4592 6.415
1533316846028 0.3209 1.122 6.7762
1533316846028 0.6031 1.1134 4.9337
1533316846028 0.5332 1.2641 3.085
1533316846028 0.3412 1.4073 2.7248
1533316846028 0.142 1.6818 2.785
1533316846148 0.1502 1.9902 3.1676
1533316846148 0.6948 2.3847 4.1978
1533316846148 1.133 2.9889 4.8733
1533316846286 2.1577 4.2081 8.558
1533316846286 2.5753 4.815 11.4565
1533316846286 2.5619 5.2427 12.9801
1533316846286 2.5835 5.6186 13.333
1533316846286 2.5406 5.527 14.1967
1533316846286 1.4731 3.7339 6.1426
1533316846286 2.5202 4.8093 15.4227
1533316846286 3.4798 5.3085 15.0502
1533316846286 3.1557 5.7689 11.7794
1533316846432 1.9688 5.7757 11.5118
1533316846432 1.3397 4.613 14.5734
1533316846432 1.4922 3.0644 15.96
1533316846432 1.4107 2.5356 14.5536
1533316846432 1.0308 2.5159 11.0502
1533316846432 1.1588 2.5718 8.958
1533316846432 1.3926 2.4389 8.2236
1533316846432 1.5043 2.1318 7.5349
1533316846555 1.1219 1.6878 6.6768
1533316846555 0.6379 1.0401 7.9751
1533316846555 0.2876 0.6137 7.2561
1533316846555 0.1474 0.448 5.4651
1533316846555 -0.0861 0.5142 3.7469
1533316846555 -0.0191 0.7021 2.824
1533316846699 -0.1118 0.8517 2.6963
1533316846699 -0.1774 0.9417 3.6913
1533316846699 -0.2673 1.1187 5.5218
1533316846699 -0.5144 1.7822 4.3559
1533316846699 -0.6665 3.135 2.5522
1533316846699 -0.6126 4.4924 3.0134
1533316846699 -0.3347 5.3158 6.4079
1533316846851 -0.6407 5.4727 8.8571
1533316846851 -1.4147 5.4365 8.9404
1533316846851 -1.62 4.8733 11.1778
1533316846851 -0.794 4.0061 14.2772
1533316846851 -0.2515 4.259 14.2543
1533316846851 -1.8975 5.7866 11.797
1533316846851 -3.6378 5.5935 10.413
1533316846982 -3.371 3.9602 13.9787
1533316846982 -1.2791 2.0769 17.1513
1533316846982 -0.1698 1.3951 18.1853
1533316846982 -1.2022 1.5633 14.7658
1533316846982 -2.2479 2.4788 9.8128
1533316846982 -2.4516 2.813 7.4269
1533316846982 -1.5351 2.5148 6.7998
1533316847158 -0.6808 1.9524 7.3949
1533316847158 -0.0633 1.4937 7.548
1533316847158 0.5057 1.284 6.3858
1533316847158 0.77 1.3159 4.6608
1533316847158 0.5851 1.3994 2.9267
1533316847158 0.4995 1.4239 2.0893
1533316847277 1.1964 1.6203 3.7132
1533316847277 1.7338 1.8885 4.4348
1533316847277 0.7099 1.4813 2.5961
1533316847277 1.8628 2.5494 4.2835
1533316847277 1.9581 3.4769 4.1874
1533316847277 2.2937 4.3452 5.8898
1533316847277 2.4417 4.93 8.7457
1533316847277 2.3684 5.3892 10.6398
1533316847277 1.8317 5.9291 11.4228
1533316847398 1.0247 5.8993 12.4294
1533316847398 1.1061 5.4326 15.2623
1533316847398 1.7057 5.7132 15.9118
1533316847398 1.5144 5.7434 14.5432
1533316847398 0.5076 4.7296 15.8566
1533316847398 0.1177 3.1762 18.5228
1533316847607 0.0243 2.4569 18.375
1533316847607 -0.2318 2.8021 13.5358
1533316847607 -0.6402 3.0329 9.7893
1533316847607 -0.8204 2.7314 8.3342
1533316847607 -0.744 2.1351 7.3501
1533316847607 -0.537 1.4943 7.2537
1533316847607 -0.2995 1.0123 7.869
1533316847607 0.0682 0.7057 7.1687
1533316847607 -0.0045 0.755 5.0733
1533316847607 -0.5236 0.7878 3.4852
1533316847738 -0.7378 1.0182 2.7323
1533316847738 -0.5949 1.0913 2.9822
1533316847738 -0.6396 1.1745 4.5299
1533316847738 -0.5586 1.3751 4.8538
1533316847738 -1.1681 1.9331 3.2072
1533316847738 -1.3632 2.7611 2.6174
1533316847879 -1.1544 3.5524 3.7541
1533316847879 -0.7572 4.158 6.0533
1533316847879 -0.2671 4.522 7.7314
1533316847879 -0.0711 4.9345 9.3428
1533316847879 -1.214 5.2278 10.2398
1533316847879 -3.3756 4.4649 13.4817
1533316847879 -3.6049 3.5453 15.9027
1533316848057 -2.1944 3.9098 15.6963
1533316848057 -2.7309 4.7355 12.72
1533316848057 -3.4081 5.0226 11.5467
1533316848057 -4.1238 4.0806 14.1115
1533316848057 -3.3507 2.8393 14.9706
1533316848057 -2.4287 2.0144 13.4881
1533316848057 -2.0933 1.9173 11.3899
1533316848057 -1.6176 2.2993 9.359
1533316848057 -1.2545 2.5343 7.703
1533316848239 -0.8077 2.4621 6.5957
1533316848239 -0.3037 2.2267 6.5609
1533316848239 0.0825 1.9158 6.9482
1533316848239 0.4098 1.8147 5.8106
1533316848239 0.4367 1.8806 3.8979
1533316848239 0.2677 1.9368 2.341
1533316848239 0.3495 1.9997 2.1617
1533316848239 0.7303 2.0265 2.7943
1533316848239 1.1863 2.0999 3.9422
1533316848239 1.4897 2.3401 4.5663
1533316848360 1.446 2.8351 4.4205
1533316848360 1.4342 3.4405 5.3058
1533316848360 1.9803 4.0179 8.0598
1533316848360 2.3867 4.52 10.3811
1533316848360 2.0263 5.1757 11.0239
1533316848360 1.1402 5.6363 11.6185
1533316848481 0.5439 5.3103 14.4392
1533316848481 1.9226 5.6103 16.5409
1533316848481 2.7779 5.8904 15.0431
1533316848481 2.4046 5.374 15.7985
1533316848481 1.555 4.1798 18.4387
1533316848481 1.193 3.3024 16.9465
1533316848625 0.7932 3.5154 11.8642
1533316848625 0.2124 3.7465 8.5672
1533316848625 0.1572 3.3978 8.1622
1533316848625 0.5936 2.5795 9.0965
1533316848625 0.934 1.7131 10.1159
1533316848754 0.8353 0.9936 7.7383
1533316848754 0.2953 1.1484 6.3019
1533316848754 1.0756 1.1484 9.2988
1533316848754 -0.0114 1.1947 5.3771
1533316848754 0.2201 1.0907 5.3273
1533316848754 0.539 1.0416 5.3324
1533316848754 0.2576 1.1417 4.4431
1533316848754 -0.43 1.3885 3.7766
1533316848754 -0.9064 1.6096 3.6692
1533316848907 -0.8381 1.7588 4.1762
1533316848907 -0.5166 1.7028 4.7464
1533316848907 -0.2215 1.8699 5.0561
1533316848907 -0.4844 2.381 4.4091
1533316848907 -0.6651 2.8663 5.3757
1533316848907 -0.4476 3.2442 7.1293
1533316849049 -0.9847 3.6431 7.5311
1533316849049 -2.2055 4.1901 8.3991
1533316849049 -2.9065 3.936 12.1107
1533316849049 -2.0161 4.3839 15.2371
1533316849049 -2.7074 5.47 15.5294
1533316849049 -5.4408 5.6623 14.0346
1533316849049 -7.1896 4.0015 16.8986
1533316849049 -5.8334 2.1828 18.4106
1533316849176 -4.477 1.4214 15.8344
1533316849176 -3.9196 1.9168 10.9093
1533316849176 -3.5417 2.8557 7.4796
1533316849176 -2.6091 3.2723 6.5023
1533316849176 -1.5896 2.8415 8.3285
1533316849176 -0.4232 2.1604 11.395
1533316849299 0.5868 1.9485 9.7186
1533316849299 0.9295 2.115 6.3364
1533316849299 0.144 2.3839 5.1588
1533316849299 -0.3011 2.5879 5.5961
1533316849299 1.9731 2.9075 5.683
1533316849299 3.4285 2.7221 5.7147
1533316849418 1.6883 2.1458 5.3337
1533316849418 1.6922 2.0848 4.4039
1533316849418 0.5281 1.9828 5.7778
1533316849418 0.6736 2.0863 8.5907
1533316849418 1.6751 1.9191 8.372
1533316849418 2.1885 2.4197 5.8604
1533316849608 1.1962 2.5809 5.7249
1533316849608 0.4789 2.3879 10.0976
1533316849608 0.6028 2.5894 12.1456
1533316849608 0.5589 3.0065 9.5071
1533316849608 0.6402 3.0857 9.3611
1533316849608 0.8536 2.374 13.4918
1533316849608 0.1519 1.5509 17.0235
1533316849608 -0.4458 0.9758 16.1477
1533316849608 -0.3016 1.0773 12.7941
1533316849738 -0.7698 1.2419 11.1832
1533316849738 -1.002 1.1913 8.3295
1533316849738 -0.7003 1.4536 6.7073
1533316849738 -0.5666 1.0491 7.5233
1533316849738 -0.2836 0.5145 8.0377
1533316849738 -0.498 0.8601 7.0865
1533316849738 -0.1248 0.7398 6.4426
1533316849876 -0.1132 1.232 5.8063
1533316849876 0.934 2.0842 6.7634
1533316849876 1.0211 1.0668 9.2771
1533316849876 1.3915 -0.1499 10.335
1533316849876 0.9351 0.1399 10.2426
1533316849876 -1.9033 -0.217 12.1101
1533316849876 -2.4822 1.2091 11.2837
1533316850060 -0.6348 3.0546 9.6019
1533316850060 0.5695 1.9989 7.0603
1533316850060 -0.3459 0.3351 5.7753
1533316850060 -1.001 1.4301 8.6078
1533316850060 -2.387 1.4821 10.7358
1533316850060 -2.1768 0.988 10.5578
1533316850060 -1.0723 0.8839 9.1473
1533316850060 0.2036 1.2633 8.8779
1533316850060 1.8311 1.8777 9.9179
1533316850189 2.3733 2.0163 10.4639
1533316850189 1.53 1.6427 9.2198
1533316850189 1.3422 2.5472 9.7916
1533316850189 0.6158 3.3008 8.7961
1533316850189 -0.1514 3.0538 7.1548
1533316850189 -0.0577 1.4373 8.1495
1533316850333 0.6962 1.6957 9.6778
1533316850333 0.2818 1.6924 9.6815
1533316850333 -0.2177 1.6271 8.6668
1533316850333 0.14 1.647 8.6905
1533316850333 0.7693 1.4512 9.0677
1533316850333 1.2419 1.2152 9.3241
1533316850333 1.198 0.9629 9.6838
1533316850455 1.0646 1.002 10.1687
1533316850455 0.7058 1.0647 10.3712
1533316850455 0.3135 1.154 10.1172
1533316850455 0.2212 1.2266 9.0281
1533316850455 0.2919 1.5497 8.3595
1533316850455 0.2074 1.6987 8.4588
1533316850455 -0.185 1.5699 8.8374
1533316850651 -0.3643 1.582 9.348
1533316850651 0.1525 1.432 9.5961
1533316850651 0.699 1.1543 9.2272
1533316850651 0.7203 1.3413 8.5871
1533316850651 0.2807 1.4971 8.689
1533316850651 0.1375 1.3418 9.0196
1533316850798 0.2214 1.0574 9.7805
1533316850798 0.2766 1.195 9.815
1533316850798 -0.0637 1.361 9.5272
1533316850798 -0.252 1.5025 9.4644
1533316850798 -0.1656 1.4528 9.1349
1533316850798 0.2023 1.1397 9.487
1533316850798 -0.0348 1.3706 9.0576
1533316850798 -0.0594 1.3154 9.2183
1533316850798 -0.3121 1.3779 8.9746
1533316850798 0.067 1.3666 8.5538
1533316850798 0.6097 1.3205 8.7065
1533316850922 0.7381 1.1889 8.9422
1533316850922 0.5208 1.0342 9.0148
1533316850922 -0.1175 1.1653 9.4089
1533316850922 -0.403 1.1426 9.5072
1533316850922 0.1909 1.3169 9.7084
1533316850922 0.3214 1.4025 9.44
1533316851051 -0.2695 1.321 9.7044
1533316851051 -0.2712 1.3765 6.9788
1533316851051 0.361 1.4628 9.2884
1533316851051 0.6312 1.0392 9.703
1533316851051 0.4865 0.9687 10.0897
1533316851051 -0.0693 1.0774 10.1829
