33 0.9
1533316797050 -0.9395 1.683 8.819
1533316797050 -0.8305 1.7667 8.2146
1533316797050 -1.0746 1.7278 8.585
1533316797050 -1.368 1.5726 8.9449
1533316797050 -1.8359 1.4144 8.9965
1533316797050 -1.9746 1.3844 9.0689
1533316797177 -1.4767 1.3244 9.3688
1533316797177 -0.6884 1.257 10.0105
1533316797177 -0.6409 1.0717 10.0531
1533316797177 -0.9799 0.911 8.8778
1533316797177 -1.0322 0.9848 8.2021
1533316797177 -0.8457 0.9151 8.552
1533316797301 -0.6375 0.7447 9.7147
1533316797301 -0.541 0.525 10.2843
1533316797301 -0.4792 0.4301 10.0187
1533316797301 -0.3937 0.4772 9.5622
1533316797301 -0.2694 0.5326 9.052
1533316797301 0.0564 0.585 8.7676
1533316797301 0.17 0.555 8.9572
1533316797431 0.024 0.5021 9.4469
1533316797431 -0.1508 0.4704 10.0066
1533316797431 -0.5096 0.5231 10.0367
1533316797431 -0.4897 0.661 9.3187
1533316797431 -0.1175 0.7595 9.1807
1533316797431 -0.1002 0.7113 9.1633
1533316797552 0.0487 0.7083 9.0739
1533316797552 0.2426 0.7747 9.7542
1533316797552 -0.3885 0.7436 10.3067
1533316797552 -1.0396 0.9116 9.8456
1533316797552 -0.8692 0.9941 8.849
1533316797552 -0.1986 1.1737 8.5182
1533316797681 -0.0405 1.0848 9.1641
1533316797681 -0.2395 1.201 9.7706
1533316797681 -0.7902 1.1573 9.4205
1533316797681 -0.9043 1.2918 8.7175
1533316797681 -0.6033 1.4524 8.7427
1533316797681 -0.2323 1.3254 9.0902
1533316797681 0.0905 1.4321 8.9598
1533316797802 -0.9715 1.5674 8.85
1533316797802 -1.8155 1.7531 8.7728
1533316797802 -1.0258 1.6792 8.9296
1533316797802 -0.035 1.4144 8.8521
1533316797802 0.1421 1.5546 8.4196
1533316797802 -0.2998 1.566 9.122
1533316797925 -1.1762 1.5405 9.398
1533316797925 -1.5187 1.6064 8.9298
1533316797925 -0.8031 1.6855 8.8937
1533316797925 -0.0774 1.5824 9.1718
1533316797925 -0.1865 1.4361 9.2576
1533316798048 -0.7914 1.4923 8.9169
1533316798048 -1.5079 1.6478 8.8657
1533316798048 -0.8579 1.6162 9.3818
1533316798048 -0.3266 1.3673 9.7616
1533316798048 -0.3306 1.3596 9.2775
1533316798048 -0.6468 1.4168 8.8916
1533316798181 -1.5009 1.4339 8.9292
1533316798181 -1.3125 1.5634 8.9691
1533316798181 -0.6019 1.5253 9.4867
1533316798181 -0.5802 1.4277 9.334
1533316798181 -0.9848 1.4033 8.7964
1533316798181 -1.5578 1.4201 8.7525
1533316798181 -1.4712 1.4475 9.1111
1533316798307 -0.6015 1.3907 9.5193
1533316798307 0.0979 1.3534 9.6037
1533316798307 -0.1344 1.263 9.1351
1533316798307 -0.9488 1.3664 8.8723
1533316798307 -1.3034 1.3996 9.0991
1533316798307 -0.8991 1.2799 9.4125
1533316798307 -0.3913 1.2106 9.6637
1533316798433 -0.2677 1.215 9.7745
1533316798433 -0.6816 1.2101 9.3098
1533316798433 -1.7783 1.2845 8.6697
1533316798433 -2.1097 1.4678 8.8707
1533316798433 -0.8512 1.5392 9.5361
1533316798433 0.0751 1.3809 9.4352
1533316798559 -0.2358 1.3918 8.7225
1533316798559 -1.1832 1.4185 8.3598
1533316798559 -1.8249 1.3613 8.6192
1533316798559 -1.4316 1.3338 9.2772
1533316798559 -0.3876 1.2242 10.0559
1533316798559 0.2332 1.188 10.038
1533316798692 0.2169 1.2107 9.2498
1533316798692 -0.2997 1.3016 8.3219
1533316798692 -0.9187 1.3147 8.1629
1533316798692 -0.5479 1.3129 8.9176
1533316798692 0.2233 1.1761 9.604
1533316798692 0.6227 1.0499 9.5984
1533316798692 0.3789 1.0555 9.1668
1533316798824 -0.3728 1.1247 8.8769
1533316798824 -0.526 1.1789 9.3645
1533316798824 -0.2303 1.11 9.7461
1533316798824 0.0569 1.1009 9.6083
1533316798824 -0.1345 1.0894 9.4371
1533316798824 -0.3951 1.1639 9.0987
1533316798824 -0.3213 1.2101 9.0683
1533316798951 -0.3927 1.2579 9.1573
1533316798951 -0.4622 1.2277 8.953
1533316798951 -0.3765 1.1959 9.1308
1533316798951 -0.0721 1.1178 9.4251
1533316798951 0.0552 1.1138 9.1172
1533316799075 -0.0855 1.2464 8.9365
1533316799075 -0.098 1.2056 9.0007
1533316799075 0.2573 1.1725 9.7342
1533316799075 0.1358 1.0733 9.7847
1533316799075 -0.2116 1.112 9.6128
1533316799075 -0.1747 1.1877 9.2521
1533316799212 -0.0267 1.1698 9.2315
1533316799212 -0.0328 1.1663 9.487
1533316799212 -0.2144 1.0991 9.3219
1533316799212 -0.2279 1.1215 9.2644
1533316799212 -0.3084 1.1951 9.0518
1533316799212 -0.1596 1.2514 8.8488
1533316799212 0.07 1.1999 8.867
1533316799334 -0.1586 1.1865 8.9578
1533316799334 -0.2901 1.1907 9.0936
1533316799334 -0.3535 1.1566 9.2366
1533316799334 -0.2534 1.198 9.4857
1533316799334 -0.0668 1.1889 9.1841
1533316799334 -0.09 1.2177 8.9249
1533316799454 -0.0474 1.2442 9.4456
1533316799454 0.0084 1.3037 9.7531
1533316799454 -0.248 1.3341 9.2739
1533316799454 -0.2651 1.4282 8.8164
1533316799454 -0.0992 1.4676 8.7829
1533316799454 -0.0356 1.4437 9.1733
1533316799454 -0.1346 1.4281 9.313
1533316799581 -0.3788 1.3944 9.1203
1533316799581 -0.3922 1.3945 8.8938
1533316799581 -0.1178 1.3703 9.0395
1533316799581 -0.025 1.3706 9.2107
1533316799581 -0.1557 1.3269 9.1556
1533316799581 -0.3704 1.3404 9.1165
1533316799708 -0.277 1.3391 9.0763
1533316799708 -0.1271 1.3597 8.9554
1533316799708 -0.0681 1.4367 8.9115
1533316799708 -0.1487 1.3705 9.1066
1533316799708 -0.3349 1.3783 9.0668
1533316799708 -0.5024 1.3853 9.1934
1533316799835 -0.2918 1.4093 9.4963
1533316799835 -0.1194 1.349 9.4165
1533316799835 -0.1441 1.3723 9.1346
1533316799835 -0.0941 1.4316 9.0687
1533316799835 -0.216 1.428 9.1606
1533316799835 -0.2678 1.41 9.0566
1533316799835 -0.025 1.366 8.9717
1533316799960 0.1367 1.3289 8.6444
1533316799960 0.4417 1.3415 8.713
1533316799960 0.8163 1.1396 9.1067
1533316799960 0.5918 0.9736 9.6063
1533316799960 0.4303 0.866 9.5322
1533316799960 0.9366 0.8193 9.4332
1533316800126 1.2775 0.9016 9.6978
1533316800126 1.481 0.7694 8.975
1533316800126 1.5747 0.6636 9.2206
1533316800126 0.6771 0.2985 9.8219
1533316800126 1.0724 0.9398 9.0463
1533316800126 0.7033 0.4832 8.5187
1533316800126 2.1618 0.8759 9.0358
1533316800255 2.533 0.459 10.1239
1533316800255 2.6012 0.4161 9.7163
1533316800255 2.144 0.4076 8.7903
1533316800255 1.8564 0.6093 8.5893
1533316800255 1.5285 0.558 9.1243
1533316800255 2.0733 0.4777 8.092
1533316800255 2.346 0.5973 8.0338
1533316800375 3.1667 0.589 9.7438
1533316800375 2.9583 0.4484 9.8086
1533316800375 2.4718 0.3384 8.8263
1533316800375 3.0142 0.6842 8.2948
1533316800375 3.0831 0.7236 7.8757
1533316800375 3.1603 0.6601 8.2853
1533316800515 2.6862 0.583 9.1209
1533316800515 2.3435 0.5833 9.1407
1533316800515 2.681 0.5417 8.9842
1533316800515 3.0435 0.6 9.0727
1533316800515 2.9089 0.5261 9.091
1533316800515 2.6557 0.5544 9.2244
1533316800515 2.248 0.5863 9.0841
1533316800711 2.2437 0.7701 8.6881
1533316800711 2.3412 0.8137 8.6245
1533316800711 2.1771 0.7655 8.9762
1533316800711 1.6908 0.7156 9.2052
1533316800711 1.3277 0.8064 9.4495
1533316800711 1.2867 0.9452 9.5147
1533316800711 1.4566 0.8334 8.8156
1533316800711 1.4772 0.9131 8.4529
1533316800711 1.3418 1.0108 8.5036
1533316800711 1.3465 1.0322 8.6039
1533316800832 1.1617 1.0777 9.3255
1533316800832 1.0125 1.0646 9.5771
1533316800832 1.2367 1.0301 9.0655
1533316800832 1.3378 1.0518 8.7798
1533316800832 1.2877 1.0808 9.1479
1533316800832 1.2284 0.8742 9.8453
1533316800955 1.215 1.0602 9.8553
1533316800955 1.2206 1.0614 9.3716
1533316800955 1.7897 1.3235 9.3257
1533316800955 1.8397 1.2111 8.9504
1533316800955 1.4648 1.1759 9.4096
1533316800955 0.6729 1.4981 9.9002
1533316801138 0.5741 1.1605 8.6503
1533316801138 1.3341 1.2341 8.1764
1533316801138 1.6586 1.5328 8.9396
1533316801138 1.6967 1.4476 9.1926
1533316801138 1.6078 1.5548 8.9629
1533316801138 1.3177 1.5334 8.6928
1533316801138 1.1722 1.5662 8.6626
1533316801138 1.3563 1.4977 8.6895
1533316801138 1.4158 1.5249 9.0092
1533316801138 1.3436 1.6014 8.8272
1533316801259 1.2314 1.5798 8.7041
1533316801259 1.2298 1.5385 8.8214
1533316801259 1.0507 1.5715 8.9501
1533316801259 1.2431 1.6299 8.8244
1533316801259 1.3673 1.6528 8.9066
1533316801385 1.3235 1.6104 8.7636
1533316801385 1.1094 1.5783 9.2881
1533316801385 0.9404 1.5284 9.287
1533316801385 1.1883 1.4528 8.8264
1533316801385 1.3754 1.6438 9.1121
1533316801385 1.3794 1.6375 9.152
1533316801576 1.3973 1.6208 8.8394
1533316801576 1.4553 1.598 8.7227
1533316801576 1.3444 1.5772 8.8371
1533316801576 1.3938 1.4847 9.1442
1533316801576 1.494 1.4679 9.0738
1533316801576 1.4782 1.4395 9.1599
1533316801576 1.3622 1.4908 9.2623
1533316801576 1.4378 1.4681 8.9453
1533316801576 1.5058 1.4451 8.953
1533316801729 1.3462 1.4567 9.0353
1533316801729 1.3401 1.4789 9.0296
1533316801729 1.3705 1.4711 9.1532
1533316801729 1.2108 1.5333 9.1125
1533316801729 1.2364 1.6509 8.867
1533316801729 1.3783 1.693 9.0237
1533316801729 1.3521 1.7096 9.1989
1533316801729 1.3027 1.8267 8.987
1533316801856 1.2836 1.9317 8.892
1533316801856 1.3004 1.9342 9.0773
1533316801856 1.3268 1.9584 8.8512
1533316801856 1.5263 2.0028 8.4436
1533316801856 1.7597 1.9754 8.3872
1533316801856 1.8468 1.9522 8.8136
1533316801856 1.8933 1.9233 8.8762
1533316801974 1.872 1.9569 8.6592
1533316801974 1.527 1.9983 8.5762
1533316801974 1.2369 1.9561 9.2684
1533316801974 1.0164 1.8818 9.8392
1533316801974 0.7867 1.9969 9.4707
1533316801974 0.4944 2.154 8.5177
1533316802139 0.4501 2.3935 8.1352
1533316802139 0.5391 2.5269 7.7641
1533316802139 0.8351 2.5598 7.6205
1533316802139 1.1365 2.5616 7.8037
1533316802139 1.5333 2.6388 7.6001
1533316802139 1.6078 2.7399 7.5911
1533316802139 1.6827 2.7787 7.6432
1533316802139 1.6353 2.8198 7.8559
1533316802260 1.9895 2.7659 8.6779
1533316802260 2.8688 2.5358 9.7694
1533316802260 3.2548 2.5333 9.4804
1533316802260 2.5894 2.9537 8.9501
1533316802260 1.4572 3.3519 9.3968
1533316802260 1.4193 3.4426 9.8412
1533316802379 1.7511 3.61 9.575
1533316802379 1.6075 3.5941 9.0127
1533316802379 1.6232 3.597 9.0726
1533316802379 1.9608 3.7909 9.7479
1533316802379 1.7394 3.695 10.2025
1533316802503 1.2345 3.0884 10.2085
1533316802503 0.8924 2.1839 10.0288
1533316802503 1.5797 1.3439 10.6506
1533316802503 2.3946 1.2258 9.8243
1533316802503 2.3156 1.7742 8.785
1533316802503 1.0312 1.5063 9.9446
1533316802503 0.1577 0.5549 12.1438
1533316802638 0.4973 -0.449 13.6544
1533316802638 1.1604 -1.0493 13.2909
1533316802638 1.3077 -1.0277 11.8038
1533316802753 0.546 -0.0886 9.9943
1533316802753 0.9392 0.2358 10.012
1533316802753 1.2524 0.5146 9.3281
1533316802753 1.1343 0.7202 9.3396
1533316802753 0.795 -0.5385 10.1573
1533316802753 0.9448 0.8388 9.599
1533316802753 0.8592 0.8373 9.047
1533316802753 1.0654 0.9455 8.0529
1533316802753 1.4124 0.995 7.2644
1533316802873 1.6764 0.9546 7.3944
1533316802873 1.5734 0.8917 8.0856
1533316802873 1.0287 1.0228 7.8961
1533316802873 0.5659 1.4026 6.7878
1533316802873 0.4202 1.7919 5.5264
1533316802873 0.5296 2.113 5.1127
1533316803070 0.6614 2.2688 5.6027
1533316803070 0.6703 2.3308 6.1359
1533316803070 0.6964 2.4385 6.0593
1533316803070 0.6772 2.6814 5.9209
1533316803070 0.6928 2.9437 6.5778
1533316803070 1.1636 3.0378 7.5551
1533316803070 1.3014 3.0902 7.0675
1533316803070 1.2887 3.3419 6.8522
1533316803070 1.5181 3.4416 9.8158
1533316803070 2.2422 3.2679 12.442
1533316803208 2.5146 3.3932 11.3667
1533316803208 1.9323 4.3392 10.142
1533316803208 1.5011 5.2465 10.2141
1533316803208 1.0837 5.8558 11.8703
1533316803208 1.2619 5.2486 12.1991
1533316803208 1.2534 4.3218 13.4275
1533316803208 1.9186 2.7904 15.6131
1533316803347 1.8693 1.5287 17.2647
1533316803347 1.2123 1.5032 14.468
1533316803347 1.4944 1.5574 10.9416
1533316803347 2.0455 1.2142 8.3752
1533316803347 2.3229 1.3468 8.6178
1533316803347 2.5667 1.48 10.2967
1533316803347 2.3988 1.0773 8.6591
1533316803530 1.9854 1.5163 6.6124
1533316803530 1.6105 1.5952 6.3662
1533316803530 1.67 1.2902 6.9786
1533316803530 2.0239 1.0616 7.6694
1533316803530 1.5928 0.671 7.4609
1533316803530 1.1603 0.7901 5.0867
1533316803530 0.8277 1.0157 3.7071
1533316803530 1.2649 0.9873 3.8879
1533316803530 1.5529 0.9686 4.247
1533316803655 1.5116 1.043 4.6075
1533316803655 1.1918 1.5199 4.5128
1533316803655 1.3951 2.0606 3.6558
1533316803655 1.3288 2.587 4.0882
1533316803655 1.4784 3.0325 5.6414
1533316803655 2.099 3.4367 8.1381
1533316803780 2.3479 4.0281 10.0657
1533316803780 2.605 4.5896 11.4745
1533316803780 2.7933 4.8637 12.2309
1533316803780 3.2321 4.689 12.9253
1533316803780 3.3062 3.7374 14.2129
1533316803780 2.9357 3.1181 14.7702
1533316803949 1.7545 3.2262 13.0255
1533316803949 -0.0103 3.109 11.0801
1533316803949 -0.3961 2.1211 12.018
1533316803949 0.9444 0.2371 14.4049
1533316803949 2.2285 -1.1501 16.0511
1533316803949 1.6072 -1.6736 15.1247
1533316803949 -0.2448 -1.2315 11.9261
1533316803949 -1.2207 -0.2869 9.4367
1533316803949 -0.6315 0.3476 9.0215
1533316804074 0.5916 0.8898 8.6032
1533316804074 1.1953 1.4452 6.7819
1533316804074 0.92 1.9162 4.2059
1533316804074 0.6435 2.1308 2.2116
1533316804074 0.5848 1.6506 2.1589
1533316804074 1.2847 1.3338 5.1649
1533316804217 1.5925 1.1246 7.9091
1533316804217 1.4985 1.108 6.5625
1533316804217 1.6105 1.5257 3.8947
1533316804217 1.5327 1.9051 3.0832
1533316804217 1.4911 2.0791 5.045
1533316804217 1.1528 2.2594 7.0416
1533316804217 0.8313 2.5105 6.4497
1533316804334 1.2435 2.9994 5.3881
1533316804334 1.2828 3.7447 5.8778
1533316804334 1.5327 4.0391 8.2696
1533316804334 2.3724 4.4671 9.7751
1533316804334 2.0452 5.0021 10.6408
1533316804334 1.1648 4.5726 11.3104
1533316804463 1.5016 3.2208 14.661
1533316804463 1.9838 2.0532 17.2991
1533316804463 2.6849 2.8659 17.7705
1533316804463 3.323 3.2168 18.5286
1533316804463 0.0676 1.0742 19.2459
1533316804463 -1.4686 1.1532 16.1086
1533316804581 -2.6922 1.3547 11.903
1533316804581 -2.7417 1.1428 10.465
1533316804581 -1.7118 0.8048 9.2146
1533316804581 -0.9393 0.4108 8.4755
1533316804581 -0.0336 0.2422 8.4043
1533316804706 0.873 0.0095 8.8383
1533316804706 1.3251 -0.16 8.1531
1533316804706 1.2103 -0.1611 6.727
1533316804706 0.742 -0.1483 5.7468
1533316804706 0.5156 -0.0604 5.0072
1533316804706 0.3471 0.2545 3.9009
1533316804706 0.102 0.6055 3.3018
1533316804834 -0.1544 0.9241 3.376
1533316804834 -0.5037 1.295 3.7473
1533316804834 -0.7335 1.8049 4.4499
1533316804834 -0.9384 2.3271 5.0768
1533316804834 -1.5457 2.7427 5.8924
1533316804834 -2.1343 3.2464 7.4026
1533316804970 -1.7969 3.7587 10.0404
1533316804970 -1.6038 3.5653 10.8858
1533316804970 -2.0853 2.7758 10.7561
1533316804970 -1.6888 1.7452 11.9247
1533316804970 -0.4195 1.3949 13.9738
1533316804970 -0.4433 1.7584 14.2638
1533316804970 -1.9775 1.7512 12.6844
1533316805103 -2.7339 1.4549 12.1412
1533316805103 -2.0974 0.8902 13.0588
1533316805103 -1.2131 0.6647 14.0833
1533316805103 -1.3183 0.5071 13.8529
1533316805103 -2.1599 0.346 12.2539
1533316805237 -2.1691 1.1205 8.4589
1533316805237 -1.3893 1.5007 7.6629
1533316805237 -2.5853 0.5934 10.0215
1533316805237 -0.6916 1.6014 7.0374
1533316805237 -0.1628 1.5335 6.3065
1533316805237 -0.1253 1.4452 5.29
1533316805237 -0.1889 1.3556 4.6838
1533316805237 -0.238 1.3289 4.5488
1533316805237 -0.056 1.3154 4.0273
1533316805420 0.262 1.5445 3.3938
1533316805420 0.5569 1.7762 3.5393
1533316805420 0.7502 2.1472 4.1238
1533316805420 0.6926 2.6189 4.5328
1533316805420 0.3323 3.1206 5.2199
1533316805420 0.4086 3.9605 6.328
1533316805420 0.2117 4.7227 8.2837
1533316805420 -0.2386 5.1284 10.7245
1533316805420 -1.0356 5.3997 12.3121
1533316805540 -1.6283 5.1813 13.8884
1533316805540 -1.9608 4.6385 15.1662
1533316805540 -1.3192 4.9205 15.2406
1533316805540 -0.7736 4.8868 13.2158
1533316805540 0.1521 4.1923 10.5351
1533316805540 0.121 2.8482 11.8761
1533316805728 1.03 1.6454 15.5
1533316805728 1.7105 0.6255 14.8915
1533316805728 2.8952 1.0736 11.9375
1533316805728 2.4428 1.0948 10.8875
1533316805728 0.9935 1.3505 10.8866
1533316805728 0.0454 1.4673 10.3683
1533316805728 -0.3462 1.013 9.5908
1533316805728 0.3472 0.5603 8.4226
1533316805728 1.2166 0.3658 7.4889
1533316805850 1.7526 0.2677 6.6464
1533316805850 1.867 0.1446 5.3126
1533316805850 1.3996 0.2377 4.6984
1533316805850 0.686 0.4262 3.8098
1533316805850 0.5474 0.4992 3.6876
1533316805850 2.5378 0.5598 5.938
1533316806000 5.2921 0.7834 7.1424
1533316806000 5.4331 1.0109 6.2923
1533316806000 3.1186 1.8297 5.0046
1533316806000 0.8846 3.0449 5.3784
1533316806000 -0.2832 3.8268 6.1956
1533316806000 -0.6533 4.4803 7.3507
1533316806000 -1.0815 4.6331 8.6773
1533316806175 -2.1615 3.9345 10.9998
1533316806175 -3.2764 2.9825 14.5294
1533316806175 -3.1746 2.6028 16.5049
1533316806175 -2.6494 2.7489 15.1308
1533316806175 -3.4046 2.0995 11.3106
1533316806175 -2.4598 1.5427 12.621
1533316806175 -3.1366 2.5062 12.4038
1533316806175 -1.4288 1.3534 13.6413
1533316806175 -1.4674 1.4019 12.5139
1533316806297 -1.4068 1.6229 10.2345
1533316806297 -1.3804 1.7903 7.6263
1533316806297 -1.897 1.8574 6.2316
1533316806297 -2.0623 1.9034 5.9566
1533316806297 -1.4701 1.7369 5.7444
1533316806297 -0.486 1.6185 4.8455
1533316806421 0.0449 1.2363 4.0161
1533316806421 0.3181 1.144 4.9011
1533316806421 0.7945 1.0872 6.3349
1533316806421 1.0692 1.1824 6.4982
1533316806421 0.837 1.6069 5.5779
1533316806421 0.3793 2.2217 4.5874
1533316806599 0.2018 2.7533 4.8984
1533316806599 -0.3273 3.3056 5.8261
1533316806599 -0.3803 4.1567 6.3299
1533316806599 -0.1921 4.3752 8.7471
1533316806599 0.4082 4.2729 11.5524
1533316806599 1.2086 4.203 12.275
1533316806599 1.8207 4.1553 12.1868
1533316806599 2.2757 3.7732 12.9871
1533316806727 2.8897 3.0274 16.6709
1533316806727 4.3288 3.5164 16.7493
1533316806727 3.9437 4.2052 12.4704
1533316806727 1.3646 4.2511 11.1448
1533316806727 -0.2268 3.0686 14.8696
1533316806727 -0.1596 2.2479 15.2858
1533316806727 0.0549 1.6659 12.391
1533316806846 0.8738 1.8254 8.7108
1533316806846 0.5479 1.8044 7.5003
1533316806846 -0.0075 1.5862 7.6936
1533316806846 -0.3536 1.2825 7.1124
1533316806846 -0.562 1.061 6.4647
1533316806846 -0.4318 0.7889 6.135
1533316806967 -0.1298 0.6272 5.7813
1533316806967 0.2034 0.6056 5.2484
1533316806967 -0.4544 0.396 4.7094
1533316806967 -0.7182 0.7065 4.3946
1533316806967 -0.4762 0.9623 4.81
1533316806967 -0.0565 1.1243 4.9426
1533316807085 0.0707 1.4674 4.2758
1533316807085 -0.2532 1.987 4.2894
1533316807085 -0.2539 2.5272 5.6947
1533316807085 0.0178 2.861 8.1007
1533316807085 0.211 2.9416 10.2053
1533316807085 0.1664 3.0736 10.818
1533316807214 0.207 3.3298 10.7791
1533316807214 0.2325 3.4346 11.6894
1533316807214 0.0738 3.0787 13.3271
1533316807214 0.351 2.3215 14.9705
1533316807214 0.7093 2.2523 15.0539
1533316807214 -0.3903 2.5498 13.4882
1533316807214 -1.9761 1.9442 13.2918
1533316807340 -2.0388 0.7142 14.9154
1533316807340 -0.9303 -0.2474 15.2885
1533316807340 -0.2654 -0.3731 13.7225
1533316807340 -0.5802 0.0995 11.1231
1533316807340 -1.2488 0.7717 8.3982
1533316807340 -1.3871 1.1391 6.6554
1533316807472 -0.8755 1.1358 6.227
1533316807472 -0.1651 0.8612 7.0051
1533316807472 0.3068 0.7199 7.3058
1533316807472 0.4039 0.7881 6.1642
1533316807472 0.2957 0.9645 4.4359
1533316807472 0.3201 1.1259 3.3645
1533316807472 0.7217 1.2929 4.4111
1533316807660 1.3085 1.3646 6.4756
1533316807660 1.2334 1.2982 6.0767
1533316807660 0.9441 2.2655 3.5662
1533316807660 0.2597 3.2523 2.6339
1533316807660 0.2543 3.8728 6.0357
1533316807660 0.7749 4.2449 8.624
1533316807660 1.4148 4.9333 9.5954
1533316807660 1.6173 5.4345 10.1453
1533316807660 1.1992 5.6548 11.1008
1533316807779 -0.0019 6.0133 12.6479
1533316807779 -0.9082 5.6213 13.8006
1533316807779 1.0763 6.2891 14.0372
1533316807779 0.9749 5.6894 13.0561
1533316807779 0.9965 4.8343 13.5596
1533316807901 0.8924 3.2784 15.9781
1533316807901 1.0209 2.3828 15.0887
1533316807901 1.2782 2.4734 10.8812
1533316807901 1.3878 3.0381 7.3872
1533316807901 1.2851 3.1907 6.2016
1533316807901 1.1063 2.8623 7.0101
1533316808066 1.2313 2.1266 9.5359
1533316808066 1.0749 1.6196 9.4622
1533316808066 0.7924 1.5519 7.1191
1533316808066 0.3122 1.398 6.1585
1533316808066 0.0627 1.156 6.9015
1533316808066 0.4392 0.8141 7.4983
1533316808066 0.8883 0.3334 6.8677
1533316808066 1.1266 0.1327 5.7589
1533316808066 0.7033 0.4435 4.298
1533316808209 -0.5013 1.3293 2.7356
1533316808209 -1.9904 2.4816 1.984
1533316808209 -2.3473 3.4825 2.6624
1533316808209 -1.9714 4.1455 4.4735
1533316808209 -1.9882 4.9466 5.383
1533316808209 -2.6341 5.8587 6.3561
1533316808209 -3.2475 6.6039 7.7149
1533316808365 -3.7434 6.749 8.3146
1533316808365 -3.9868 6.1955 9.8943
1533316808365 -3.3861 5.1319 13.0279
1533316808365 -2.4559 4.6375 15.6046
1533316808365 -3.1085 4.7081 15.0815
1533316808365 -4.8649 4.3398 13.9046
1533316808365 -5.1267 3.2522 14.4077
1533316808365 -3.3047 1.9527 14.2884
1533316808484 -1.5652 1.0858 13.4853
1533316808484 -0.8833 0.9547 12.2173
1533316808484 -0.771 1.4162 9.9077
1533316808484 -0.7376 2.0229 7.5251
1533316808484 -0.3887 2.1959 6.0201
1533316808484 0.1653 1.8881 6.3631
1533316808653 0.6805 1.3255 7.1553
1533316808653 1.057 0.948 6.917
1533316808653 0.69 0.9596 5.1478
1533316808653 0.1864 1.2115 3.7335
1533316808653 0.0945 1.2378 3.6312
1533316808653 0.4264 1.2776 4.6319
1533316808653 1.093 1.5297 4.0679
1533316808653 1.4608 1.9223 3.6801
1533316808653 1.3397 2.401 4.4623
1533316808774 1.2216 2.9647 5.9048
1533316808774 1.8931 3.4602 8.3934
1533316808774 2.2679 4.0003 10.6198
1533316808774 2.0926 4.5704 10.5116
1533316808774 2.3799 4.4872 12.2148
1533316808774 2.7193 4.2782 17.9991
1533316808914 3.0287 5.209 18.9874
1533316808914 1.0813 5.4486 14.9028
1533316808914 0.5675 5.6768 11.7071
1533316808914 1.1573 4.073 14.4258
1533316808914 2.0775 2.4616 16.5934
1533316808914 2.6291 2.0643 14.2931
1533316809044 2.427 2.1505 10.4577
1533316809044 1.6957 2.113 7.6055
1533316809044 1.1274 1.8414 6.3795
1533316809044 0.9066 1.4659 6.3655
1533316809044 1.0386 1.0466 7.1677
1533316809044 1.4263 0.6711 8.0217
1533316809216 1.6676 0.4756 6.0653
1533316809216 1.3113 0.513 3.9075
1533316809216 0.7574 0.3912 3.2943
1533316809216 0.6056 0.4633 4.7516
1533316809216 0.5162 0.7201 4.0658
1533316809216 0.4887 0.548 5.2693
1533316809216 1.0041 1.1259 4.0508
1533316809216 1.3157 1.5955 5.0332
1533316809216 0.6993 2.108 6.4867
1533316809336 -0.2989 3.0625 7.5284
1533316809336 -0.2889 3.9129 7.63
1533316809336 -0.1018 4.3947 7.5724
1533316809336 -0.2466 4.6748 8.6772
1533316809336 -0.211 4.6216 10.0258
1533316809336 -0.1322 4.005 10.9877
1533316809507 0.1958 4.0054 13.4274
1533316809507 -1.324 3.8298 12.6885
1533316809507 0.2975 3.702 12.7996
1533316809507 -2.1031 2.5814 14.1268
1533316809507 -0.993 0.9355 16.8614
1533316809507 0.0774 -0.0101 18.0308
1533316809507 -0.4327 -0.1663 16.6904
1533316809507 -1.3962 0.3401 12.9327
1533316809507 -1.8914 0.9865 9.2312
1533316809651 -1.9213 1.4459 6.8476
1533316809651 -1.3918 1.6773 5.1465
1533316809651 -0.6914 1.6345 3.8412
1533316809651 -0.1781 1.3559 3.2897
1533316809651 0.2241 1.1686 2.9712
1533316809651 0.3723 0.859 3.3109
1533316809651 0.0929 0.7186 4.2993
1533316809769 0.3313 0.8257 4.5154
1533316809769 1.1679 1.0262 4.3699
1533316809769 1.8963 1.2565 4.6084
1533316809769 2.0311 1.7439 5.085
1533316809769 2.0134 2.3841 6.5962
1533316809769 1.9956 3.0541 7.9656
1533316809901 2.2816 3.6464 8.3986
1533316809901 2.802 3.7648 10.5934
1533316809901 2.8277 3.5103 14.6107
1533316809901 2.1045 3.4603 16.3331
1533316809901 1.7888 3.3737 15.2349
1533316809901 3.5779 4.2 15.2891
1533316810076 3.3997 4.511 14.6225
1533316810076 2.5896 4.0666 14.7003
1533316810076 2.3664 2.4225 16.7182
1533316810076 2.9866 1.5026 16.7036
1533316810076 2.8376 1.3916 13.2614
1533316810076 2.3314 1.7588 10.186
1533316810076 1.4007 1.6232 9.2047
1533316810076 0.9582 1.2136 8.4191
1533316810201 0.9274 1.0332 7.181
1533316810201 0.8124 0.6133 7.0043
1533316810201 0.8452 0.6045 7.1351
1533316810201 1.015 0.5349 5.0688
1533316810201 0.6357 0.3347 3.6108
1533316810201 0.417 0.3473 2.8025
1533316810201 0.2606 0.3094 3.0354
1533316810324 0.1673 0.4912 3.8967
1533316810324 -0.0389 0.6021 4.9609
1533316810324 -0.3267 0.829 4.5913
1533316810324 -0.3734 1.3847 3.5179
1533316810324 -0.4228 2.1085 3.2727
1533316810324 -0.1259 2.7814 5.0205
1533316810456 0.0124 3.09 7.6091
1533316810456 -0.7041 3.2861 8.6327
1533316810456 -1.9094 3.2691 10.1738
1533316810456 -2.6984 2.7038 13.9521
1533316810456 -2.4356 1.8923 16.7313
1533316810456 -1.898 1.8025 15.9707
1533316810456 -3.0052 2.0307 14.3253
1533316810603 -4.4968 1.2258 14.5599
1533316810603 -3.7509 0.0143 16.3279
1533316810603 -1.7193 -0.5953 16.5258
1533316810603 -0.987 -0.6228 15.1543
1533316810603 -1.5013 -0.301 13.1466
1533316810603 -2.0237 0.1532 10.7236
1533316810727 -1.7168 0.5263 8.4511
1533316810727 -0.565 0.6562 6.8583
1533316810727 0.393 0.6999 5.7993
1533316810727 0.7492 0.7243 4.9548
1533316810727 0.7925 0.8814 3.8852
1533316810727 0.5028 0.9673 2.7399
1533316810727 0.2514 0.9929 2.3185
1533316810856 0.3835 1.1181 2.5978
1533316810856 0.7027 1.1991 3.6977
1533316810856 0.7977 1.3875 5.1681
1533316810856 1.0151 1.8255 5.0074
1533316810856 0.9232 2.5627 4.7734
1533316810856 1.3066 3.1539 7.3327
1533316810856 1.9554 3.5 10.4918
1533316811010 1.7257 3.919 12.0959
1533316811010 1.0187 4.2141 12.2055
1533316811010 0.6057 4.1236 13.7542
1533316811010 1.4987 3.6172 17.2096
1533316811010 2.2258 4.5238 17.9187
1533316811010 1.8431 4.7242 14.1982
1533316811010 2.0487 3.7423 12.8775
1533316811010 3.0752 2.2506 15.3691
1533316811129 3.9277 1.5539 16.0011
1533316811129 3.5211 1.4017 12.9994
1533316811258 2.2421 1.6308 6.5869
1533316811258 2.4286 1.272 5.4564
1533316811258 3.4812 0.681 8.5503
1533316811258 3.5782 0.0868 8.6912
1533316811258 2.8593 1.6494 9.2552
1533316811258 2.8585 -0.0415 6.6447
1533316811258 2.184 0.0871 5.0585
1533316811258 1.8325 0.086 4
1533316811258 1.6859 0.0025 4.0361
1533316811377 1.2318 -0.087 4.3651
1533316811377 0.8567 0.0907 4.207
1533316811377 0.4094 0.4831 3.59
1533316811377 0.1121 1.0279 3.5145
1533316811377 1.086 1.6628 4.8514
1533316811377 1.8172 1.8898 5.574
1533316811517 1.9765 2.3059 6.303
1533316811517 1.3361 2.7772 7.8177
1533316811517 0.2873 3.1773 9.5549
1533316811517 -0.2246 3.3211 11.5712
1533316811517 0.1349 3.1973 12.9131
1533316811517 0.3138 3.4926 13.359
1533316811517 -0.1291 4.2189 13.4169
1533316811738 -1.0236 4.4752 12.702
1533316811738 -1.576 3.6847 13.094
1533316811738 -1.4504 2.2296 14.8061
1533316811738 -0.6385 1.3636 15.9798
1533316811738 0.1509 0.9632 15.2016
1533316811738 0.1676 0.8912 12.8716
1533316811738 -0.7204 1.1455 10.5258
1533316811738 0.1042 1.4473 5.5432
1533316811738 -0.9833 1.6306 6.5397
1533316811738 -1.3786 1.5159 8.4087
1533316811738 0.9881 1.1732 5.0667
1533316811738 1.2232 1.0139 4.3703
1533316811862 0.6043 0.9735 3.3105
1533316811862 0.3543 1.0589 2.8919
1533316811862 0.7342 1.1232 3.3571
1533316811862 1.3987 1.2928 4.2708
1533316811862 1.7376 1.6767 4.205
1533316811862 1.6744 2.1617 3.7516
1533316811991 0.9584 2.8327 4.8341
1533316811991 0.6274 3.4957 8.3132
1533316811991 0.5252 3.9193 10.7945
1533316811991 0.8911 4.3887 12.7667
1533316811991 0.5335 4.3252 12.9748
1533316811991 0.0184 4.2373 14.3612
1533316812145 0.9073 4.2129 16.7801
1533316812145 1.5864 4.7168 15.5365
1533316812145 1.8854 4.7109 13.1709
1533316812145 2.5797 2.8736 14.7191
1533316812145 3.4143 1.3111 19
1533316812145 2.7433 0.5685 18.1716
1533316812145 2.2592 0.8814 12.0738
1533316812145 2.3446 1.3601 9.0155
1533316812273 2.3277 1.4074 6.9829
1533316812273 2.0442 1.0816 5.7387
1533316812273 1.6848 0.72 5.1373
1533316812273 1.239 0.2684 5.3697
1533316812273 1.0298 -0.1004 6.2972
1533316812273 0.8828 -0.3185 5.4213
1533316812409 0.6761 -0.3022 4.025
1533316812409 0.5958 -0.0394 3.0599
1533316812409 0.3037 0.2171 2.9719
1533316812409 0.1289 0.6267 3.3645
1533316812409 0.1847 0.9958 3.3828
1533316812409 0.3662 1.5569 3.6748
1533316812555 0.3372 2.3412 4.4343
1533316812555 0.3218 3.0746 4.8098
1533316812555 -0.0054 3.6949 6.39
1533316812555 -0.3291 3.9071 10.2169
1533316812555 -0.9603 3.9405 13.4097
1533316812555 -1.8748 3.7058 13.4684
1533316812555 -2.2695 3.0827 13.8929
1533316812555 -1.7781 2.8712 15.0181
1533316812745 -1.7826 3.567 15.1978
1533316812745 -3.0277 3.3783 13.4805
1533316812745 -3.0756 2.4969 13.6057
1533316812745 -2.3584 1.0979 15.3413
1533316812745 -1.5385 0.4026 15.4353
1533316812745 -1.39 0.1293 13.713
1533316812745 -1.8513 0.2597 11.476
1533316812745 -1.6765 0.7456 9.9432
1533316812745 -0.7432 1.0435 8.8636
1533316812865 -0.0037 1.12 7.209
1533316812865 0.3073 1.1109 5.6577
1533316812865 0.4045 1.0202 4.999
1533316812865 0.325 0.9304 4.4006
1533316812865 0.1229 0.841 3.6167
1533316812865 -0.188 0.8741 3.429
1533316813008 -0.1982 0.9576 3.5598
1533316813008 0.258 1.0966 4.0497
1533316813008 0.7879 1.3718 4.1196
1533316813008 1.232 1.842 3.8867
1533316813008 1.3234 2.2775 4.2167
1533316813008 1.5279 2.6368 5.8535
1533316813008 1.9421 2.8934 9.3582
1533316813008 2.3092 3.1955 12.142
1533316813127 2.146 3.3566 11.8155
1533316813127 1.7904 3.1614 12.2068
1533316813127 1.6803 2.4647 15.6752
1533316813250 2.2765 2.7913 14.933
1533316813250 1.8965 2.443 14.5134
1533316813250 2.6968 2.6529 17.3568
1533316813250 1.7594 1.7998 16.6715
1533316813250 1.8586 1.1549 16.768
1533316813250 1.5641 1.2079 13.5837
1533316813250 0.9972 1.5274 10.2113
1533316813250 0.6143 1.4373 8.3156
1533316813250 0.9923 1.0055 8.4937
1533316813431 1.7193 0.6544 8.9215
1533316813431 1.7845 0.4282 8.0251
1533316813431 1.5609 0.4215 7.0239
1533316813431 1.066 0.3082 5.8515
1533316813431 0.5775 0.3323 5.0746
1533316813431 0.0606 0.326 4.9955
1533316813431 -0.1363 0.3439 6.2677
1533316813431 -0.0739 0.3086 5.9279
1533316813549 -0.014 0.4556 3.6989
1533316813549 -0.2976 0.9249 2.6568
1533316813549 -0.2872 1.3047 2.4066
1533316813549 0.0014 1.535 3.8289
1533316813549 0.5186 1.6973 5.6667
1533316813549 1.865 2.3893 8.6095
1533316813741 2.5695 3.2171 11.1653
1533316813741 2.0053 3.7699 11.4732
1533316813741 -0.2761 4.104 11.5232
1533316813741 -1.8533 4.5018 12.6692
1533316813741 -2.2083 4.6777 13.0791
1533316813741 -3.5487 3.8525 11.7199
1533316813741 -3.709 2.3501 12.8603
1533316813741 -2.024 0.4168 16.8053
1533316813741 -0.0003 -0.3849 18.2734
1533316813741 -0.022 -0.1798 15.6631
1533316813864 -1.4585 0.4883 12.0712
1533316813864 -2.2172 1.2185 10.2932
1533316813864 -2.1747 1.5027 9.3656
1533316813864 -1.7847 1.444 8.0123
1533316813864 -1.4759 1.3837 6.211
1533316813864 -1.0082 1.2827 4.6719
1533316814000 -0.3337 1.0668 3.392
1533316814000 0.2182 0.9114 2.6976
1533316814000 0.5951 0.9128 3.0108
1533316814000 0.9701 0.9805 3.7702
1533316814000 1.4687 1.165 4.2758
1533316814000 1.6487 1.4937 4.0012
1533316814000 1.5831 1.9571 3.8642
1533316814165 1.8494 2.2331 5.7687
1533316814165 2.3322 2.4185 8.8451
1533316814165 2.3002 2.7147 10.5332
1533316814165 2.0107 3.2081 10.7957
1533316814165 1.7996 3.845 13.0789
1533316814165 1.6058 4.2727 13.3612
1533316814165 1.4501 4.6547 12.9799
1533316814165 2.2288 5.5182 14.4949
1533316814296 3.1976 5.9866 13.2814
1533316814296 4.0906 6.028 12.5915
1533316814296 4.3426 5.2205 15.0214
1533316814296 4.1889 4.3566 14.4354
1533316814296 3.2778 4.0625 10.4161
1533316814296 2.2321 3.8684 7.5647
1533316814296 1.0786 3.1845 6.1103
1533316814432 0.7226 2.4923 6.5634
1533316814432 0.9364 1.5271 9.5638
1533316814432 1.4985 1.0304 12.5011
1533316814432 1.6807 0.6793 9.5853
1533316814432 1.0496 0.7041 5.902
1533316814432 0.2495 0.6801 4.3488
1533316814602 0.5797 0.5847 5.8126
1533316814602 1.0245 0.3228 7.7854
1533316814602 0.8638 0.0043 7.3589
1533316814602 0.3738 0.5214 5.3997
1533316814602 -0.5724 1.2134 2.9993
1533316814602 -0.9974 2.1856 1.912
1533316814602 -0.5282 2.9363 3.2682
1533316814734 -0.0525 3.3999 5.4963
1533316814734 -0.5929 3.9724 6.9629
1533316814734 -2.2102 4.6841 7.8363
1533316814734 -3.2894 5.2574 7.9308
1533316814734 -3.4937 5.1283 8.8906
1533316814734 -3.0635 4.2982 10.6563
1533316814734 -2.1634 4.1803 13.3257
1533316814734 -2.6271 4.4837 13.7848
1533316814852 -3.6198 4.576 13.6298
1533316814852 -3.9777 3.8202 14.9893
1533316814852 -3.1907 2.9176 15.9539
1533316814852 -2.482 2.4078 15.3875
1533316814852 -2.5049 2.1849 13.2292
1533316814852 -2.6613 2.3057 11.2464
1533316814973 -2.2634 2.4325 9.7284
1533316814973 -1.4422 2.2869 7.9302
1533316814973 -0.8047 2.1154 6.1414
1533316814973 -0.488 1.9293 4.6619
1533316814973 -0.2744 1.7613 3.4654
1533316814973 -0.2536 1.6651 2.5227
1533316815120 -0.5037 1.5882 2.4723
1533316815120 -0.6897 1.5672 3.388
1533316815120 -0.3763 1.6286 4.6913
1533316815120 0.0192 1.9529 4.9057
1533316815120 0.0492 2.5666 3.7021
1533316815120 0.0529 3.4592 3.1422
1533316815120 0.0509 3.9651 4.9623
1533316815242 0.0766 4.3996 8.7146
1533316815242 0.7867 4.552 12.1086
1533316815242 1.9203 4.6749 12.7686
1533316815242 2.3425 5.1249 12.7444
1533316815242 1.833 4.9892 14.6738
1533316815242 1.0328 4.987 16.2204
1533316815242 0.6745 5.5212 14.4856
1533316815375 1.182 5.4885 12.386
1533316815375 1.3716 4.3728 14.3148
1533316815375 1.6481 3.1464 16.776
1533316815375 2.006 2.5349 15.3436
1533316815375 1.8825 2.5054 11.4988
1533316815375 1.2653 2.3107 9.6404
1533316815540 0.6259 2.0862 9.2091
1533316815540 0.1414 1.8208 8.4144
1533316815540 -0.2892 1.509 7.9397
1533316815540 -0.4588 1.3108 7.3751
1533316815540 -0.264 1.2309 5.9951
1533316815540 -0.2329 1.043 4.2214
1533316815540 -0.0179 1.143 3.5786
1533316815540 0.0535 1.2513 3.7468
1533316815672 0.0503 1.262 3.5587
1533316815672 0.2193 1.507 3.7294
1533316815672 0.4612 1.7407 3.7681
1533316815672 0.6978 2.2027 3.4452
1533316815672 0.9643 2.4674 3.9418
1533316815672 1.2235 2.7105 6.8999
1533316815831 0.429 2.7912 9.8219
1533316815831 -1.024 2.9333 11.9395
1533316815831 -2.5063 3.0972 12.1179
1533316815831 -3.5478 3.3731 10.3461
1533316815831 -3.5731 3.2757 10.2194
1533316815831 -2.8332 3.1532 11.832
1533316815831 -2.3416 3.4572 12.7312
1533316815831 -3.2475 3.4423 12.0425
1533316815950 -4.2521 2.9597 12.0483
1533316815950 -4.0164 1.9525 13.1988
1533316815950 -2.9235 1.2356 13.5107
1533316815950 -1.8806 0.9163 12.7547
1533316815950 -1.6212 0.9971 11.7967
1533316815950 -1.7761 1.3827 11.11
1533316816107 -1.8598 1.7297 10.1838
1533316816107 -1.5725 1.7867 8.4588
1533316816107 -1.2408 1.6816 7.03
1533316816107 -0.8389 1.4901 6.2853
1533316816107 -0.4204 1.4023 5.5253
1533316816107 -0.1629 1.3076 4.4913
1533316816107 -0.1145 1.285 3.7098
1533316816107 0.0349 1.3939 3.6758
1533316816288 0.9483 1.752 4.6293
1533316816288 1.2146 2.0665 4.7236
1533316816288 1.4705 2.387 5.4558
1533316816288 1.9783 2.7068 7.766
1533316816288 2.5113 3.3166 10.0208
1533316816288 0.4926 1.551 4.2161
1533316816288 2.5263 3.9755 9.9866
1533316816288 2.0237 4.2678 9.252
1533316816288 1.1718 4.0437 10.6341
1533316816409 1.1131 3.5345 14.8606
1533316816409 1.9315 4.0748 16.4814
1533316816409 1.9018 4.0732 14.9857
1533316816409 2.0396 3.3038 14.9426
1533316816409 2.1848 2.2919 16.3138
1533316816409 2.2178 1.9648 15.7434
1533316816409 2.0942 2.1385 12.6499
1533316816541 1.9498 2.3468 9.8647
1533316816541 1.6823 2.0963 8.8219
1533316816541 1.4757 1.7067 8.6992
1533316816541 1.4506 1.3046 8.5121
1533316816541 1.5179 0.7976 9.7389
1533316816541 1.4021 0.3372 9.2089
1533316816716 1.1153 0.099 7.411
1533316816716 0.6881 0.0787 5.1107
1533316816716 0.2018 0.1465 4.0212
1533316816716 0.0376 0.2915 3.9037
1533316816716 -0.0919 0.435 4.1423
1533316816716 -0.2597 0.7099 3.7782
1533316816716 -0.2241 1.2818 3.0365
1533316816716 -0.1742 1.7578 2.1012
1533316816838 -0.239 2.1659 3.9533
1533316816838 -0.3226 2.6136 7.6544
1533316816838 -1.2117 2.9068 10.8761
1533316816838 -2.6544 3.1963 10.7866
1533316816838 -3.8248 3.6026 9.2649
1533316816838 -3.6983 3.3384 9.3411
1533316816989 -2.3431 2.0826 12.2993
1533316816989 -0.5964 1.9919 13.9379
1533316816989 -1.291 2.5157 12.7139
1533316816989 -3.2417 2.1775 11.0944
1533316816989 -4.2104 0.7398 12.948
1533316816989 -2.9806 -0.4228 15.5768
1533316816989 -1.8465 -0.6967 16.2826
1533316816989 -2.3402 -0.5632 14.3472
1533316817122 -3.0608 -0.1658 11.1557
1533316817122 -3.009 0.2929 8.844
1533316817122 -2.0022 0.7976 8.0223
1533316817122 -1.1246 0.9354 6.6208
1533316817268 -0.4681 0.9365 2.5919
1533316817268 -0.7478 0.5678 2.3093
1533316817268 -0.8698 0.3463 5.3669
1533316817268 -0.7338 0.5311 8.4256
1533316817268 -0.5728 0.3967 8.1224
1533316817268 -0.6275 0.9328 4.2627
1533316817268 -0.0198 0.8564 6.4596
1533316817268 0.4178 1.3802 4.3213
1533316817268 0.6009 1.8293 4.3423
1533316817268 0.794 2.1316 7.1017
1533316817412 0.8004 2.3008 9.6613
1533316817412 0.2724 2.5663 10.2421
1533316817412 -0.2032 2.5927 9.9569
1533316817412 0.2197 2.116 11.3789
1533316817412 1.164 1.2192 14.9367
1533316817412 1.7909 0.5923 17.169
1533316817412 2.25 1.8196 16.3967
1533316817548 1.4367 2.1762 14.1113
1533316817548 0.5929 1.1727 14.3585
1533316817548 0.9457 0.4412 15.9483
1533316817548 1.4978 0.4693 15.0732
1533316817548 1.6703 1.3226 11.4925
1533316817548 1.7275 1.9382 7.8781
1533316817548 1.7542 1.9265 6.16
1533316817675 2.0583 1.3935 6.6464
1533316817675 2.1701 0.6539 8.4574
1533316817675 1.9814 0.1265 9.0975
1533316817675 1.4606 -0.1318 8.2803
1533316817675 0.8474 -0.1818 7.0595
1533316817675 0.441 -0.3333 6.2278
1533316817675 0.3409 -0.3267 5.8089
1533316817804 -0.0132 -0.1633 5.841
1533316817804 -0.2215 0.0053 5.8553
1533316817804 -0.8346 0.3551 5.2861
1533316817804 -1.3375 0.8206 4.2272
1533316817804 -1.5399 1.4406 3.472
1533316818008 -1.4951 2.0528 4.1295
1533316818008 -1.2593 2.2465 6.0374
1533316818008 -0.9544 2.213 8.0424
1533316818008 -1.2189 2.132 9.223
1533316818008 -2.0719 1.9891 10.1663
1533316818008 -2.7813 1.8535 11.6436
1533316818008 -3.0716 1.0646 13.2884
1533316818008 -2.1114 0.7098 14.07
1533316818008 -1.3523 1.8039 13.801
1533316818008 -3.3123 1.8289 12.2638
1533316818127 -5.5693 1.1963 12.0102
1533316818127 -5.1658 0.3098 14.5185
1533316818127 -3.3123 0.086 15.6157
1533316818127 -2.5163 0.2687 14.3466
1533316818273 -2.2493 1.1931 9.1755
1533316818273 -1.7801 1.2563 7.5693
1533316818273 -1.1481 1.2034 6.5199
1533316818273 -0.4558 1.1954 5.7273
1533316818273 -2.4216 0.77 11.706
1533316818273 0.0566 1.2954 5.3977
1533316818273 0.3597 1.3293 5.0586
1533316818273 0.4969 1.2764 4.2926
1533316818273 0.5691 1.2691 3.9399
1533316818273 0.6779 1.4366 4.1488
1533316818395 0.613 1.6008 3.7261
1533316818395 0.3964 1.8855 3.4233
1533316818395 0.1266 2.2434 3.8032
1533316818395 0.1436 2.6812 4.9041
1533316818395 0.8306 3.1656 7.2645
1533316818395 1.8132 3.63 10.7013
1533316818557 1.5576 3.7666 11.5677
1533316818557 0.1851 3.6421 10.7688
1533316818557 -0.5527 2.87 12.6799
1533316818557 1.2583 3.0564 16.1479
1533316818557 1.8219 3.3583 16.8121
1533316818557 1.3111 2.537 16.7747
1533316818557 0.9838 1.3625 18.0413
1533316818557 1.0311 1.0776 18.7146
1533316818693 1.1611 1.3373 15.1602
1533316818693 0.9453 1.4981 11.1476
1533316818693 1.0569 1.3357 9.5998
1533316818693 1.1651 1.2312 9.0028
1533316818693 1.189 1.0758 7.9638
1533316818693 1.304 0.8048 7.4903
1533316818693 1.2758 0.4254 7.0459
1533316818856 1.0706 0.2006 6.5914
1533316818856 0.8582 0.0802 5.4578
1533316818856 0.6094 0.1291 4.9641
1533316818856 0.291 0.315 5.0891
1533316818856 0.0083 0.4763 4.608
1533316818856 -0.287 0.6811 3.5682
1533316818856 -0.5869 1.0904 3.3274
1533316818973 -0.2977 1.3905 4.5977
1533316818973 -0.414 1.4291 5.5589
1533316818973 -0.5747 1.8608 5.6269
1533316818973 -1.3858 2.1129 6.5422
1533316818973 -1.6934 2.1253 9.2729
1533316818973 -1.9333 1.8697 12.0082
1533316819131 -2.5668 1.7808 12.4336
1533316819131 -3.4293 1.5343 11.2857
1533316819131 -3.486 1.3403 10.8517
1533316819131 -3.0127 2.2492 10.6498
1533316819131 -4.2537 2.4498 11.5014
1533316819261 -6.5846 1.0926 13.6271
1533316819261 -5.1369 0.0604 15.5773
1533316819261 -4.2693 -0.4838 15.4589
1533316819261 -4.0238 -0.5988 13.9637
1533316819261 -6.0361 2.1095 11.8112
1533316819261 -3.7133 -0.1436 12.1772
1533316819261 -3.2497 0.5189 10.2687
1533316819261 -2.6243 0.9296 8.8232
1533316819261 -2.0062 1.1182 7.7714
1533316819261 -1.4386 1.18 6.6068
1533316819380 -0.9916 1.2487 5.2948
1533316819380 -0.7964 1.378 3.9612
1533316819380 -0.4587 1.487 2.9084
1533316819380 0.1401 1.4655 2.9061
1533316819380 0.6523 1.4714 3.4821
1533316819380 0.8863 1.6317 3.9315
1533316819506 0.8413 1.9004 4.3829
1533316819506 1.0143 2.3329 4.8758
1533316819506 1.4752 2.6388 5.8151
1533316819506 1.7958 2.8591 7.2201
1533316819506 1.9412 3.2482 8.6274
1533316819506 1.4653 3.7172 10.2096
1533316819642 0.4983 4.0836 11.5997
1533316819642 -0.3845 4.3269 12.986
1533316819642 -1.1862 3.8719 14.4278
1533316819642 -0.9924 3.7186 15.1683
1533316819762 -0.2498 4.7871 13.1899
1533316819762 -0.1717 4.3348 12.2495
1533316819762 -0.3686 2.8036 13.1748
1533316819762 -0.2161 1.671 15.0704
1533316819762 0.0621 0.9939 15.067
1533316819762 0.4406 1.1165 11.9243
1533316819762 0.6767 1.1308 9.9752
1533316819903 0.8446 0.9115 9.5484
1533316819903 0.8396 0.7254 9.9361
1533316819903 1.1877 0.428 10.3945
1533316819903 1.1195 0.4085 10.2762
1533316819903 1.1006 0.3752 8.601
1533316819903 0.578 0.1045 7.1143
1533316819903 -0.133 0.1298 6.6682
1533316819903 0.3861 0.2036 7.5691
1533316819903 -1.432 0.068 7.4758
1533316820022 -1.0366 0.4721 5.5145
1533316820022 -0.9896 1.035 5.1664
1533316820022 -1.2514 0.7621 4.8103
1533316820022 -1.4175 1.1136 5.9984
1533316820022 -1.3799 1.0653 6.6538
1533316820139 -1.0061 1.1551 6.112
1533316820139 -1.1012 1.5693 4.8528
1533316820139 -1.4458 1.8625 4.3542
1533316820139 -1.2581 1.9548 6.1638
1533316820139 -1.3349 1.6569 9.2694
1533316820139 -1.9385 1.5958 10.764
1533316820271 -1.405 2.9243 9.4196
1533316820271 -2.3988 2.4987 9.4296
1533316820271 -4.0568 1.5646 14.2981
1533316820271 -2.3011 0.8324 19.2643
1533316820271 -0.798 -0.3268 18.9641
1533316820271 -0.2188 -0.0541 16.7602
1533316820271 -0.0679 0.737 12.2967
1533316820427 0.2655 1.0258 9.1776
1533316820427 -0.0357 0.6061 6.7927
1533316820427 -1.1342 0.3844 6.5988
1533316820427 -1.5757 0.4274 9.1962
1533316820427 -1.2739 0.4233 10.1966
1533316820427 -0.5434 0.1341 9.6227
1533316820427 -0.0219 -0.1063 8.0034
1533316820427 0.479 0.3731 5.6823
1533316820552 -0.1949 0.8584 5.4341
1533316820552 -0.3789 1.289 7.777
1533316820552 -0.2493 1.0626 8.9727
1533316820552 -0.6438 0.5956 7.9056
1533316820552 -0.8484 0.8649 6.476
1533316820552 -0.5528 1.9792 7.7145
1533316820763 -0.1374 2.1069 10.7875
1533316820763 -0.4083 1.0643 11.7767
1533316820763 -0.2035 0.7064 9.4794
1533316820763 -0.1053 1.1938 8.1729
1533316820763 -0.741 1.956 8.7857
1533316820763 0.4461 1.8188 9.1697
1533316820763 0.0402 1.9761 9.639
1533316820763 -0.3685 2.0911 9.1721
1533316820763 -1.3152 2.287 9.242
1533316820763 -2.4115 2.5636 6.731
1533316820763 -1.4979 2.1751 3.9875
1533316820884 1.135 2.0924 7.2562
1533316820884 1.9003 0.952 12.3839
1533316820884 1.1072 1.0026 12.0482
1533316820884 -0.0462 1.5877 8.364
1533316820884 -0.7287 1.7639 8.7341
1533316820884 0.9998 1.8047 9.7295
1533316821044 2.6715 1.4123 9.3321
1533316821044 0.664 1.0174 10.6032
1533316821044 -1.7868 1.6154 11.7854
1533316821044 -0.8468 2.0431 9.7518
1533316821044 1.1547 2.4402 9.0461
1533316821044 1.3083 2.4075 9.4403
1533316821044 1.6534 2.7333 6.6115
1533316821164 -1.1491 2.2996 6.6187
1533316821164 -2.2209 2.145 9.5784
1533316821164 0.1122 2.3663 9.6111
1533316821164 1.4493 2.2285 8.8985
1533316821164 0.2971 2.1813 8.2866
1533316821164 -0.869 2.315 6.9847
1533316797050 -0.9395 1.683 8.819
1533316797050 -0.8305 1.7667 8.2146
1533316797050 -1.0746 1.7278 8.585
1533316797050 -1.368 1.5726 8.9449
1533316797050 -1.8359 1.4144 8.9965
1533316797050 -1.9746 1.3844 9.0689
1533316797177 -1.4767 1.3244 9.3688
1533316797177 -0.6884 1.257 10.0105
1533316797177 -0.6409 1.0717 10.0531
1533316797177 -0.9799 0.911 8.8778
1533316797177 -1.0322 0.9848 8.2021
1533316797177 -0.8457 0.9151 8.552
1533316797301 -0.6375 0.7447 9.7147
1533316797301 -0.541 0.525 10.2843
1533316797301 -0.4792 0.4301 10.0187
1533316797301 -0.3937 0.4772 9.5622
1533316797301 -0.2694 0.5326 9.052
1533316797301 0.0564 0.585 8.7676
1533316797301 0.17 0.555 8.9572
1533316797431 0.024 0.5021 9.4469
1533316797431 -0.1508 0.4704 10.0066
1533316797431 -0.5096 0.5231 10.0367
1533316797431 -0.4897 0.661 9.3187
1533316797431 -0.1175 0.7595 9.1807
1533316797431 -0.1002 0.7113 9.1633
1533316797552 0.0487 0.7083 9.0739
1533316797552 0.2426 0.7747 9.7542
1533316797552 -0.3885 0.7436 10.3067
1533316797552 -1.0396 0.9116 9.8456
1533316797552 -0.8692 0.9941 8.849
1533316797552 -0.1986 1.1737 8.5182
1533316797681 -0.0405 1.0848 9.1641
1533316797681 -0.2395 1.201 9.7706
1533316797681 -0.7902 1.1573 9.4205
1533316797681 -0.9043 1.2918 8.7175
1533316797681 -0.6033 1.4524 8.7427
1533316797681 -0.2323 1.3254 9.0902
1533316797681 0.0905 1.4321 8.9598
1533316797802 -0.9715 1.5674 8.85
1533316797802 -1.8155 1.7531 8.7728
1533316797802 -1.0258 1.6792 8.9296
1533316797802 -0.035 1.4144 8.8521
1533316797802 0.1421 1.5546 8.4196
1533316797802 -0.2998 1.566 9.122
1533316797925 -1.1762 1.5405 9.398
1533316797925 -1.5187 1.6064 8.9298
1533316797925 -0.8031 1.6855 8.8937
1533316797925 -0.0774 1.5824 9.1718
1533316797925 -0.1865 1.4361 9.2576
1533316798048 -0.7914 1.4923 8.9169
1533316798048 -1.5079 1.6478 8.8657
1533316798048 -0.8579 1.6162 9.3818
1533316798048 -0.3266 1.3673 9.7616
1533316798048 -0.3306 1.3596 9.2775
1533316798048 -0.6468 1.4168 8.8916
1533316798181 -1.5009 1.4339 8.9292
1533316798181 -1.3125 1.5634 8.9691
1533316798181 -0.6019 1.5253 9.4867
1533316798181 -0.5802 1.4277 9.334
1533316798181 -0.9848 1.4033 8.7964
1533316798181 -1.5578 1.4201 8.7525
1533316798181 -1.4712 1.4475 9.1111
1533316798307 -0.6015 1.3907 9.5193
1533316798307 0.0979 1.3534 9.6037
1533316798307 -0.1344 1.263 9.1351
1533316798307 -0.9488 1.3664 8.8723
1533316798307 -1.3034 1.3996 9.0991
1533316798307 -0.8991 1.2799 9.4125
1533316798307 -0.3913 1.2106 9.6637
1533316798433 -0.2677 1.215 9.7745
1533316798433 -0.6816 1.2101 9.3098
1533316798433 -1.7783 1.2845 8.6697
1533316798433 -2.1097 1.4678 8.8707
1533316798433 -0.8512 1.5392 9.5361
1533316798433 0.0751 1.3809 9.4352
1533316798559 -0.2358 1.3918 8.7225
1533316798559 -1.1832 1.4185 8.3598
1533316798559 -1.8249 1.3613 8.6192
1533316798559 -1.4316 1.3338 9.2772
1533316798559 -0.3876 1.2242 10.0559
1533316798559 0.2332 1.188 10.038
1533316798692 0.2169 1.2107 9.2498
1533316798692 -0.2997 1.3016 8.3219
1533316798692 -0.9187 1.3147 8.1629
1533316798692 -0.5479 1.3129 8.9176
1533316798692 0.2233 1.1761 9.604
1533316798692 0.6227 1.0499 9.5984
1533316798692 0.3789 1.0555 9.1668
1533316798824 -0.3728 1.1247 8.8769
1533316798824 -0.526 1.1789 9.3645
1533316798824 -0.2303 1.11 9.7461
1533316798824 0.0569 1.1009 9.6083
1533316798824 -0.1345 1.0894 9.4371
1533316798824 -0.3951 1.1639 9.0987
1533316798824 -0.3213 1.2101 9.0683
1533316798951 -0.3927 1.2579 9.1573
1533316798951 -0.4622 1.2277 8.953
1533316798951 -0.3765 1.1959 9.1308
1533316798951 -0.0721 1.1178 9.4251
1533316798951 0.0552 1.1138 9.1172
1533316799075 -0.0855 1.2464 8.9365
1533316799075 -0.098 1.2056 9.0007
1533316799075 0.2573 1.1725 9.7342
1533316799075 0.1358 1.0733 9.7847
1533316799075 -0.2116 1.112 9.6128
1533316799075 -0.1747 1.1877 9.2521
1533316799212 -0.0267 1.1698 9.2315
1533316799212 -0.0328 1.1663 9.487
1533316799212 -0.2144 1.0991 9.3219
1533316799212 -0.2279 1.1215 9.2644
1533316799212 -0.3084 1.1951 9.0518
1533316799212 -0.1596 1.2514 8.8488
1533316799212 0.07 1.1999 8.867
1533316799334 -0.1586 1.1865 8.9578
1533316799334 -0.2901 1.1907 9.0936
1533316799334 -0.3535 1.1566 9.2366
1533316799334 -0.2534 1.198 9.4857
1533316799334 -0.0668 1.1889 9.1841
1533316799334 -0.09 1.2177 8.9249
1533316799454 -0.0474 1.2442 9.4456
1533316799454 0.0084 1.3037 9.7531
1533316799454 -0.248 1.3341 9.2739
1533316799454 -0.2651 1.4282 8.8164
1533316799454 -0.0992 1.4676 8.7829
1533316799454 -0.0356 1.4437 9.1733
1533316799454 -0.1346 1.4281 9.313
1533316799581 -0.3788 1.3944 9.1203
1533316799581 -0.3922 1.3945 8.8938
1533316799581 -0.1178 1.3703 9.0395
1533316799581 -0.025 1.3706 9.2107
1533316799581 -0.1557 1.3269 9.1556
1533316799581 -0.3704 1.3404 9.1165
1533316799708 -0.277 1.3391 9.0763
1533316799708 -0.1271 1.3597 8.9554
1533316799708 -0.0681 1.4367 8.9115
1533316799708 -0.1487 1.3705 9.1066
1533316799708 -0.3349 1.3783 9.0668
1533316799708 -0.5024 1.3853 9.1934
1533316799835 -0.2918 1.4093 9.4963
1533316799835 -0.1194 1.349 9.4165
1533316799835 -0.1441 1.3723 9.1346
1533316799835 -0.0941 1.4316 9.0687
1533316799835 -0.216 1.428 9.1606
1533316799835 -0.2678 1.41 9.0566
1533316799835 -0.025 1.366 8.9717
1533316799960 0.1367 1.3289 8.6444
1533316799960 0.4417 1.3415 8.713
1533316799960 0.8163 1.1396 9.1067
1533316799960 0.5918 0.9736 9.6063
1533316799960 0.4303 0.866 9.5322
1533316799960 0.9366 0.8193 9.4332
1533316800126 1.2775 0.9016 9.6978
1533316800126 1.481 0.7694 8.975
1533316800126 1.5747 0.6636 9.2206
1533316800126 0.6771 0.2985 9.8219
1533316800126 1.0724 0.9398 9.0463
1533316800126 0.7033 0.4832 8.5187
1533316800126 2.1618 0.8759 9.0358
1533316800255 2.533 0.459 10.1239
1533316800255 2.6012 0.4161 9.7163
1533316800255 2.144 0.4076 8.7903
1533316800255 1.8564 0.6093 8.5893
1533316800255 1.5285 0.558 9.1243
1533316800255 2.0733 0.4777 8.092
1533316800255 2.346 0.5973 8.0338
1533316800375 3.1667 0.589 9.7438
1533316800375 2.9583 0.4484 9.8086
1533316800375 2.4718 0.3384 8.8263
1533316800375 3.0142 0.6842 8.2948
1533316800375 3.0831 0.7236 7.8757
1533316800375 3.1603 0.6601 8.2853
1533316800515 2.6862 0.583 9.1209
1533316800515 2.3435 0.5833 9.1407
1533316800515 2.681 0.5417 8.9842
1533316800515 3.0435 0.6 9.0727
1533316800515 2.9089 0.5261 9.091
1533316800515 2.6557 0.5544 9.2244
1533316800515 2.248 0.5863 9.0841
1533316800711 2.2437 0.7701 8.6881
1533316800711 2.3412 0.8137 8.6245
1533316800711 2.1771 0.7655 8.9762
1533316800711 1.6908 0.7156 9.2052
1533316800711 1.3277 0.8064 9.4495
1533316800711 1.2867 0.9452 9.5147
1533316800711 1.4566 0.8334 8.8156
1533316800711 1.4772 0.9131 8.4529
1533316800711 1.3418 1.0108 8.5036
1533316800711 1.3465 1.0322 8.6039
1533316800832 1.1617 1.0777 9.3255
1533316800832 1.0125 1.0646 9.5771
1533316800832 1.2367 1.0301 9.0655
1533316800832 1.3378 1.0518 8.7798
1533316800832 1.2877 1.0808 9.1479
1533316800832 1.2284 0.8742 9.8453
1533316800955 1.215 1.0602 9.8553
1533316800955 1.2206 1.0614 9.3716
1533316800955 1.7897 1.3235 9.3257
1533316800955 1.8397 1.2111 8.9504
1533316800955 1.4648 1.1759 9.4096
1533316800955 0.6729 1.4981 9.9002
1533316801138 0.5741 1.1605 8.6503
1533316801138 1.3341 1.2341 8.1764
1533316801138 1.6586 1.5328 8.9396
1533316801138 1.6967 1.4476 9.1926
1533316801138 1.6078 1.5548 8.9629
1533316801138 1.3177 1.5334 8.6928
1533316801138 1.1722 1.5662 8.6626
1533316801138 1.3563 1.4977 8.6895
1533316801138 1.4158 1.5249 9.0092
1533316801138 1.3436 1.6014 8.8272
1533316801259 1.2314 1.5798 8.7041
1533316801259 1.2298 1.5385 8.8214
1533316801259 1.0507 1.5715 8.9501
1533316801259 1.2431 1.6299 8.8244
1533316801259 1.3673 1.6528 8.9066
1533316801385 1.3235 1.6104 8.7636
1533316801385 1.1094 1.5783 9.2881
1533316801385 0.9404 1.5284 9.287
1533316801385 1.1883 1.4528 8.8264
1533316801385 1.3754 1.6438 9.1121
1533316801385 1.3794 1.6375 9.152
1533316801576 1.3973 1.6208 8.8394
1533316801576 1.4553 1.598 8.7227
1533316801576 1.3444 1.5772 8.8371
1533316801576 1.3938 1.4847 9.1442
1533316801576 1.494 1.4679 9.0738
1533316801576 1.4782 1.4395 9.1599
1533316801576 1.3622 1.4908 9.2623
1533316801576 1.4378 1.4681 8.9453
1533316801576 1.5058 1.4451 8.953
1533316801729 1.3462 1.4567 9.0353
1533316801729 1.3401 1.4789 9.0296
1533316801729 1.3705 1.4711 9.1532
1533316801729 1.2108 1.5333 9.1125
1533316801729 1.2364 1.6509 8.867
1533316801729 1.3783 1.693 9.0237
1533316801729 1.3521 1.7096 9.1989
1533316801729 1.3027 1.8267 8.987
1533316801856 1.2836 1.9317 8.892
1533316801856 1.3004 1.9342 9.0773
1533316801856 1.3268 1.9584 8.8512
1533316801856 1.5263 2.0028 8.4436
1533316801856 1.7597 1.9754 8.3872
1533316801856 1.8468 1.9522 8.8136
1533316801856 1.8933 1.9233 8.8762
1533316801974 1.872 1.9569 8.6592
1533316801974 1.527 1.9983 8.5762
1533316801974 1.2369 1.9561 9.2684
1533316801974 1.0164 1.8818 9.8392
1533316801974 0.7867 1.9969 9.4707
1533316801974 0.4944 2.154 8.5177
1533316802139 0.4501 2.3935 8.1352
1533316802139 0.5391 2.5269 7.7641
1533316802139 0.8351 2.5598 7.6205
1533316802139 1.1365 2.5616 7.8037
1533316802139 1.5333 2.6388 7.6001
1533316802139 1.6078 2.7399 7.5911
1533316802139 1.6827 2.7787 7.6432
1533316802139 1.6353 2.8198 7.8559
1533316802260 1.9895 2.7659 8.6779
1533316802260 2.8688 2.5358 9.7694
1533316802260 3.2548 2.5333 9.4804
1533316802260 2.5894 2.9537 8.9501
1533316802260 1.4572 3.3519 9.3968
1533316802260 1.4193 3.4426 9.8412
1533316802379 1.7511 3.61 9.575
1533316802379 1.6075 3.5941 9.0127
1533316802379 1.6232 3.597 9.0726
1533316802379 1.9608 3.7909 9.7479
1533316802379 1.7394 3.695 10.2025
1533316802503 1.2345 3.0884 10.2085
1533316802503 0.8924 2.1839 10.0288
1533316802503 1.5797 1.3439 10.6506
1533316802503 2.3946 1.2258 9.8243
1533316802503 2.3156 1.7742 8.785
1533316802503 1.0312 1.5063 9.9446
1533316802503 0.1577 0.5549 12.1438
1533316802638 0.4973 -0.449 13.6544
1533316802638 1.1604 -1.0493 13.2909
1533316802638 1.3077 -1.0277 11.8038
1533316802753 0.546 -0.0886 9.9943
1533316802753 0.9392 0.2358 10.012
1533316802753 1.2524 0.5146 9.3281
1533316802753 1.1343 0.7202 9.3396
1533316802753 0.795 -0.5385 10.1573
1533316802753 0.9448 0.8388 9.599
1533316802753 0.8592 0.8373 9.047
1533316802753 1.0654 0.9455 8.0529
1533316802753 1.4124 0.995 7.2644
1533316802873 1.6764 0.9546 7.3944
1533316802873 1.5734 0.8917 8.0856
1533316802873 1.0287 1.0228 7.8961
1533316802873 0.5659 1.4026 6.7878
1533316802873 0.4202 1.7919 5.5264
1533316802873 0.5296 2.113 5.1127
1533316803070 0.6614 2.2688 5.6027
1533316803070 0.6703 2.3308 6.1359
1533316803070 0.6964 2.4385 6.0593
1533316803070 0.6772 2.6814 5.9209
1533316803070 0.6928 2.9437 6.5778
1533316803070 1.1636 3.0378 7.5551
1533316803070 1.3014 3.0902 7.0675
1533316803070 1.2887 3.3419 6.8522
1533316803070 1.5181 3.4416 9.8158
1533316803070 2.2422 3.2679 12.442
1533316803208 2.5146 3.3932 11.3667
1533316803208 1.9323 4.3392 10.142
1533316803208 1.5011 5.2465 10.2141
1533316803208 1.0837 5.8558 11.8703
1533316803208 1.2619 5.2486 12.1991
1533316803208 1.2534 4.3218 13.4275
1533316803208 1.9186 2.7904 15.6131
1533316803347 1.8693 1.5287 17.2647
1533316803347 1.2123 1.5032 14.468
1533316803347 1.4944 1.5574 10.9416
1533316803347 2.0455 1.2142 8.3752
1533316803347 2.3229 1.3468 8.6178
1533316803347 2.5667 1.48 10.2967
1533316803347 2.3988 1.0773 8.6591
1533316803530 1.9854 1.5163 6.6124
1533316803530 1.6105 1.5952 6.3662
1533316803530 1.67 1.2902 6.9786
1533316803530 2.0239 1.0616 7.6694
1533316803530 1.5928 0.671 7.4609
1533316803530 1.1603 0.7901 5.0867
1533316803530 0.8277 1.0157 3.7071
1533316803530 1.2649 0.9873 3.8879
1533316803530 1.5529 0.9686 4.247
1533316803655 1.5116 1.043 4.6075
1533316803655 1.1918 1.5199 4.5128
1533316803655 1.3951 2.0606 3.6558
1533316803655 1.3288 2.587 4.0882
1533316803655 1.4784 3.0325 5.6414
1533316803655 2.099 3.4367 8.1381
1533316803780 2.3479 4.0281 10.0657
1533316803780 2.605 4.5896 11.4745
1533316803780 2.7933 4.8637 12.2309
1533316803780 3.2321 4.689 12.9253
1533316803780 3.3062 3.7374 14.2129
1533316803780 2.9357 3.1181 14.7702
1533316803949 1.7545 3.2262 13.0255
1533316803949 -0.0103 3.109 11.0801
1533316803949 -0.3961 2.1211 12.018
1533316803949 0.9444 0.2371 14.4049
1533316803949 2.2285 -1.1501 16.0511
1533316803949 1.6072 -1.6736 15.1247
1533316803949 -0.2448 -1.2315 11.9261
1533316803949 -1.2207 -0.2869 9.4367
1533316803949 -0.6315 0.3476 9.0215
1533316804074 0.5916 0.8898 8.6032
1533316804074 1.1953 1.4452 6.7819
1533316804074 0.92 1.9162 4.2059
1533316804074 0.6435 2.1308 2.2116
1533316804074 0.5848 1.6506 2.1589
1533316804074 1.2847 1.3338 5.1649
1533316804217 1.5925 1.1246 7.9091
1533316804217 1.4985 1.108 6.5625
1533316804217 1.6105 1.5257 3.8947
1533316804217 1.5327 1.9051 3.0832
1533316804217 1.4911 2.0791 5.045
1533316804217 1.1528 2.2594 7.0416
1533316804217 0.8313 2.5105 6.4497
1533316804334 1.2435 2.9994 5.3881
1533316804334 1.2828 3.7447 5.8778
1533316804334 1.5327 4.0391 8.2696
1533316804334 2.3724 4.4671 9.7751
1533316804334 2.0452 5.0021 10.6408
1533316804334 1.1648 4.5726 11.3104
1533316804463 1.5016 3.2208 14.661
1533316804463 1.9838 2.0532 17.2991
1533316804463 2.6849 2.8659 17.7705
1533316804463 3.323 3.2168 18.5286
1533316804463 0.0676 1.0742 19.2459
1533316804463 -1.4686 1.1532 16.1086
1533316804581 -2.6922 1.3547 11.903
1533316804581 -2.7417 1.1428 10.465
1533316804581 -1.7118 0.8048 9.2146
1533316804581 -0.9393 0.4108 8.4755
1533316804581 -0.0336 0.2422 8.4043
1533316804706 0.873 0.0095 8.8383
1533316804706 1.3251 -0.16 8.1531
1533316804706 1.2103 -0.1611 6.727
1533316804706 0.742 -0.1483 5.7468
1533316804706 0.5156 -0.0604 5.0072
1533316804706 0.3471 0.2545 3.9009
1533316804706 0.102 0.6055 3.3018
1533316804834 -0.1544 0.9241 3.376
1533316804834 -0.5037 1.295 3.7473
1533316804834 -0.7335 1.8049 4.4499
1533316804834 -0.9384 2.3271 5.0768
1533316804834 -1.5457 2.7427 5.8924
1533316804834 -2.1343 3.2464 7.4026
1533316804970 -1.7969 3.7587 10.0404
1533316804970 -1.6038 3.5653 10.8858
1533316804970 -2.0853 2.7758 10.7561
1533316804970 -1.6888 1.7452 11.9247
1533316804970 -0.4195 1.3949 13.9738
1533316804970 -0.4433 1.7584 14.2638
1533316804970 -1.9775 1.7512 12.6844
1533316805103 -2.7339 1.4549 12.1412
1533316805103 -2.0974 0.8902 13.0588
1533316805103 -1.2131 0.6647 14.0833
1533316805103 -1.3183 0.5071 13.8529
1533316805103 -2.1599 0.346 12.2539
1533316805237 -2.1691 1.1205 8.4589
1533316805237 -1.3893 1.5007 7.6629
1533316805237 -2.5853 0.5934 10.0215
1533316805237 -0.6916 1.6014 7.0374
1533316805237 -0.1628 1.5335 6.3065
1533316805237 -0.1253 1.4452 5.29
1533316805237 -0.1889 1.3556 4.6838
1533316805237 -0.238 1.3289 4.5488
1533316805237 -0.056 1.3154 4.0273
1533316805420 0.262 1.5445 3.3938
1533316805420 0.5569 1.7762 3.5393
1533316805420 0.7502 2.1472 4.1238
1533316805420 0.6926 2.6189 4.5328
1533316805420 0.3323 3.1206 5.2199
1533316805420 0.4086 3.9605 6.328
1533316805420 0.2117 4.7227 8.2837
1533316805420 -0.2386 5.1284 10.7245
1533316805420 -1.0356 5.3997 12.3121
1533316805540 -1.6283 5.1813 13.8884
1533316805540 -1.9608 4.6385 15.1662
1533316805540 -1.3192 4.9205 15.2406
1533316805540 -0.7736 4.8868 13.2158
1533316805540 0.1521 4.1923 10.5351
1533316805540 0.121 2.8482 11.8761
1533316805728 1.03 1.6454 15.5
1533316805728 1.7105 0.6255 14.8915
1533316805728 2.8952 1.0736 11.9375
1533316805728 2.4428 1.0948 10.8875
1533316805728 0.9935 1.3505 10.8866
1533316805728 0.0454 1.4673 10.3683
1533316805728 -0.3462 1.013 9.5908
1533316805728 0.3472 0.5603 8.4226
1533316805728 1.2166 0.3658 7.4889
1533316805850 1.7526 0.2677 6.6464
1533316805850 1.867 0.1446 5.3126
1533316805850 1.3996 0.2377 4.6984
1533316805850 0.686 0.4262 3.8098
1533316805850 0.5474 0.4992 3.6876
1533316805850 2.5378 0.5598 5.938
1533316806000 5.2921 0.7834 7.1424
1533316806000 5.4331 1.0109 6.2923
1533316806000 3.1186 1.8297 5.0046
1533316806000 0.8846 3.0449 5.3784
1533316806000 -0.2832 3.8268 6.1956
1533316806000 -0.6533 4.4803 7.3507
1533316806000 -1.0815 4.6331 8.6773
1533316806175 -2.1615 3.9345 10.9998
1533316806175 -3.2764 2.9825 14.5294
1533316806175 -3.1746 2.6028 16.5049
1533316806175 -2.6494 2.7489 15.1308
1533316806175 -3.4046 2.0995 11.3106
1533316806175 -2.4598 1.5427 12.621
1533316806175 -3.1366 2.5062 12.4038
1533316806175 -1.4288 1.3534 13.6413
1533316806175 -1.4674 1.4019 12.5139
1533316806297 -1.4068 1.6229 10.2345
1533316806297 -1.3804 1.7903 7.6263
1533316806297 -1.897 1.8574 6.2316
1533316806297 -2.0623 1.9034 5.9566
1533316806297 -1.4701 1.7369 5.7444
1533316806297 -0.486 1.6185 4.8455
1533316806421 0.0449 1.2363 4.0161
1533316806421 0.3181 1.144 4.9011
1533316806421 0.7945 1.0872 6.3349
1533316806421 1.0692 1.1824 6.4982
1533316806421 0.837 1.6069 5.5779
1533316806421 0.3793 2.2217 4.5874
1533316806599 0.2018 2.7533 4.8984
1533316806599 -0.3273 3.3056 5.8261
1533316806599 -0.3803 4.1567 6.3299
1533316806599 -0.1921 4.3752 8.7471
1533316806599 0.4082 4.2729 11.5524
1533316806599 1.2086 4.203 12.275
1533316806599 1.8207 4.1553 12.1868
1533316806599 2.2757 3.7732 12.9871
1533316806727 2.8897 3.0274 16.6709
1533316806727 4.3288 3.5164 16.7493
1533316806727 3.9437 4.2052 12.4704
1533316806727 1.3646 4.2511 11.1448
1533316806727 -0.2268 3.0686 14.8696
1533316806727 -0.1596 2.2479 15.2858
1533316806727 0.0549 1.6659 12.391
1533316806846 0.8738 1.8254 8.7108
1533316806846 0.5479 1.8044 7.5003
1533316806846 -0.0075 1.5862 7.6936
1533316806846 -0.3536 1.2825 7.1124
1533316806846 -0.562 1.061 6.4647
1533316806846 -0.4318 0.7889 6.135
1533316806967 -0.1298 0.6272 5.7813
1533316806967 0.2034 0.6056 5.2484
1533316806967 -0.4544 0.396 4.7094
1533316806967 -0.7182 0.7065 4.3946
1533316806967 -0.4762 0.9623 4.81
1533316806967 -0.0565 1.1243 4.9426
1533316807085 0.0707 1.4674 4.2758
1533316807085 -0.2532 1.987 4.2894
1533316807085 -0.2539 2.5272 5.6947
1533316807085 0.0178 2.861 8.1007
1533316807085 0.211 2.9416 10.2053
1533316807085 0.1664 3.0736 10.818
1533316807214 0.207 3.3298 10.7791
1533316807214 0.2325 3.4346 11.6894
1533316807214 0.0738 3.0787 13.3271
1533316807214 0.351 2.3215 14.9705
1533316807214 0.7093 2.2523 15.0539
1533316807214 -0.3903 2.5498 13.4882
1533316807214 -1.9761 1.9442 13.2918
1533316807340 -2.0388 0.7142 14.9154
1533316807340 -0.9303 -0.2474 15.2885
1533316807340 -0.2654 -0.3731 13.7225
1533316807340 -0.5802 0.0995 11.1231
1533316807340 -1.2488 0.7717 8.3982
1533316807340 -1.3871 1.1391 6.6554
1533316807472 -0.8755 1.1358 6.227
1533316807472 -0.1651 0.8612 7.0051
1533316807472 0.3068 0.7199 7.3058
1533316807472 0.4039 0.7881 6.1642
1533316807472 0.2957 0.9645 4.4359
1533316807472 0.3201 1.1259 3.3645
1533316807472 0.7217 1.2929 4.4111
1533316807660 1.3085 1.3646 6.4756
1533316807660 1.2334 1.2982 6.0767
1533316807660 0.9441 2.2655 3.5662
1533316807660 0.2597 3.2523 2.6339
1533316807660 0.2543 3.8728 6.0357
1533316807660 0.7749 4.2449 8.624
1533316807660 1.4148 4.9333 9.5954
1533316807660 1.6173 5.4345 10.1453
1533316807660 1.1992 5.6548 11.1008
1533316807779 -0.0019 6.0133 12.6479
1533316807779 -0.9082 5.6213 13.8006
1533316807779 1.0763 6.2891 14.0372
1533316807779 0.9749 5.6894 13.0561
1533316807779 0.9965 4.8343 13.5596
1533316807901 0.8924 3.2784 15.9781
1533316807901 1.0209 2.3828 15.0887
1533316807901 1.2782 2.4734 10.8812
1533316807901 1.3878 3.0381 7.3872
1533316807901 1.2851 3.1907 6.2016
1533316807901 1.1063 2.8623 7.0101
1533316808066 1.2313 2.1266 9.5359
1533316808066 1.0749 1.6196 9.4622
1533316808066 0.7924 1.5519 7.1191
1533316808066 0.3122 1.398 6.1585
1533316808066 0.0627 1.156 6.9015
1533316808066 0.4392 0.8141 7.4983
1533316808066 0.8883 0.3334 6.8677
1533316808066 1.1266 0.1327 5.7589
1533316808066 0.7033 0.4435 4.298
1533316808209 -0.5013 1.3293 2.7356
1533316808209 -1.9904 2.4816 1.984
1533316808209 -2.3473 3.4825 2.6624
1533316808209 -1.9714 4.1455 4.4735
1533316808209 -1.9882 4.9466 5.383
1533316808209 -2.6341 5.8587 6.3561
1533316808209 -3.2475 6.6039 7.7149
1533316808365 -3.7434 6.749 8.3146
1533316808365 -3.9868 6.1955 9.8943
1533316808365 -3.3861 5.1319 13.0279
1533316808365 -2.4559 4.6375 15.6046
1533316808365 -3.1085 4.7081 15.0815
1533316808365 -4.8649 4.3398 13.9046
1533316808365 -5.1267 3.2522 14.4077
1533316808365 -3.3047 1.9527 14.2884
1533316808484 -1.5652 1.0858 13.4853
1533316808484 -0.8833 0.9547 12.2173
1533316808484 -0.771 1.4162 9.9077
1533316808484 -0.7376 2.0229 7.5251
1533316808484 -0.3887 2.1959 6.0201
1533316808484 0.1653 1.8881 6.3631
1533316808653 0.6805 1.3255 7.1553
1533316808653 1.057 0.948 6.917
1533316808653 0.69 0.9596 5.1478
1533316808653 0.1864 1.2115 3.7335
1533316808653 0.0945 1.2378 3.6312
1533316808653 0.4264 1.2776 4.6319
1533316808653 1.093 1.5297 4.0679
1533316808653 1.4608 1.9223 3.6801
1533316808653 1.3397 2.401 4.4623
1533316808774 1.2216 2.9647 5.9048
1533316808774 1.8931 3.4602 8.3934
1533316808774 2.2679 4.0003 10.6198
1533316808774 2.0926 4.5704 10.5116
1533316808774 2.3799 4.4872 12.2148
1533316808774 2.7193 4.2782 17.9991
1533316808914 3.0287 5.209 18.9874
1533316808914 1.0813 5.4486 14.9028
1533316808914 0.5675 5.6768 11.7071
1533316808914 1.1573 4.073 14.4258
1533316808914 2.0775 2.4616 16.5934
1533316808914 2.6291 2.0643 14.2931
1533316809044 2.427 2.1505 10.4577
1533316809044 1.6957 2.113 7.6055
1533316809044 1.1274 1.8414 6.3795
1533316809044 0.9066 1.4659 6.3655
1533316809044 1.0386 1.0466 7.1677
1533316809044 1.4263 0.6711 8.0217
1533316809216 1.6676 0.4756 6.0653
1533316809216 1.3113 0.513 3.9075
1533316809216 0.7574 0.3912 3.2943
1533316809216 0.6056 0.4633 4.7516
1533316809216 0.5162 0.7201 4.0658
1533316809216 0.4887 0.548 5.2693
1533316809216 1.0041 1.1259 4.0508
1533316809216 1.3157 1.5955 5.0332
1533316809216 0.6993 2.108 6.4867
1533316809336 -0.2989 3.0625 7.5284
1533316809336 -0.2889 3.9129 7.63
1533316809336 -0.1018 4.3947 7.5724
1533316809336 -0.2466 4.6748 8.6772
1533316809336 -0.211 4.6216 10.0258
1533316809336 -0.1322 4.005 10.9877
1533316809507 0.1958 4.0054 13.4274
1533316809507 -1.324 3.8298 12.6885
1533316809507 0.2975 3.702 12.7996
1533316809507 -2.1031 2.5814 14.1268
1533316809507 -0.993 0.9355 16.8614
1533316809507 0.0774 -0.0101 18.0308
1533316809507 -0.4327 -0.1663 16.6904
1533316809507 -1.3962 0.3401 12.9327
1533316809507 -1.8914 0.9865 9.2312
1533316809651 -1.9213 1.4459 6.8476
1533316809651 -1.3918 1.6773 5.1465
1533316809651 -0.6914 1.6345 3.8412
1533316809651 -0.1781 1.3559 3.2897
1533316809651 0.2241 1.1686 2.9712
1533316809651 0.3723 0.859 3.3109
1533316809651 0.0929 0.7186 4.2993
1533316809769 0.3313 0.8257 4.5154
1533316809769 1.1679 1.0262 4.3699
1533316809769 1.8963 1.2565 4.6084
1533316809769 2.0311 1.7439 5.085
1533316809769 2.0134 2.3841 6.5962
1533316809769 1.9956 3.0541 7.9656
1533316809901 2.2816 3.6464 8.3986
1533316809901 2.802 3.7648 10.5934
1533316809901 2.8277 3.5103 14.6107
1533316809901 2.1045 3.4603 16.3331
1533316809901 1.7888 3.3737 15.2349
1533316809901 3.5779 4.2 15.2891
1533316810076 3.3997 4.511 14.6225
1533316810076 2.5896 4.0666 14.7003
1533316810076 2.3664 2.4225 16.7182
1533316810076 2.9866 1.5026 16.7036
1533316810076 2.8376 1.3916 13.2614
1533316810076 2.3314 1.7588 10.186
1533316810076 1.4007 1.6232 9.2047
1533316810076 0.9582 1.2136 8.4191
1533316810201 0.9274 1.0332 7.181
1533316810201 0.8124 0.6133 7.0043
1533316810201 0.8452 0.6045 7.1351
1533316810201 1.015 0.5349 5.0688
1533316810201 0.6357 0.3347 3.6108
1533316810201 0.417 0.3473 2.8025
1533316810201 0.2606 0.3094 3.0354
1533316810324 0.1673 0.4912 3.8967
1533316810324 -0.0389 0.6021 4.9609
1533316810324 -0.3267 0.829 4.5913
1533316810324 -0.3734 1.3847 3.5179
1533316810324 -0.4228 2.1085 3.2727
1533316810324 -0.1259 2.7814 5.0205
1533316810456 0.0124 3.09 7.6091
1533316810456 -0.7041 3.2861 8.6327
1533316810456 -1.9094 3.2691 10.1738
1533316810456 -2.6984 2.7038 13.9521
1533316810456 -2.4356 1.8923 16.7313
1533316810456 -1.898 1.8025 15.9707
1533316810456 -3.0052 2.0307 14.3253
1533316810603 -4.4968 1.2258 14.5599
1533316810603 -3.7509 0.0143 16.3279
1533316810603 -1.7193 -0.5953 16.5258
1533316810603 -0.987 -0.6228 15.1543
1533316810603 -1.5013 -0.301 13.1466
1533316810603 -2.0237 0.1532 10.7236
1533316810727 -1.7168 0.5263 8.4511
1533316810727 -0.565 0.6562 6.8583
1533316810727 0.393 0.6999 5.7993
1533316810727 0.7492 0.7243 4.9548
1533316810727 0.7925 0.8814 3.8852
1533316810727 0.5028 0.9673 2.7399
1533316810727 0.2514 0.9929 2.3185
1533316810856 0.3835 1.1181 2.5978
1533316810856 0.7027 1.1991 3.6977
1533316810856 0.7977 1.3875 5.1681
1533316810856 1.0151 1.8255 5.0074
1533316810856 0.9232 2.5627 4.7734
1533316810856 1.3066 3.1539 7.3327
1533316810856 1.9554 3.5 10.4918
1533316811010 1.7257 3.919 12.0959
1533316811010 1.0187 4.2141 12.2055
1533316811010 0.6057 4.1236 13.7542
1533316811010 1.4987 3.6172 17.2096
1533316811010 2.2258 4.5238 17.9187
1533316811010 1.8431 4.7242 14.1982
1533316811010 2.0487 3.7423 12.8775
1533316811010 3.0752 2.2506 15.3691
1533316811129 3.9277 1.5539 16.0011
1533316811129 3.5211 1.4017 12.9994
1533316811258 2.2421 1.6308 6.5869
1533316811258 2.4286 1.272 5.4564
1533316811258 3.4812 0.681 8.5503
1533316811258 3.5782 0.0868 8.6912
1533316811258 2.8593 1.6494 9.2552
1533316811258 2.8585 -0.0415 6.6447
1533316811258 2.184 0.0871 5.0585
1533316811258 1.8325 0.086 4
1533316811258 1.6859 0.0025 4.0361
1533316811377 1.2318 -0.087 4.3651
1533316811377 0.8567 0.0907 4.207
1533316811377 0.4094 0.4831 3.59
1533316811377 0.1121 1.0279 3.5145
1533316811377 1.086 1.6628 4.8514
1533316811377 1.8172 1.8898 5.574
1533316811517 1.9765 2.3059 6.303
1533316811517 1.3361 2.7772 7.8177
1533316811517 0.2873 3.1773 9.5549
1533316811517 -0.2246 3.3211 11.5712
1533316811517 0.1349 3.1973 12.9131
1533316811517 0.3138 3.4926 13.359
1533316811517 -0.1291 4.2189 13.4169
1533316811738 -1.0236 4.4752 12.702
1533316811738 -1.576 3.6847 13.094
1533316811738 -1.4504 2.2296 14.8061
1533316811738 -0.6385 1.3636 15.9798
1533316811738 0.1509 0.9632 15.2016
1533316811738 0.1676 0.8912 12.8716
1533316811738 -0.7204 1.1455 10.5258
1533316811738 0.1042 1.4473 5.5432
1533316811738 -0.9833 1.6306 6.5397
1533316811738 -1.3786 1.5159 8.4087
1533316811738 0.9881 1.1732 5.0667
1533316811738 1.2232 1.0139 4.3703
1533316811862 0.6043 0.9735 3.3105
1533316811862 0.3543 1.0589 2.8919
1533316811862 0.7342 1.1232 3.3571
1533316811862 1.3987 1.2928 4.2708
1533316811862 1.7376 1.6767 4.205
1533316811862 1.6744 2.1617 3.7516
1533316811991 0.9584 2.8327 4.8341
1533316811991 0.6274 3.4957 8.3132
1533316811991 0.5252 3.9193 10.7945
1533316811991 0.8911 4.3887 12.7667
1533316811991 0.5335 4.3252 12.9748
1533316811991 0.0184 4.2373 14.3612
1533316812145 0.9073 4.2129 16.7801
1533316812145 1.5864 4.7168 15.5365
1533316812145 1.8854 4.7109 13.1709
1533316812145 2.5797 2.8736 14.7191
1533316812145 3.4143 1.3111 19
1533316812145 2.7433 0.5685 18.1716
1533316812145 2.2592 0.8814 12.0738
1533316812145 2.3446 1.3601 9.0155
1533316812273 2.3277 1.4074 6.9829
1533316812273 2.0442 1.0816 5.7387
1533316812273 1.6848 0.72 5.1373
1533316812273 1.239 0.2684 5.3697
1533316812273 1.0298 -0.1004 6.2972
1533316812273 0.8828 -0.3185 5.4213
1533316812409 0.6761 -0.3022 4.025
1533316812409 0.5958 -0.0394 3.0599
1533316812409 0.3037 0.2171 2.9719
1533316812409 0.1289 0.6267 3.3645
1533316812409 0.1847 0.9958 3.3828
1533316812409 0.3662 1.5569 3.6748
1533316812555 0.3372 2.3412 4.4343
1533316812555 0.3218 3.0746 4.8098
1533316812555 -0.0054 3.6949 6.39
1533316812555 -0.3291 3.9071 10.2169
1533316812555 -0.9603 3.9405 13.4097
1533316812555 -1.8748 3.7058 13.4684
1533316812555 -2.2695 3.0827 13.8929
1533316812555 -1.7781 2.8712 15.0181
1533316812745 -1.7826 3.567 15.1978
1533316812745 -3.0277 3.3783 13.4805
1533316812745 -3.0756 2.4969 13.6057
1533316812745 -2.3584 1.0979 15.3413
1533316812745 -1.5385 0.4026 15.4353
1533316812745 -1.39 0.1293 13.713
1533316812745 -1.8513 0.2597 11.476
1533316812745 -1.6765 0.7456 9.9432
1533316812745 -0.7432 1.0435 8.8636
1533316812865 -0.0037 1.12 7.209
1533316812865 0.3073 1.1109 5.6577
1533316812865 0.4045 1.0202 4.999
1533316812865 0.325 0.9304 4.4006
1533316812865 0.1229 0.841 3.6167
1533316812865 -0.188 0.8741 3.429
1533316813008 -0.1982 0.9576 3.5598
1533316813008 0.258 1.0966 4.0497
1533316813008 0.7879 1.3718 4.1196
1533316813008 1.232 1.842 3.8867
1533316813008 1.3234 2.2775 4.2167
1533316813008 1.5279 2.6368 5.8535
1533316813008 1.9421 2.8934 9.3582
1533316813008 2.3092 3.1955 12.142
1533316813127 2.146 3.3566 11.8155
1533316813127 1.7904 3.1614 12.2068
1533316813127 1.6803 2.4647 15.6752
1533316813250 2.2765 2.7913 14.933
1533316813250 1.8965 2.443 14.5134
1533316813250 2.6968 2.6529 17.3568
1533316813250 1.7594 1.7998 16.6715
1533316813250 1.8586 1.1549 16.768
1533316813250 1.5641 1.2079 13.5837
1533316813250 0.9972 1.5274 10.2113
1533316813250 0.6143 1.4373 8.3156
1533316813250 0.9923 1.0055 8.4937
1533316813431 1.7193 0.6544 8.9215
1533316813431 1.7845 0.4282 8.0251
1533316813431 1.5609 0.4215 7.0239
1533316813431 1.066 0.3082 5.8515
1533316813431 0.5775 0.3323 5.0746
1533316813431 0.0606 0.326 4.9955
1533316813431 -0.1363 0.3439 6.2677
1533316813431 -0.0739 0.3086 5.9279
1533316813549 -0.014 0.4556 3.6989
1533316813549 -0.2976 0.9249 2.6568
1533316813549 -0.2872 1.3047 2.4066
1533316813549 0.0014 1.535 3.8289
1533316813549 0.5186 1.6973 5.6667
1533316813549 1.865 2.3893 8.6095
1533316813741 2.5695 3.2171 11.1653
1533316813741 2.0053 3.7699 11.4732
1533316813741 -0.2761 4.104 11.5232
1533316813741 -1.8533 4.5018 12.6692
1533316813741 -2.2083 4.6777 13.0791
1533316813741 -3.5487 3.8525 11.7199
1533316813741 -3.709 2.3501 12.8603
1533316813741 -2.024 0.4168 16.8053
1533316813741 -0.0003 -0.3849 18.2734
1533316813741 -0.022 -0.1798 15.6631
1533316813864 -1.4585 0.4883 12.0712
1533316813864 -2.2172 1.2185 10.2932
1533316813864 -2.1747 1.5027 9.3656
1533316813864 -1.7847 1.444 8.0123
1533316813864 -1.4759 1.3837 6.211
1533316813864 -1.0082 1.2827 4.6719
1533316814000 -0.3337 1.0668 3.392
1533316814000 0.2182 0.9114 2.6976
1533316814000 0.5951 0.9128 3.0108
1533316814000 0.9701 0.9805 3.7702
1533316814000 1.4687 1.165 4.2758
1533316814000 1.6487 1.4937 4.0012
1533316814000 1.5831 1.9571 3.8642
1533316814165 1.8494 2.2331 5.7687
1533316814165 2.3322 2.4185 8.8451
1533316814165 2.3002 2.7147 10.5332
1533316814165 2.0107 3.2081 10.7957
1533316814165 1.7996 3.845 13.0789
1533316814165 1.6058 4.2727 13.3612
1533316814165 1.4501 4.6547 12.9799
1533316814165 2.2288 5.5182 14.4949
1533316814296 3.1976 5.9866 13.2814
1533316814296 4.0906 6.028 12.5915
1533316814296 4.3426 5.2205 15.0214
1533316814296 4.1889 4.3566 14.4354
1533316814296 3.2778 4.0625 10.4161
1533316814296 2.2321 3.8684 7.5647
1533316814296 1.0786 3.1845 6.1103
1533316814432 0.7226 2.4923 6.5634
1533316814432 0.9364 1.5271 9.5638
1533316814432 1.4985 1.0304 12.5011
1533316814432 1.6807 0.6793 9.5853
1533316814432 1.0496 0.7041 5.902
1533316814432 0.2495 0.6801 4.3488
1533316814602 0.5797 0.5847 5.8126
1533316814602 1.0245 0.3228 7.7854
1533316814602 0.8638 0.0043 7.3589
1533316814602 0.3738 0.5214 5.3997
1533316814602 -0.5724 1.2134 2.9993
1533316814602 -0.9974 2.1856 1.912
1533316814602 -0.5282 2.9363 3.2682
1533316814734 -0.0525 3.3999 5.4963
1533316814734 -0.5929 3.9724 6.9629
1533316814734 -2.2102 4.6841 7.8363
1533316814734 -3.2894 5.2574 7.9308
1533316814734 -3.4937 5.1283 8.8906
1533316814734 -3.0635 4.2982 10.6563
1533316814734 -2.1634 4.1803 13.3257
1533316814734 -2.6271 4.4837 13.7848
1533316814852 -3.6198 4.576 13.6298
1533316814852 -3.9777 3.8202 14.9893
1533316814852 -3.1907 2.9176 15.9539
1533316814852 -2.482 2.4078 15.3875
1533316814852 -2.5049 2.1849 13.2292
1533316814852 -2.6613 2.3057 11.2464
1533316814973 -2.2634 2.4325 9.7284
1533316814973 -1.4422 2.2869 7.9302
1533316814973 -0.8047 2.1154 6.1414
1533316814973 -0.488 1.9293 4.6619
1533316814973 -0.2744 1.7613 3.4654
1533316814973 -0.2536 1.6651 2.5227
1533316815120 -0.5037 1.5882 2.4723
1533316815120 -0.6897 1.5672 3.388
1533316815120 -0.3763 1.6286 4.6913
1533316815120 0.0192 1.9529 4.9057
1533316815120 0.0492 2.5666 3.7021
1533316815120 0.0529 3.4592 3.1422
1533316815120 0.0509 3.9651 4.9623
1533316815242 0.0766 4.3996 8.7146
1533316815242 0.7867 4.552 12.1086
1533316815242 1.9203 4.6749 12.7686
1533316815242 2.3425 5.1249 12.7444
1533316815242 1.833 4.9892 14.6738
1533316815242 1.0328 4.987 16.2204
1533316815242 0.6745 5.5212 14.4856
1533316815375 1.182 5.4885 12.386
1533316815375 1.3716 4.3728 14.3148
1533316815375 1.6481 3.1464 16.776
1533316815375 2.006 2.5349 15.3436
1533316815375 1.8825 2.5054 11.4988
1533316815375 1.2653 2.3107 9.6404
1533316815540 0.6259 2.0862 9.2091
1533316815540 0.1414 1.8208 8.4144
1533316815540 -0.2892 1.509 7.9397
1533316815540 -0.4588 1.3108 7.3751
1533316815540 -0.264 1.2309 5.9951
1533316815540 -0.2329 1.043 4.2214
1533316815540 -0.0179 1.143 3.5786
1533316815540 0.0535 1.2513 3.7468
1533316815672 0.0503 1.262 3.5587
1533316815672 0.2193 1.507 3.7294
1533316815672 0.4612 1.7407 3.7681
1533316815672 0.6978 2.2027 3.4452
1533316815672 0.9643 2.4674 3.9418
1533316815672 1.2235 2.7105 6.8999
1533316815831 0.429 2.7912 9.8219
1533316815831 -1.024 2.9333 11.9395
1533316815831 -2.5063 3.0972 12.1179
1533316815831 -3.5478 3.3731 10.3461
1533316815831 -3.5731 3.2757 10.2194
1533316815831 -2.8332 3.1532 11.832
1533316815831 -2.3416 3.4572 12.7312
1533316815831 -3.2475 3.4423 12.0425
1533316815950 -4.2521 2.9597 12.0483
1533316815950 -4.0164 1.9525 13.1988
1533316815950 -2.9235 1.2356 13.5107
1533316815950 -1.8806 0.9163 12.7547
1533316815950 -1.6212 0.9971 11.7967
1533316815950 -1.7761 1.3827 11.11
1533316816107 -1.8598 1.7297 10.1838
1533316816107 -1.5725 1.7867 8.4588
1533316816107 -1.2408 1.6816 7.03
1533316816107 -0.8389 1.4901 6.2853
1533316816107 -0.4204 1.4023 5.5253
1533316816107 -0.1629 1.3076 4.4913
1533316816107 -0.1145 1.285 3.7098
1533316816107 0.0349 1.3939 3.6758
1533316816288 0.9483 1.752 4.6293
1533316816288 1.2146 2.0665 4.7236
1533316816288 1.4705 2.387 5.4558
1533316816288 1.9783 2.7068 7.766
1533316816288 2.5113 3.3166 10.0208
1533316816288 0.4926 1.551 4.2161
1533316816288 2.5263 3.9755 9.9866
1533316816288 2.0237 4.2678 9.252
1533316816288 1.1718 4.0437 10.6341
1533316816409 1.1131 3.5345 14.8606
1533316816409 1.9315 4.0748 16.4814
1533316816409 1.9018 4.0732 14.9857
1533316816409 2.0396 3.3038 14.9426
1533316816409 2.1848 2.2919 16.3138
1533316816409 2.2178 1.9648 15.7434
1533316816409 2.0942 2.1385 12.6499
1533316816541 1.9498 2.3468 9.8647
1533316816541 1.6823 2.0963 8.8219
1533316816541 1.4757 1.7067 8.6992
1533316816541 1.4506 1.3046 8.5121
1533316816541 1.5179 0.7976 9.7389
1533316816541 1.4021 0.3372 9.2089
1533316816716 1.1153 0.099 7.411
1533316816716 0.6881 0.0787 5.1107
1533316816716 0.2018 0.1465 4.0212
1533316816716 0.0376 0.2915 3.9037
1533316816716 -0.0919 0.435 4.1423
1533316816716 -0.2597 0.7099 3.7782
1533316816716 -0.2241 1.2818 3.0365
1533316816716 -0.1742 1.7578 2.1012
1533316816838 -0.239 2.1659 3.9533
1533316816838 -0.3226 2.6136 7.6544
1533316816838 -1.2117 2.9068 10.8761
1533316816838 -2.6544 3.1963 10.7866
1533316816838 -3.8248 3.6026 9.2649
1533316816838 -3.6983 3.3384 9.3411
1533316816989 -2.3431 2.0826 12.2993
1533316816989 -0.5964 1.9919 13.9379
1533316816989 -1.291 2.5157 12.7139
1533316816989 -3.2417 2.1775 11.0944
1533316816989 -4.2104 0.7398 12.948
1533316816989 -2.9806 -0.4228 15.5768
1533316816989 -1.8465 -0.6967 16.2826
1533316816989 -2.3402 -0.5632 14.3472
1533316817122 -3.0608 -0.1658 11.1557
1533316817122 -3.009 0.2929 8.844
1533316817122 -2.0022 0.7976 8.0223
1533316817122 -1.1246 0.9354 6.6208
1533316817268 -0.4681 0.9365 2.5919
1533316817268 -0.7478 0.5678 2.3093
1533316817268 -0.8698 0.3463 5.3669
1533316817268 -0.7338 0.5311 8.4256
1533316817268 -0.5728 0.3967 8.1224
1533316817268 -0.6275 0.9328 4.2627
1533316817268 -0.0198 0.8564 6.4596
1533316817268 0.4178 1.3802 4.3213
1533316817268 0.6009 1.8293 4.3423
1533316817268 0.794 2.1316 7.1017
1533316817412 0.8004 2.3008 9.6613
1533316817412 0.2724 2.5663 10.2421
1533316817412 -0.2032 2.5927 9.9569
1533316817412 0.2197 2.116 11.3789
1533316817412 1.164 1.2192 14.9367
1533316817412 1.7909 0.5923 17.169
1533316817412 2.25 1.8196 16.3967
1533316817548 1.4367 2.1762 14.1113
1533316817548 0.5929 1.1727 14.3585
1533316817548 0.9457 0.4412 15.9483
1533316817548 1.4978 0.4693 15.0732
1533316817548 1.6703 1.3226 11.4925
1533316817548 1.7275 1.9382 7.8781
1533316817548 1.7542 1.9265 6.16
1533316817675 2.0583 1.3935 6.6464
1533316817675 2.1701 0.6539 8.4574
1533316817675 1.9814 0.1265 9.0975
1533316817675 1.4606 -0.1318 8.2803
1533316817675 0.8474 -0.1818 7.0595
1533316817675 0.441 -0.3333 6.2278
1533316817675 0.3409 -0.3267 5.8089
1533316817804 -0.0132 -0.1633 5.841
1533316817804 -0.2215 0.0053 5.8553
1533316817804 -0.8346 0.3551 5.2861
1533316817804 -1.3375 0.8206 4.2272
1533316817804 -1.5399 1.4406 3.472
1533316818008 -1.4951 2.0528 4.1295
1533316818008 -1.2593 2.2465 6.0374
1533316818008 -0.9544 2.213 8.0424
1533316818008 -1.2189 2.132 9.223
1533316818008 -2.0719 1.9891 10.1663
1533316818008 -2.7813 1.8535 11.6436
1533316818008 -3.0716 1.0646 13.2884
1533316818008 -2.1114 0.7098 14.07
1533316818008 -1.3523 1.8039 13.801
1533316818008 -3.3123 1.8289 12.2638
1533316818127 -5.5693 1.1963 12.0102
1533316818127 -5.1658 0.3098 14.5185
1533316818127 -3.3123 0.086 15.6157
1533316818127 -2.5163 0.2687 14.3466
1533316818273 -2.2493 1.1931 9.1755
1533316818273 -1.7801 1.2563 7.5693
1533316818273 -1.1481 1.2034 6.5199
1533316818273 -0.4558 1.1954 5.7273
1533316818273 -2.4216 0.77 11.706
1533316818273 0.0566 1.2954 5.3977
1533316818273 0.3597 1.3293 5.0586
1533316818273 0.4969 1.2764 4.2926
1533316818273 0.5691 1.2691 3.9399
1533316818273 0.6779 1.4366 4.1488
1533316818395 0.613 1.6008 3.7261
1533316818395 0.3964 1.8855 3.4233
1533316818395 0.1266 2.2434 3.8032
1533316818395 0.1436 2.6812 4.9041
1533316818395 0.8306 3.1656 7.2645
1533316818395 1.8132 3.63 10.7013
1533316818557 1.5576 3.7666 11.5677
1533316818557 0.1851 3.6421 10.7688
1533316818557 -0.5527 2.87 12.6799
1533316818557 1.2583 3.0564 16.1479
1533316818557 1.8219 3.3583 16.8121
1533316818557 1.3111 2.537 16.7747
1533316818557 0.9838 1.3625 18.0413
1533316818557 1.0311 1.0776 18.7146
1533316818693 1.1611 1.3373 15.1602
1533316818693 0.9453 1.4981 11.1476
1533316818693 1.0569 1.3357 9.5998
1533316818693 1.1651 1.2312 9.0028
1533316818693 1.189 1.0758 7.9638
1533316818693 1.304 0.8048 7.4903
1533316818693 1.2758 0.4254 7.0459
1533316818856 1.0706 0.2006 6.5914
1533316818856 0.8582 0.0802 5.4578
1533316818856 0.6094 0.1291 4.9641
1533316818856 0.291 0.315 5.0891
1533316818856 0.0083 0.4763 4.608
1533316818856 -0.287 0.6811 3.5682
1533316818856 -0.5869 1.0904 3.3274
1533316818973 -0.2977 1.3905 4.5977
1533316818973 -0.414 1.4291 5.5589
1533316818973 -0.5747 1.8608 5.6269
1533316818973 -1.3858 2.1129 6.5422
1533316818973 -1.6934 2.1253 9.2729
1533316818973 -1.9333 1.8697 12.0082
1533316819131 -2.5668 1.7808 12.4336
1533316819131 -3.4293 1.5343 11.2857
1533316819131 -3.486 1.3403 10.8517
1533316819131 -3.0127 2.2492 10.6498
1533316819131 -4.2537 2.4498 11.5014
1533316819261 -6.5846 1.0926 13.6271
1533316819261 -5.1369 0.0604 15.5773
1533316819261 -4.2693 -0.4838 15.4589
1533316819261 -4.0238 -0.5988 13.9637
1533316819261 -6.0361 2.1095 11.8112
1533316819261 -3.7133 -0.1436 12.1772
1533316819261 -3.2497 0.5189 10.2687
1533316819261 -2.6243 0.9296 8.8232
1533316819261 -2.0062 1.1182 7.7714
1533316819261 -1.4386 1.18 6.6068
1533316819380 -0.9916 1.2487 5.2948
1533316819380 -0.7964 1.378 3.9612
1533316819380 -0.4587 1.487 2.9084
1533316819380 0.1401 1.4655 2.9061
1533316819380 0.6523 1.4714 3.4821
1533316819380 0.8863 1.6317 3.9315
1533316819506 0.8413 1.9004 4.3829
1533316819506 1.0143 2.3329 4.8758
1533316819506 1.4752 2.6388 5.8151
1533316819506 1.7958 2.8591 7.2201
1533316819506 1.9412 3.2482 8.6274
1533316819506 1.4653 3.7172 10.2096
1533316819642 0.4983 4.0836 11.5997
1533316819642 -0.3845 4.3269 12.986
1533316819642 -1.1862 3.8719 14.4278
1533316819642 -0.9924 3.7186 15.1683
1533316819762 -0.2498 4.7871 13.1899
1533316819762 -0.1717 4.3348 12.2495
1533316819762 -0.3686 2.8036 13.1748
1533316819762 -0.2161 1.671 15.0704
1533316819762 0.0621 0.9939 15.067
1533316819762 0.4406 1.1165 11.9243
1533316819762 0.6767 1.1308 9.9752
1533316819903 0.8446 0.9115 9.5484
1533316819903 0.8396 0.7254 9.9361
1533316819903 1.1877 0.428 10.3945
1533316819903 1.1195 0.4085 10.2762
1533316819903 1.1006 0.3752 8.601
1533316819903 0.578 0.1045 7.1143
1533316819903 -0.133 0.1298 6.6682
1533316819903 0.3861 0.2036 7.5691
1533316819903 -1.432 0.068 7.4758
1533316820022 -1.0366 0.4721 5.5145
1533316820022 -0.9896 1.035 5.1664
1533316820022 -1.2514 0.7621 4.8103
1533316820022 -1.4175 1.1136 5.9984
1533316820022 -1.3799 1.0653 6.6538
1533316820139 -1.0061 1.1551 6.112
1533316820139 -1.1012 1.5693 4.8528
1533316820139 -1.4458 1.8625 4.3542
1533316820139 -1.2581 1.9548 6.1638
1533316820139 -1.3349 1.6569 9.2694
1533316820139 -1.9385 1.5958 10.764
1533316820271 -1.405 2.9243 9.4196
1533316820271 -2.3988 2.4987 9.4296
1533316820271 -4.0568 1.5646 14.2981
1533316820271 -2.3011 0.8324 19.2643
1533316820271 -0.798 -0.3268 18.9641
1533316820271 -0.2188 -0.0541 16.7602
1533316820271 -0.0679 0.737 12.2967
1533316820427 0.2655 1.0258 9.1776
1533316820427 -0.0357 0.6061 6.7927
1533316820427 -1.1342 0.3844 6.5988
1533316820427 -1.5757 0.4274 9.1962
1533316820427 -1.2739 0.4233 10.1966
1533316820427 -0.5434 0.1341 9.6227
1533316820427 -0.0219 -0.1063 8.0034
1533316820427 0.479 0.3731 5.6823
1533316820552 -0.1949 0.8584 5.4341
1533316820552 -0.3789 1.289 7.777
1533316820552 -0.2493 1.0626 8.9727
1533316820552 -0.6438 0.5956 7.9056
1533316820552 -0.8484 0.8649 6.476
1533316820552 -0.5528 1.9792 7.7145
1533316820763 -0.1374 2.1069 10.7875
1533316820763 -0.4083 1.0643 11.7767
1533316820763 -0.2035 0.7064 9.4794
1533316820763 -0.1053 1.1938 8.1729
1533316820763 -0.741 1.956 8.7857
1533316820763 0.4461 1.8188 9.1697
1533316820763 0.0402 1.9761 9.639
1533316820763 -0.3685 2.0911 9.1721
1533316820763 -1.3152 2.287 9.242
1533316820763 -2.4115 2.5636 6.731
1533316820763 -1.4979 2.1751 3.9875
1533316820884 1.135 2.0924 7.2562
1533316820884 1.9003 0.952 12.3839
1533316820884 1.1072 1.0026 12.0482
1533316820884 -0.0462 1.5877 8.364
1533316820884 -0.7287 1.7639 8.7341
1533316820884 0.9998 1.8047 9.7295
1533316821044 2.6715 1.4123 9.3321
1533316821044 0.664 1.0174 10.6032
1533316821044 -1.7868 1.6154 11.7854
1533316821044 -0.8468 2.0431 9.7518
1533316821044 1.1547 2.4402 9.0461
1533316821044 1.3083 2.4075 9.4403
1533316821044 1.6534 2.7333 6.6115
1533316821164 -1.1491 2.2996 6.6187
1533316821164 -2.2209 2.145 9.5784
1533316821164 0.1122 2.3663 9.6111
1533316821164 1.4493 2.2285 8.8985
1533316821164 0.2971 2.1813 8.2866
1533316821164 -0.869 2.315 6.9847
