29 1.03
1533316864709 -0.3817 1.3282 9.1844
1533316864709 0.2336 1.3508 9.0328
1533316864709 0.1204 1.3774 8.8258
1533316864709 -0.2495 1.2748 8.8886
1533316864709 -0.223 1.3282 9.3362
1533316864709 -0.3509 1.3451 10.0746
1533316864709 -0.1956 1.2612 10.2705
1533316864709 0.496 1.0938 9.114
1533316864846 1.0064 1.4497 7.8029
1533316864846 0.3433 1.7949 7.9562
1533316864846 -0.8061 1.565 9.1396
1533316864846 -1.4299 1.4661 10.121
1533316864846 -0.9082 1.4881 10.0839
1533316864846 -0.1067 1.3989 9.465
1533316864846 0.1507 1.3593 9.0515
1533316864965 -0.1719 1.5152 8.5384
1533316864965 -0.4561 1.6545 8.5256
1533316864965 -0.249 1.6609 8.894
1533316864965 -0.2193 1.4395 8.9439
1533316864965 -0.2035 1.3383 8.674
1533316864965 0.0076 1.293 7.949
1533316865108 0.1444 0.7834 7.7006
1533316865108 0.8726 1.5928 8.1861
1533316865108 1.1445 1.5141 9.4209
1533316865108 0.8622 0.5811 9.8529
1533316865108 1.5259 0.5432 10.4535
1533316865108 0.2515 0.2493 10.6893
1533316865108 -0.4355 0.2437 9.9845
1533316865236 0.4443 -0.0653 9.2691
1533316865236 0.9961 -0.4784 8.308
1533316865236 1.567 -0.3819 8.9168
1533316865236 2.0137 -0.2078 10.0516
1533316865236 1.6541 -0.2787 9.7186
1533316865236 1.0986 0.6554 8.3396
1533316865236 0.3839 0.9745 7.6731
1533316865359 1.805 1.3056 8.3558
1533316865359 1.9801 0.6301 9.8893
1533316865359 0.9812 -0.1972 9.7702
1533316865359 0.5724 0.5364 9.8551
1533316865359 0.741 1.1805 9.6785
1533316865483 0.8561 1.5804 9.0552
1533316865483 0.6803 1.4366 7.66
1533316865483 2.0769 1.3212 6.6869
1533316865483 3.2925 2.0564 7.8963
1533316865483 3.1027 2.2003 9.9413
1533316865483 1.5723 0.9015 10.0414
1533316865607 1.9033 0.9766 8.5698
1533316865607 2.3435 1.6784 7.8876
1533316865607 2.6439 1.8703 7.306
1533316865607 2.1823 1.8133 6.9833
1533316865607 1.7413 1.3946 7.6768
1533316865607 2.917 1.6066 9.2592
1533316865607 3.7711 1.8079 9.1676
1533316865747 1.2732 1.7885 7.8774
1533316865747 0.6487 1.9573 7.8241
1533316865747 1.9303 2.0358 7.7477
1533316865747 2.2645 1.8575 7.5268
1533316865747 2.2406 2.17 7.0036
1533316865747 1.6797 2.8545 7.2338
1533316865747 1.3985 2.9525 9.4258
1533316865871 3.0173 2.6002 11.2058
1533316865871 5.3338 2.557 11.8482
1533316865871 4.773 2.3792 12.7069
1533316865871 3.3371 2.8252 13.6256
1533316865871 3.2001 3.3407 13.6982
1533316865871 3.6176 2.8114 14.4145
1533316865993 3.2825 1.5583 15.5947
1533316865993 2.812 0.9135 14.8165
1533316865993 1.3232 0.9795 13.1833
1533316865993 -0.2709 1.2754 13.2462
1533316865993 -1.321 0.8405 14.4196
1533316865993 -1.5174 -0.3568 14.1565
1533316866118 -1.0582 -1.1663 12.6922
1533316866118 -1.235 -1.6941 11.4989
1533316866118 -1.2142 -1.5089 9.8957
1533316866118 -0.8854 -0.5725 7.0302
1533316866118 -0.3547 0.367 5.4308
1533316866118 0.509 0.8674 4.606
1533316866242 0.8958 1.0106 3.0917
1533316866242 0.8047 1.2209 2.1676
1533316866242 0.3075 1.3133 1.3124
1533316866242 0.8195 1.2327 1.8507
1533316866242 1.406 0.5739 5.8839
1533316866242 1.816 0.4252 6.8654
1533316866242 1.7271 0.8297 4.2816
1533316866366 0.8117 1.427 2.1497
1533316866366 0.554 2.3486 3.4364
1533316866366 0.5911 2.9772 7.2214
1533316866366 1.5555 3.3548 8.03
1533316866366 2.508 4.5806 7.0769
1533316866366 1.6795 5.5594 7.9527
1533316866491 1.4078 5.2288 12.8623
1533316866491 1.9372 5.0461 15.6377
1533316866491 2.1342 4.5108 14.3473
1533316866491 1.6716 3.8907 16.3233
1533316866491 1.8986 4.0325 17.6224
1533316866616 1.1052 3.9511 13.92
1533316866616 -0.2943 3.608 12.9101
1533316866616 0.1408 2.0726 14.9807
1533316866616 1.0788 0.6582 16.7297
1533316866616 1.4376 0.0283 13.6749
1533316866616 1.9126 0.2315 10.2528
1533316866747 2.0204 0.6678 7.6678
1533316866747 1.963 0.8446 6.574
1533316866747 2.5473 0.5553 8.1639
1533316866747 2.8102 0.4382 5.2286
1533316866747 2.219 0.6494 2.69
1533316866747 0.8923 0.8268 1.5782
1533316866747 -0.4218 1.116 0.9621
1533316866872 0.2926 0.8267 1.2186
1533316866872 2.379 0.3818 4.6028
1533316866872 2.9601 0.3988 8.5747
1533316866872 1.3263 0.6533 8.8803
1533316866872 0.7693 2.086 7.6626
1533316866872 1.4106 3.2774 6.9369
1533316866872 1.9738 3.8964 7.687
1533316866998 1.0789 4.2854 8.7111
1533316866998 -0.9981 4.3898 9.2041
1533316866998 -2.073 3.9371 10.0935
1533316866998 -1.833 2.77 11.2437
1533316866998 -0.6689 1.5681 13.8783
1533316866998 0.2499 1.3641 15.8281
1533316867124 -1.124 1.3864 13.3484
1533316867124 -3.3651 0.1522 10.0922
1533316867124 -3.3905 -2.2872 12.7688
1533316867124 -0.4798 -4.6796 17.6617
1533316867124 2.2599 -5.5941 19.2643
1533316867248 1.723 -3.8317 16.5
1533316867248 -2.0106 -1.0939 9.015
1533316867248 -3.7787 0.754 3.4674
1533316867248 -0.4576 1.2678 4.0443
1533316867248 2.3179 0.8439 6.2466
1533316867248 1.7612 1.2294 5.7705
1533316867248 -1.638 1.3345 2.8225
1533316867248 -2.0074 1.4121 0.5867
1533316867368 1.0058 1.4203 2.5762
1533316867368 2.0928 0.5312 7.1096
1533316867368 1.3843 0.1843 6.9117
1533316867368 0.1722 0.4663 4.2321
1533316867368 -0.5255 1.5111 2.7316
1533316867368 0.8424 2.858 5.209
1533316867492 2.4527 3.6913 7.6496
1533316867492 2.9989 4.5622 8.2409
1533316867492 2.626 4.1574 9.661
1533316867492 1.5541 2.367 12.6984
1533316867492 3.4658 0.5934 18.3188
1533316867492 4.7407 0.4973 19.241
1533316867629 5.1584 0.3807 15.2567
1533316867629 5.7294 0.7443 12.9193
1533316867629 4.0938 0.7657 12.3522
1533316867629 2.6126 0.0252 12.9523
1533316867629 1.6585 -0.4086 13.351
1533316867754 1.5887 -0.8197 11.7558
1533316867754 0.9608 -0.3591 8.055
1533316867754 0.8603 0.2853 3.5939
1533316867754 0.5645 0.0573 2.183
1533316867754 -0.9232 -0.7189 4.2209
1533316867754 -1.2991 -0.7004 7.0992
1533316867754 0.1418 0.0472 6.4605
1533316867880 0.9767 0.0703 4.5772
1533316867880 0.021 0.1182 6.3902
1533316867880 0.348 0.3709 9.7306
1533316867880 1.9584 0.3284 10.1531
1533316867880 2.0138 0.7777 6.9303
1533316867880 0.6908 1.4872 6.1173
1533316867880 -0.7392 1.6712 9.8953
1533316868022 -1.2518 1.4673 12.9498
1533316868022 -1.3301 0.9259 12.1375
1533316868022 -1.4871 0.5306 9.6181
1533316868022 -1.5685 0.508 8.0624
1533316868175 -1.0769 0.1786 16.038
1533316868175 -1.8554 0.2671 13.891
1533316868175 -1.089 0.097 11.7662
1533316868175 -2.2943 0.282 10.9149
1533316868175 -2.2289 0.1112 10.4081
1533316868175 -1.9798 -0.8821 11.8232
1533316868175 -1.2907 -1.6998 13.9965
1533316868175 0.1237 -0.7974 12.8245
1533316868175 0.0414 0.3699 8.4263
1533316868175 -1.2998 1.3582 3.6594
1533316868301 -1.5447 1.6657 1.2513
1533316868301 -0.3524 1.1485 3.8914
1533316868301 0.9592 0.5269 8.3201
1533316868301 0.9364 0.2562 9.42
1533316868301 0.1539 0.6587 6.7203
1533316868301 -0.7564 1.3081 3.5565
1533316868301 -0.7811 1.7843 1.9852
1533316868434 0.7138 2.0797 4.9673
1533316868434 1.6202 2.6943 7.9977
1533316868434 0.142 3.9353 7.0942
1533316868434 -2.2809 6.4842 6.6154
1533316868434 -3.3641 6.2068 10.2754
1533316868434 2.6282 3.8935 12.6653
1533316868567 8.0934 1.7959 10.9505
1533316868567 6.9096 1.0185 15.9461
1533316868567 4.1947 1.9636 18.933
1533316868567 5.7151 1.1389 19.2643
1533316868567 1.9406 -0.935 18.3158
1533316868567 -1.0794 -2.1444 12.4204
1533316868567 -0.8949 -2.5455 9.5996
1533316868687 0.7142 -2.2712 10.3134
1533316868687 2.3295 -1.8985 9.6937
1533316868687 3.7146 -1.2072 7.6344
1533316868687 4.3033 -0.4618 5.7457
1533316868687 4.2836 -0.7247 5.0841
1533316868822 1.8653 -0.7897 4.3966
1533316868822 -0.7664 -0.2226 4.0096
1533316868822 0.1553 0.1268 3.5894
1533316868822 2.0609 -0.0057 2.8012
1533316868822 3.0936 -0.0975 4.0883
1533316868822 2.6551 0.2168 4.0816
1533316868822 1.6088 1.5652 3.6109
1533316868990 1.2172 3.6882 3.6604
1533316868990 2.2555 5.028 5.633
1533316868990 2.2975 4.843 9.1999
1533316868990 1.2899 4.1008 12.1551
1533316868990 0.9102 3.563 13.9962
1533316868990 1.2707 2.5483 13.5916
1533316868990 1.1394 1.9437 14.0631
1533316868990 0.3009 2.8212 13.4225
1533316868990 -1.965 3.4201 8.9754
1533316869115 -4.5873 2.8744 6.1962
1533316869115 -5.0661 1.3426 8.9183
1533316869115 -3.2581 -0.3573 13.9654
1533316869115 -1.9722 -1.3377 16.6208
1533316869115 -1.4881 -0.5724 13.9498
1533316869115 -1.5955 0.6795 8.5765
1533316869289 -1.3322 1.6144 1.7215
1533316869289 -0.0641 1.4777 2.8151
1533316869289 1.2445 1.2509 5.0899
1533316869289 1.5369 1.1344 5.1787
1533316869289 -1.716 1.2764 3.9626
1533316869289 1.2259 1.071 4.5359
1533316869289 0.9397 1.0912 4.764
1533316869289 1.0589 1.2268 5.5444
1533316869289 0.955 1.5747 6.8273
1533316869411 0.3112 2.2239 8.2493
1533316869411 -0.8808 3.4698 10.205
1533316869411 -1.0409 4.7375 11.7537
1533316869411 -0.6415 5.1641 12.5417
1533316869411 -0.5306 5.0774 14.3127
1533316869411 -0.3112 4.1551 17.6694
1533316869570 0.1453 3.0369 19.1601
1533316869570 1.6167 3.9105 15.7115
1533316869570 2.3179 4.675 10.4427
1533316869570 1.8045 5.3797 8.8162
1533316869570 0.1573 5.1132 11.5325
1533316869570 -0.4561 3.5132 13.8222
1533316869570 -0.457 1.9874 13.889
1533316869570 0.088 0.609 11.7712
1533316869691 0.9141 0.1404 8.8001
1533316869691 1.0633 0.4036 6.0755
1533316869691 1.3373 0.7253 3.8689
1533316869691 1.375 1.0581 3.4759
1533316869691 1.0199 0.8745 3.6966
1533316869691 0.7366 0.1171 5.0371
1533316869818 0.7484 -0.3018 6.9545
1533316869818 0.1016 -0.5913 6.7999
1533316869818 -0.2562 0.0287 5.5451
1533316869818 -0.3632 0.9657 3.6169
1533316869818 0.343 2.1241 3.4655
1533316869818 1.4143 3.2926 6.434
1533316870018 1.9297 3.8609 9.6281
1533316870018 0.5643 4.4902 11.3163
1533316870018 -1.7205 4.9905 10.389
1533316870018 -2.2384 4.498 10.0694
1533316870018 -1.6824 3.5709 11.7356
1533316870018 -1.3901 3.5462 13.1063
1533316870018 -0.4997 4.7117 12.6716
1533316870018 -2.4609 4.5528 9.879
1533316870018 -4.0281 4.948 10.584
1533316870018 -4.4316 4.3228 11.5784
1533316870140 -3.561 2.5191 10.8045
1533316870140 -1.7445 1.7008 10.1172
1533316870140 -0.3285 1.5527 8.426
1533316870140 -0.2733 1.0962 5.3865
1533316870277 -0.0566 1.1223 3.2854
1533316870277 1.5423 0.2304 5.551
1533316870277 2.6241 0.1304 8.1257
1533316870277 1.5198 0.4314 5.7616
1533316870277 -0.8372 0.8463 3.7445
1533316870277 -0.849 0.5934 3.3783
1533316870277 -1.9349 1.0518 4.5387
1533316870277 -0.8001 1.4324 7.4097
1533316870277 0.7363 2.02 8.7402
1533316870397 0.5768 3.3051 7.9747
1533316870397 -0.3456 5.304 7.7194
1533316870397 -0.8681 6.9598 8.7719
1533316870397 -1.6254 7.139 11.2447
1533316870397 -2.4237 6.0974 15.4006
1533316870397 -2.8214 5.3239 17.1466
1533316870530 -2.1211 4.7319 15.121
1533316870530 -0.232 4.8783 11.6148
1533316870651 2.8826 3.9067 12.0984
1533316870651 3.6013 2.7057 14.1861
1533316870651 2.589 0.8653 15.7143
1533316870651 1.56 -0.0243 14.7116
1533316870651 1.3669 4.8676 10.1481
1533316870651 0.9979 0.2354 9.9678
1533316870651 0.6535 0.5968 5.5248
1533316870651 0.7149 0.9002 3.1069
1533316870651 0.7774 1.0141 2.6159
1533316870773 0.8514 0.6889 4.0675
1533316870773 1.2332 -0.1117 7.6701
1533316870773 1.5561 -0.1707 8.0521
1533316870773 0.1528 -0.2529 5.0745
1533316870773 -0.9275 -0.0331 3.6047
1533316870773 -0.7132 0.4922 4.7749
1533316870773 -0.5808 0.7743 6.4865
1533316870773 -0.4658 1.8519 5.6474
1533316870894 -0.8315 3.2057 4.6742
1533316870894 -1.1903 3.7848 7.6859
1533316870894 -0.7464 4.1057 12.3905
1533316870894 -1.0557 3.8453 13.5979
1533316870894 -1.4254 3.6395 12.224
1533316870894 -2.6346 3.3982 11.2297
1533316871041 -2.2998 4.628 13.1862
1533316871041 -3.4022 4.215 13.3796
1533316871041 -4.5775 3.1697 11.9667
1533316871041 -3.4266 1.6877 12.4157
1533316871041 -2.5314 -0.4034 15.4678
1533316871041 -2.1688 -1.1881 15.3626
1533316871157 -2.5007 -0.4187 10.3495
1533316871157 -2.4899 0.4101 5.7005
1533316871157 -1.6893 0.8239 2.8291
1533316871157 -0.6004 0.5724 2.3792
1533316871285 -0.8024 -0.4386 9.3086
1533316871285 -1.201 -0.3394 7.4484
1533316871285 -0.332 -0.2709 6.3087
1533316871285 -1.6847 -0.0327 5.1541
1533316871285 -1.1864 0.4772 3.8145
1533316871285 -0.6937 0.8698 4.3606
1533316871285 -0.2157 1.4513 6.3784
1533316871285 -0.3355 2.2441 7.5574
1533316871285 -0.3459 3.4733 7.564
1533316871449 0.1457 4.88 8.2707
1533316871449 0.7931 5.5721 10.2125
1533316871449 1.1024 5.421 12.4799
1533316871449 0.4068 4.8919 13.8712
1533316871449 -0.3123 4.3774 14.5375
1533316871449 0.8144 4.1506 13.5509
1533316871449 2.831 3.353 11.9213
1533316871449 4.9138 1.9539 13.8129
1533316871574 5.1685 0.0146 17.4716
1533316871574 4.2079 -1.0597 18.5634
1533316871574 2.6766 -0.8428 14.5167
1533316871574 1.0863 0.2296 9.0759
1533316871574 -0.3218 0.9958 6.188
1533316871574 -0.5462 1.344 5.7893
1533316871768 0.2352 1.4074 6.3833
1533316871768 0.9268 0.9775 5.7068
1533316871768 0.922 0.5017 4.4936
1533316871768 0.5299 0.4224 3.7697
1533316871768 0.0734 0.6784 4.0033
1533316871768 0.1969 0.8972 4.8342
1533316871768 0.9296 0.9292 5.383
1533316871768 1.7108 1.4382 4.5464
1533316871768 2.2202 2.8703 4.48
1533316871768 1.1193 4.7653 7.2916
1533316871889 -0.4034 5.8019 12.2389
1533316871889 -0.1051 5.5426 15.656
1533316871889 0.1762 4.2901 14.7824
1533316871889 -1.2314 3.4811 12.3145
1533316871889 -2.1945 3.2721 10.5742
1533316871889 -2.2733 3.6589 11.4168
1533316872031 -2.5991 4.5977 11.6464
1533316872031 -3.5203 3.395 9.7168
1533316872031 -3.0077 2.3536 9.6965
1533316872031 -1.7572 1.1 10.9336
1533316872031 -1.7807 0.2262 15.2446
1533316872031 -1.478 0.9151 12.4728
1533316872215 -1.8956 1.9211 7.8792
1533316872215 -2.1605 2.1118 5.1327
1533316872215 -1.7336 1.9566 3.4911
1533316872215 -0.8233 1.444 3.0175
1533316872215 -0.1658 1.0332 2.1734
1533316872215 -0.141 0.5535 1.6269
1533316872215 -0.7424 0.3013 1.5485
1533316872215 -0.2688 0.36 2.6486
1533316872215 1.1655 0.3521 5.0276
1533316872215 2.1642 1.0368 6.3732
1533316872334 2.5623 1.9513 5.7299
1533316872334 2.3052 2.843 8.1933
1533316872334 2.6549 4.0439 11.7145
1533316872334 2.6862 4.6864 13.3057
1533316872334 2.6208 5.4744 13.6119
1533316872334 2.3293 5.6743 12.7921
1533316872478 1.5937 5.5238 13.7624
1533316872478 1.6412 5.7637 15.7321
1533316872478 2.0556 6.1404 15.2288
1533316872478 1.3305 5.7385 10.8629
1533316872478 1.0698 4.8526 6.8004
1533316872478 0.9567 2.7077 9.3124
1533316872478 1.4777 0.7945 14.3407
1533316872667 2.7491 -0.0872 13.5878
1533316872667 2.9312 0.1924 8.7552
1533316872667 2.2837 0.7428 6.1353
1533316872667 2.6095 0.8387 6.4534
1533316872667 3.4097 0.7614 7.4827
1533316872667 3.4439 0.5528 8.001
1533316872667 1.9826 0.2247 9.0195
1533316872667 -0.5272 0.1871 9.5587
1533316872667 -1.6333 0.4984 9.9429
1533316872788 -1.1931 0.4311 11.0326
1533316872788 -0.4884 0.3942 9.3062
1533316872788 0.1754 1.3933 5.6343
1533316872788 0.5553 2.7881 4.5781
1533316872788 0.4746 3.5532 7.3251
1533316872788 0.2236 3.6127 10.9961
1533316872788 -0.0066 3.2351 9.9056
1533316872922 -0.6151 3.0149 7.3395
1533316872922 -1.5588 2.9094 6.7328
1533316872922 -1.6802 3.0172 8.1536
1533316872922 -1.0393 3.9356 10.5452
1533316872922 -0.9668 4.3802 10.0724
1533316872922 -1.8932 3.7848 8.0512
1533316873043 -3.0142 2.3642 7.8666
1533316873043 -2.5788 0.3448 10.8764
1533316873043 -1.1508 -0.5877 13.6273
1533316873043 -0.6799 -0.2879 9.5559
1533316873043 -1.1588 0.3984 4.9648
1533316873043 -1.3771 0.9765 2.2274
1533316873043 -0.9791 1.3473 2.9991
1533316873172 -0.8608 1.2057 4.4667
1533316873172 -1.1237 0.9983 5.6753
1533316873172 -1.2967 0.9407 6.3419
1533316873172 -1.7574 1.3385 4.894
1533316873172 -1.4066 1.6557 4.9607
1533316873299 -0.1946 1.6289 6.8408
1533316873299 0.9478 1.9423 7.8536
1533316873299 2.1175 2.073 8.9466
1533316873299 4.1106 2.7538 12.2624
1533316873299 5.3981 3.4458 14.508
1533316873299 6.2957 3.3604 16.0579
1533316873438 6.7032 2.4165 17.3779
1533316873438 6.3855 1.483 17.0284
1533316873438 6.3489 1.2341 15.3655
1533316873438 6.012 1.7874 12.3504
1533316873438 5.8534 1.6416 10.6884
1533316873438 4.5341 0.6343 11.1172
1533316873438 2.8844 -0.3727 11.4818
1533316873611 2.8849 -0.2258 11.5034
1533316873611 3.3579 0.3768 11.2273
1533316873611 3.0179 0.8649 8.6783
1533316873611 1.4413 1.243 5.5056
1533316873611 0.329 1.6523 3.9035
1533316873611 0.423 1.6255 3.913
1533316873611 1.0208 1.1243 3.439
1533316873611 1.1754 0.5406 3.7696
1533316873611 -0.6141 0.6136 5.4894
1533316873738 -1.9089 0.8006 7.2121
1533316873738 -0.7957 0.282 9.1076
1533316873738 -0.0623 -0.1268 8.7382
1533316873738 -0.2104 0.01 5.7209
1533316873738 -0.4598 0.7643 4.4698
1533316873738 -0.3648 1.8103 5.8142
1533316873738 -0.3217 2.356 8.6678
1533316873886 -0.8242 2.126 11.9918
1533316873886 -1.9337 1.4436 13.2278
1533316873886 -3.4569 0.9323 11.3676
1533316873886 -3.2294 1.2773 11.3328
1533316873886 -2.8287 1.8178 13.2488
1533316873886 -3.492 1.9925 12.3843
1533316874070 -4.3436 0.2205 11.9359
1533316874070 -4.1109 1.3657 11.0722
1533316874070 -3.7493 -0.9116 14.5079
1533316874070 -2.9168 -1.2623 15.4221
1533316874070 -2.3958 -0.4527 12.2468
1533316874070 -2.3643 0.5561 8.0701
1533316874070 -2.2137 1.2842 4.7307
1533316874070 -1.7791 1.515 3.5154
1533316874070 -0.8797 1.5047 4.5065
1533316874070 -0.2346 1.4181 6.2063
1533316874192 -0.533 1.3877 6.7854
1533316874192 -1.5828 1.8159 6.214
1533316874192 -1.6399 2.2531 4.6462
1533316874192 -0.5289 2.2995 5.565
1533316874192 1.0712 2.579 7.8464
1533316874192 2.1638 3.2283 10.1656
1533316874192 1.135 4.205 10.0865
1533316874317 -0.5682 4.9271 11.3888
1533316874317 -0.6465 5.5278 12.7561
1533316874317 0.4429 4.3599 13.7933
1533316874317 1.9642 3.0431 13.6535
1533316874317 4.2792 3.3082 12.6499
1533316874470 5.6776 4.0346 11.3327
1533316874470 5.4535 4.3283 10.8483
1533316874470 1.1901 3.3574 10.5621
1533316874470 -0.2994 1.9095 12.493
1533316874470 1.5753 0.068 15.5457
1533316874470 3.5561 -0.4955 13.8878
1533316874470 3.2791 0.4789 8.5212
1533316874470 1.4393 0.9862 4.3006
1533316874590 0.0677 1.6672 2.4801
1533316874590 0.4359 1.6476 4.4144
1533316874590 1.2171 0.7728 5.3207
1533316874590 1.92 0.1542 6.7413
1533316874590 1.57 -0.1682 5.9414
1533316874590 0.3007 0.2738 4.0384
1533316874774 0.9844 1.3467 4.4098
1533316874774 2.3437 2.0337 5.1034
1533316874774 2.5558 2.9968 5.4195
1533316874774 1.562 3.5019 6.5589
1533316874774 0.6904 3.2353 10.7389
1533316874774 0.0049 0.9514 3.9392
1533316874774 0.2039 2.5103 14.6238
1533316874774 -0.2068 2.1897 13.0836
1533316874774 -1.3169 2.4928 10.488
1533316874900 -1.5623 3.4964 11.9294
1533316874900 -0.7138 4.3807 14.2544
1533316874900 -1.6189 4.727 13.5945
1533316874900 -3.2858 4.5314 12.3556
1533316874900 -3.6823 3.1749 13.7072
1533316874900 -3.0381 1.3076 16.3315
1533316875031 -1.8877 0.552 14.9618
1533316875031 -0.7205 1.2554 10.4045
1533316875031 0.0968 1.8933 6.5176
1533316875031 0.6254 2.0448 4.1762
1533316875031 0.5887 1.874 2.5531
1533316875031 0.0713 1.4674 1.4661
1533316875031 -0.7035 1.0125 0.5896
1533316875221 -1.6789 0.6171 0.3432
1533316875221 -2.4893 0.574 0.8724
1533316875221 -2.1557 0.5884 1.7757
1533316875221 -0.9685 0.0231 4.692
1533316875221 1.5323 3.1734 9.7806
1533316875221 0.9147 1.5786 9.6979
1533316875221 0.4381 0.2871 9.2727
1533316875221 2.8604 4.5096 13.17
1533316875221 2.9171 4.7126 15.5438
1533316875221 1.5197 4.2984 16.309
1533316875342 0.4266 3.816 16.1259
1533316875342 -0.1381 4.049 14.3407
1533316875342 0.972 3.5575 11.4481
1533316875342 2.7518 2.7217 12.1804
1533316875342 3.557 1.1509 13.6194
1533316875507 2.8507 0.0254 16.1156
1533316875507 1.8264 -0.6167 16.0127
1533316875507 1.4972 -0.4123 10.3753
1533316875507 0.4099 0.0893 6.2316
1533316875507 -0.6531 0.4341 4.3566
1533316875507 -0.6897 0.358 4.3975
1533316875507 0.3329 -0.3523 8.1925
1533316875507 1.4764 -0.6037 10.8496
1533316875637 1.6784 -0.6643 9.2096
1533316875637 0.5961 -0.3651 5.914
1533316875637 -0.4293 0.2871 4.3438
1533316875637 -0.1374 0.5536 4.4243
1533316875637 0.9492 0.6084 6.4067
1533316875637 1.1084 0.9388 7.5617
1533316875764 0.7012 1.4839 8.8819
1533316875764 0.3114 2.4317 9.9505
1533316875764 0.3816 3.2159 11.2031
1533316875764 0.3244 3.2381 11.3793
1533316875764 -0.0732 2.8943 9.2751
1533316875764 -0.7258 2.354 10.2716
1533316875764 -0.972 2.4205 13.9384
1533316875907 -0.7987 3.7637 13.5984
1533316875907 -1.5486 4.982 9.6073
1533316875907 -2.5265 4.9877 9.1947
1533316875907 -3.0538 3.338 12.2222
1533316875907 -2.1361 1.7098 14.3832
1533316875907 -0.9597 0.2477 13.9068
1533316875907 -0.4259 0.1449 11.4406
1533316876044 -0.9591 1.3227 7.1544
1533316876044 -2.2281 2.0505 3.177
1533316876044 -1.9796 2.4999 1.2151
1533316876044 -0.858 2.0052 0.7896
1533316876044 0.004 0.9659 1.9097
1533316876044 0.5579 0.4752 4.1341
1533316876044 0.3213 0.5215 5.3575
1533316876227 -0.4264 0.9315 5.3841
1533316876227 -0.7056 1.5515 4.9531
1533316876227 0.0648 2.0044 5.8233
1533316876227 1.6362 2.638 7.6428
1533316876227 2.4106 3.495 8.2885
1533316876227 1.9243 4.6207 10.2047
1533316876227 1.4527 5.0529 14.6296
1533316876227 1.1561 4.7126 16.319
1533316876227 0.8957 4.1161 14.6832
1533316876350 1.4425 4.0474 14.208
1533316876350 1.9902 3.7974 13.4113
1533316876350 3.7575 3.4017 12.5606
1533316876350 4.8882 2.217 14.1445
1533316876350 4.4483 0.9777 15.5789
1533316876350 3.5932 0.399 15.3269
1533316876350 2.6422 0.304 12.5402
1533316876489 2.0118 1.0803 9.234
1533316876489 1.6273 1.3463 6.1935
1533316876489 0.7093 1.2716 4.5043
1533316876489 -0.3606 1.1414 3.8327
1533316876489 -1.0235 0.928 3.7176
1533316876489 -0.9923 0.5053 4.1503
1533316876669 -0.8911 0.4223 4.3088
1533316876669 -0.6184 0.7149 2.7959
1533316876669 -0.2029 1.0834 2.2005
1533316876669 0.3565 1.5096 3.7013
1533316876669 0.6028 2.0746 5.9282
1533316876669 0.9579 2.7222 6.8758
1533316876669 1.3192 3.7664 6.5638
1533316876669 1.2732 4.1839 6.8773
1533316876669 1.2393 3.8487 12.0295
1533316876791 0.5399 3.3571 15.1758
1533316876791 -1.1762 2.9587 13.6673
1533316876791 -1.7832 3.1761 13.4328
1533316876791 -1.3711 4.1682 14.8439
1533316876791 -3.0347 3.9448 14.0336
1533316876791 -5.1657 2.9969 12.7239
1533316876934 -4.3771 1.7063 13.4053
1533316876934 -2.7236 -0.0382 14.6109
1533316876934 -1.2748 -0.5224 14.5729
1533316876934 -0.3701 0.2778 10.9848
1533316876934 -0.0417 1.1941 6.9567
1533316876934 -0.2583 1.5572 3.87
1533316876934 -0.7243 1.5706 2.9114
1533316877117 -0.6987 1.1987 3.8159
1533316877117 0.0308 0.5797 5.2422
1533316877117 0.8641 0.1649 6.1263
1533316877117 1.4152 -0.0189 4.9986
1533316877117 1.1827 0.0984 3.5664
1533316877117 0.692 0.4697 3.461
1533316877117 0.9923 0.7246 5.6467
1533316877117 2.1166 0.8796 8.3319
1533316877117 3.0148 1.4483 9.5859
1533316877249 3.3553 2.4928 9.667
1533316877249 3.9249 3.2576 10.5373
1533316877249 4.012 3.5731 12.4772
1533316877249 2.9205 3.4346 13.5916
1533316877249 2.5407 2.9071 14.8607
1533316877249 3.4361 3.5106 14.9998
1533316877249 3.8305 3.6304 12.3031
1533316877420 3.2152 3.0007 11.4704
1533316877420 2.4056 2.1435 13.3245
1533316877420 2.0187 1.2485 15.4295
1533316877420 1.8941 0.7012 15.9654
1533316877420 2.0388 0.7015 12.3051
1533316877420 2.0992 1.1836 8.404
1533316877420 1.7462 1.4447 5.4975
1533316877420 1.3359 1.4404 5.0086
1533316877420 1.0346 1.281 5.1381
1533316877544 0.9933 1.1074 4.9351
1533316877544 0.6453 0.9144 4.57
1533316877544 -0.2355 0.6496 3.6612
1533316877544 -0.468 0.5335 4.3949
1533316877544 0.0008 0.3536 5.6981
1533316877544 0.5312 0.4543 5.939
1533316877671 0.4367 0.9498 5.4694
1533316877671 0.0294 1.7705 5.0394
1533316877792 0.0708 2.6841 6.9732
1533316877792 1.4693 3.5069 8.1562
1533316877792 1.1805 4.1718 7.729
1533316877792 0.1042 4.3277 8.0647
1533316877792 -0.8447 3.9915 10.5108
1533316877792 -1.1527 3.3456 14.6537
1533316877792 -0.2637 4.3316 16.99
1533316877917 -2.7199 5.5711 9.6437
1533316877917 -2.8845 3.6389 11.1331
1533316877917 -1.4043 5.786 13.8636
1533316877917 -1.4156 1.4026 14.7534
1533316877917 0.5994 -0.5405 17.3506
1533316877917 1.53 -0.5814 15.9531
1533316877917 1.1401 0.707 9.9678
1533316877917 -0.3265 1.6335 4.9399
1533316877917 -1.3363 1.8397 2.695
1533316878046 -1.4182 1.6039 3.6708
1533316878046 -0.9626 1.0014 4.3235
1533316878046 -0.4242 0.5675 3.4805
1533316878046 -0.7142 0.4624 2.2808
1533316878046 -1.3189 0.5538 1.9615
1533316878046 -0.5325 0.7385 3.5159
1533316878171 1.1796 0.8233 5.6284
1533316878171 2.6281 1.1752 5.4692
1533316878171 2.9547 1.807 5.8223
1533316878171 2.8536 3.2186 8.5401
1533316878301 3.6485 5.6689 10.225
1533316878301 3.9358 5.7263 10.1671
1533316878301 4.8911 4.9014 13.4177
1533316878301 6.8358 5.0812 17.3123
1533316878301 7.2548 5.279 16.336
1533316878301 5.7072 5.3616 14.2563
1533316878301 3.2811 4.8333 10.4712
1533316878301 4.2495 4.777 14.7437
1533316878301 3.6355 3.0115 17.2934
1533316878422 3.3842 1.6397 17.3076
1533316878422 3.4965 1.0453 12.6942
1533316878422 3.3949 1.0227 8.1311
1533316878422 2.4446 1.1705 5.8964
1533316878422 1.2197 0.8734 5.4418
1533316878422 1.0814 0.4446 7.6201
1533316878549 1.407 -0.0569 9.4434
1533316878549 1.3974 -0.4338 7.5247
1533316878549 0.6347 -0.5878 4.0388
1533316878549 -0.649 -0.251 1.5716
1533316878549 -0.9993 0.2789 1.22
1533316878549 -0.3623 0.5861 2.1656
1533316878549 1.0312 0.5829 3.1953
1533316878728 1.7039 0.9828 3.7731
1533316878728 1.7245 2.052 4.3247
1533316878728 1.4559 3.2308 6.1469
1533316878728 0.7395 3.8942 8.1254
1533316878728 0.7927 3.9979 8.357
1533316878728 0.4065 3.7478 8.346
1533316878728 -0.8337 3.0976 12.1234
1533316878728 -0.3159 4.7602 16.3337
1533316878852 -2.4454 5.7073 16.1956
1533316878852 -5.5859 5.8241 13.5424
1533316878852 -4.7089 4.4161 12.9167
1533316878852 -2.4835 1.6419 17.0101
1533316878852 -0.7108 0.4237 18.9071
1533316878852 0.3059 0.6278 14.7666
1533316879011 -0.0782 1.4122 8.5937
1533316879011 -1.7817 2.094 4.5854
1533316879011 -1.5409 2.3418 5.9849
1533316879011 -0.3278 1.7756 7.3737
1533316879011 0.8063 1.3206 7.6424
1533316879011 1.4391 0.9763 6.7831
1533316879011 1.3608 1.037 4.6645
1533316879011 0.3182 1.4095 2.4203
1533316879146 -0.2762 1.4503 1.6044
1533316879146 0.8096 1.4946 2.8098
1533316879146 2.1106 1.4834 3.8307
1533316879146 2.5834 1.6581 4.2758
1533316879146 2.5832 2.0793 4.9244
1533316879146 3.2245 2.6333 6.8451
1533316879290 4.4733 3.5797 8.8793
1533316879290 4.6678 4.3929 8.9968
1533316879290 4.1967 4.478 10.2929
1533316879290 3.6642 3.9317 12.2831
1533316879290 3.7727 5.1977 12.8356
1533316879290 3.7451 6.7656 12.3071
1533316879290 2.9652 5.3948 13.0936
1533316879290 2.6053 2.4131 16.9486
1533316879412 2.6046 -0.0393 19.2643
1533316879412 2.0293 -0.9002 16.7775
1533316879412 1.8459 0.0818 11.5051
1533316879412 1.2832 1.3002 8.4131
1533316879412 0.623 1.4097 8.5768
1533316879412 1.0364 1.0187 9.4025
1533316879560 1.4383 0.6873 8.9282
1533316879560 1.1087 0.5674 7.0443
1533316879560 0.4006 0.6364 5.3072
1533316879560 -0.2615 0.8273 3.7598
1533316879560 -0.8248 0.8295 3.7598
1533316879560 -0.7644 0.6056 6.6177
1533316879560 -0.789 0.3848 8.7234
1533316879560 -0.9199 0.1122 7.7903
1533316879680 -2.0353 0.2555 6.3058
1533316879680 -2.4982 0.4175 4.275
1533316879680 -2.4053 0.3697 4.6469
1533316879680 -1.085 0.1028 7.345
1533316879680 -0.0625 -0.0643 8.0376
1533316879680 0.0416 0.2463 6.6498
1533316879800 -0.7152 1.8688 7.0086
1533316879800 -0.6571 2.9603 10.947
1533316879800 -1.2585 1.5099 16.0156
1533316879800 -2.2163 0.7868 17.2669
1533316879800 -1.0206 1.9365 16.8789
1533316879800 -0.288 1.6188 11.8055
1533316879953 0.8281 3.3913 8.3561
1533316879953 0.0777 3.5442 7.0195
1533316879953 -0.2043 2.93 10.3236
1533316879953 0.3658 2.2531 13.1091
1533316879953 1.1595 1.9528 11.4538
1533316879953 -0.9009 1.4335 9.9762
1533316879953 -0.8106 1.8447 7.4896
1533316880077 -0.4944 1.7881 6.1117
1533316880077 -0.2877 1.8121 6.6816
1533316880077 -0.0933 1.4421 6.4122
1533316880077 -0.8581 1.0913 7.624
1533316880077 -1.5706 1.3963 8.8147
1533316880077 -1.3755 2.0524 9.3173
1533316880279 -1.8576 1.9142 10.2234
1533316880279 -2.1811 1.5382 11.0733
1533316880279 -0.347 2.2986 8.4109
1533316880279 -0.8463 2.0395 8.5145
1533316880279 -0.6809 1.9502 8.6949
1533316880279 -0.642 2.0133 9.2215
1533316880279 -1.6245 1.4584 9.9726
1533316880279 -2.026 1.2541 10.6269
1533316880279 0.0473 2.2515 8.7492
1533316880432 -0.784 1.8892 9.2614
1533316880432 -1.0596 1.7201 9.3293
1533316880432 -0.1357 2.1265 9.0415
1533316880432 -0.8639 1.7811 8.9697
1533316880432 -0.4541 1.8827 8.7534
1533316880432 -0.1812 1.8112 9.124
1533316880432 -0.4395 1.6362 8.9379
1533316880432 -0.8372 1.5971 8.4453
1533316880432 -1.0717 1.6673 8.6647
1533316880555 -0.9518 1.7239 9.292
1533316880555 -0.7269 1.7869 9.7253
1533316880555 -1.0324 1.8302 9.4493
1533316880555 -1.564 1.9131 9.0057
1533316880555 -1.8788 2.0266 9.1235
1533316880555 -1.7577 2.0972 9.5091
1533316880682 -1.4005 2.107 9.6528
1533316880682 -1.3531 2.1108 9.3981
1533316880682 -1.2424 2.1654 8.9346
1533316880817 -1.3961 2.0726 8.6204
1533316880817 -1.0704 1.9589 8.8869
1533316880817 -0.616 1.8607 9.2005
1533316880817 -0.5196 1.7315 9.3789
1533316880817 -0.9217 1.7125 9.1186
1533316880817 -1.2568 2.1513 8.5841
1533316880817 -0.9934 1.7602 8.9528
1533316880817 -0.967 1.7497 9.116
1533316880817 -1.0439 1.7449 9.2998
1533316880817 -0.7661 1.617 9.5506
1533316880940 -0.5741 1.5909 9.4658
1533316880940 -0.9011 1.7317 8.9753
1533316880940 -0.9893 1.9003 8.4549
1533316880940 -0.9738 2.0011 8.4279
1533316880940 -1.1371 1.9422 8.9596
1533316880940 -1.111 2.0176 8.9444
1533316880940 -1.1153 1.9769 9.0236
1533316881069 -1.3383 2.0069 9.1147
1533316881069 -1.5846 2.016 9.0758
1533316881069 -1.5607 2.0253 8.9353
1533316881069 -1.5601 2.0111 9.2529
1533316881069 -1.7452 1.9826 9.1764
1533316881252 -1.883 1.9705 9.2025
1533316881252 -1.9561 1.8149 8.9654
1533316881252 -1.2431 2.1559 8.7767
1533316881252 -1.2461 2.0226 8.6483
1533316881252 -1.1827 2.0588 8.7859
1533316881252 -1.365 2.0268 8.8051
1533316881252 -1.5669 1.9007 8.7409
1533316881252 -1.5157 1.8325 8.7939
1533316881252 -1.2875 1.8255 8.8705
1533316881374 -1.1633 1.8093 8.9725
1533316881374 -1.1046 1.7693 8.9728
1533316881374 -0.7918 1.7242 8.9115
1533316881374 -0.8138 1.5896 9.1559
1533316881374 -0.983 1.4586 9.3438
1533316881374 -0.7571 1.4266 9.4123
1533316881374 -0.4988 1.3821 9.6474
1533316881525 -0.515 1.297 9.719
1533316881525 -0.6101 1.2491 9.444
1533316881525 -0.7104 1.2614 9.2871
1533316881525 -0.7816 1.3329 9.111
1533316881525 -0.7484 1.4297 8.8649
1533316881525 -0.6443 1.4497 9.039
1533316881525 -0.6366 1.4177 9.3315
1533316881705 -0.8203 1.4516 9.3995
1533316881705 -1.1337 1.5637 9.289
1533316881705 -1.1202 1.7146 9.0541
1533316881705 -0.94 1.8145 8.9657
1533316881705 -0.9636 1.8405 9.0268
1533316881705 -0.986 1.9606 9.0572
1533316881705 -0.9897 1.9927 9.0156
1533316881705 -1.1068 1.9729 8.8655
1533316881705 -1.2017 1.9303 8.8764
1533316881830 -1.0699 1.8686 9.0779
1533316881830 -1.2259 1.7454 9.2669
1533316881830 -1.2536 1.6998 9.2878
1533316881830 -1.1003 1.7119 9.255
1533316881830 -0.9833 1.7109 9.3046
1533316881830 -0.8177 1.6994 9.1201
1533316881830 -0.8359 1.7307 8.9776
1533316881984 -0.9377 1.7799 9.0324
1533316881984 -0.8651 1.7936 9.1444
1533316881984 -0.8137 1.8408 9.0672
1533316881984 -1.0594 1.8746 9.1059
1533316881984 -0.9491 1.8757 9.1493
1533316881984 -0.8097 1.871 9.2531
1533316881984 -0.8858 1.8935 9.2277
1533316882102 -0.9744 1.8904 8.8807
1533316882102 -1.0344 1.9063 8.9632
1533316882102 -1.14 1.8713 8.9866
1533316882102 -1.1842 1.9218 9.0622
1533316882102 -1.2415 1.874 9.1545
1533316882296 -1.0706 1.8588 9.1313
1533316882296 -1.0862 1.8432 9.1938
1533316882296 -1.1476 1.8807 8.9591
1533316882296 -1.205 1.8864 9.1689
1533316882296 -1.2579 1.9129 9.0742
1533316882296 -1.3893 2.0043 8.944
1533316882296 -1.2062 1.9671 8.9824
1533316882296 -1.2114 2.1055 9.0098
1533316882296 -1.2241 2.134 9.0224
1533316882296 -1.4243 2.1302 9.0939
1533316882415 -1.4846 2.1182 9.0103
1533316882415 -1.3076 2.1819 8.9447
1533316882415 -1.2044 2.1846 8.8981
1533316882415 -1.0141 2.1901 8.761
1533316882415 -1.0122 2.1205 8.749
1533316882415 -1.0502 2.1048 8.7745
1533316882546 -0.93 2.0991 8.659
1533316882546 -0.7096 2.0781 8.5831
1533316882546 -0.598 2.0589 8.6394
1533316882546 -0.6474 2.0394 8.6601
1533316882546 -0.7629 2.0338 8.7841
1533316882546 -0.7663 2.0186 9.0932
1533316882546 -0.77 1.9799 9.304
1533316882750 -0.8651 1.9785 9.3026
1533316882750 -0.8573 2.0256 9.2573
1533316882750 -0.899 2.0816 9.1788
1533316882750 -1.0993 2.3136 8.8929
1533316882750 -1.1401 2.3584 8.7891
1533316882750 -1.1182 2.3512 8.8469
1533316882750 -1.3078 2.1925 9.019
1533316882750 -1.3425 2.1285 9.2095
1533316882750 -1.1809 2.1019 9.2
1533316882900 -1.2668 2.2383 9.0071
1533316882900 -1.1626 2.3172 8.8898
1533316882900 -1.1522 2.2072 9.1635
1533316882900 -0.9965 2.1368 9.3777
1533316882900 -1.088 2.0342 9.2739
1533316882900 -1.1281 1.9817 9.0732
1533316882900 -1.1547 1.9678 8.9815
1533316882900 -1.191 1.9841 9.0264
1533316882900 -1.1194 2.025 8.9657
1533316883036 -1.2064 1.9991 8.7329
1533316883036 -1.5015 2.0748 8.7193
1533316883036 -1.6897 2.1044 8.7287
1533316883036 -1.6651 2.1125 8.7267
1533316883036 -1.6931 2.0723 8.6934
1533316883036 -1.7326 2.1102 8.7598
1533316883036 -1.8893 2.0773 8.8014
1533316883160 -2.0222 2.0775 9.0286
1533316883160 -2.0746 1.9796 9.2666
1533316883160 -2.0683 2.0163 9.1697
1533316883160 -1.9475 1.9651 8.6945
1533316883285 -1.911 1.8927 8.563
1533316883285 -1.8682 1.8875 8.6355
1533316883285 -1.74 1.8575 8.5804
1533316883285 -1.7599 1.8961 8.717
1533316883285 -1.743 1.9807 8.8083
1533316883285 -1.765 2.0864 8.7462
1533316883285 -1.8265 2.0694 9.0323
1533316883418 -1.9567 2.0213 9.1961
1533316883418 -1.9051 2.0718 9.0461
1533316883418 -1.8549 2.15 8.6998
1533316883418 -1.6937 2.2285 8.476
1533316883418 -1.7191 2.2757 8.5268
1533316883418 -1.9535 2.2609 8.9513
1533316883418 -2.3481 2.1986 9.3769
1533316883540 -2.2962 2.0293 9.2502
1533316883540 -2.1921 1.9265 9.2146
1533316883540 -2.1358 1.7927 9.2407
1533316883540 -1.9788 1.6705 9.1396
1533316883540 -1.9239 1.65 8.8764
1533316883540 -1.8951 1.7037 8.558
1533316883676 -1.7006 1.6307 8.4611
1533316883676 -1.4564 1.6326 8.4625
1533316883676 -1.3442 1.5925 8.3809
1533316883792 -1.3685 1.5859 9.0949
1533316883792 -1.6092 1.7266 9.6825
1533316883792 -1.2795 1.7757 9.5004
1533316883792 -0.9008 1.6729 8.9809
1533316883792 -1.2513 1.5107 8.6364
1533316883792 -0.875 1.5972 9.2928
1533316883792 -0.5877 1.468 9.8639
1533316883792 -0.2265 1.1925 9.9921
1533316883792 -0.452 0.981 9.6465
1533316883792 -0.7227 0.8841 9.2434
1533316883913 -0.5478 0.8402 9.1008
1533316883913 -0.2217 0.8598 9.2131
1533316883913 -0.0244 0.8328 9.2683
1533316883913 -0.1637 0.8784 9.1562
1533316883913 -0.5985 1.1508 8.9401
1533316883913 -1.3833 1.0664 8.9918
1533316884048 -1.4019 1.1023 8.9648
1533316884048 -1.153 0.9565 8.7122
1533316884048 -1.1223 0.8664 9.5646
1533316884048 -0.8578 1.3513 9.8566
1533316884048 -1.5438 1.6509 9.7633
1533316884048 -1.0713 2.351 9.4213
1533316884048 -0.4233 2.7747 8.5514
1533316884232 0.1219 2.8719 7.425
1533316884232 0.5315 3.0312 6.6887
1533316884232 -0.241 2.5324 8.5707
1533316884232 -0.7022 2.2533 10.4706
1533316884232 -0.4898 2.1617 10.041
1533316884232 -0.3785 1.9611 8.9538
1533316884232 -0.5567 1.8936 8.5041
1533316884232 -0.3057 1.8964 8.9659
1533316884232 -0.1543 2.0026 9.9826
1533316884354 -1.0689 1.4846 9.6164
1533316884354 -0.0454 0.9772 9.5977
1533316884354 1.1497 1.0709 10.4645
1533316884354 1.0841 1.0721 9.276
1533316884354 0.2139 1.2476 8.1044
1533316884556 0.3242 1.3809 7.9646
1533316884556 0.7884 1.1216 8.2756
1533316884556 0.3934 1.1045 9.113
1533316884556 -0.0178 0.8889 9.3881
1533316884556 -0.1252 0.7704 9.4234
1533316884556 -0.2431 0.8037 9.3023
1533316884556 0.0223 0.771 9.1251
1533316884556 -0.0761 0.7397 9.0657
1533316884556 -0.4948 0.692 8.9749
1533316884556 -0.7612 0.6377 9.4561
1533316884683 -0.9746 0.561 9.23
1533316884683 -0.8691 0.7356 9.1955
1533316884683 -0.8139 0.5417 9.4596
1533316884683 -0.8317 0.5143 9.5333
1533316884683 -0.749 0.451 9.4322
1533316884683 -0.8026 0.3953 9.5611
1533316884683 -0.6865 0.3399 9.7793
1533316884810 -0.269 0.1984 9.5092
1533316884810 -0.1499 0.1213 9.4019
1533316884810 -0.2649 0.0455 9.1469
1533316884810 -0.2009 0.1506 9.1375
1533316884810 0.2932 0.2873 9.3309
1533316884810 0.6638 0.2908 9.7587
1533316885001 0.441 0.2453 10.4528
1533316885001 0.0552 0.1514 10.6167
1533316885001 -0.041 0.0736 10.3405
1533316885001 0.1182 0.188 9.8847
1533316885001 0.1809 0.562 9.4367
1533316885001 0.0133 0.87 8.6904
1533316885001 -0.1688 1.0687 8.4264
1533316885001 -0.0379 1.1517 8.5272
1533316885001 -0.2515 1.0884 7.981
1533316885001 -0.4344 1.213 8.0415
1533316885122 -0.6079 1.0821 8.5597
1533316885122 -0.8439 0.9113 9.6077
1533316885122 -1.2077 0.6717 10.4583
1533316885122 -0.9959 0.3495 10.3669
1533316885122 -0.4206 0.1906 9.7983
1533316885122 -0.2528 0.4595 9.448
1533316885267 -0.3063 0.4795 9.3029
1533316885267 -0.686 0.4362 9.7126
1533316885267 -0.3645 0.448 9.3758
1533316885267 -0.2029 0.3733 9.273
1533316885267 -0.1897 0.3327 9.0339
1533316885267 -0.2144 0.4188 8.9577
1533316885267 -0.4494 0.1199 9.2992
1533316885428 -0.6689 0.4967 8.9184
1533316885428 -0.3333 0.5163 8.8628
1533316885428 -0.3862 0.7655 8.6416
1533316885428 -0.5194 0.9239 8.8628
1533316885428 -0.4535 0.7358 9.0223
1533316885428 -0.9303 0.7023 8.9791
1533316885428 -1.1643 0.5529 8.7635
1533316885428 -0.5001 0.6566 8.675
1533316885551 -0.2207 0.9122 9.1075
1533316885551 -0.7448 1.1861 8.6778
1533316885551 -0.9942 1.242 8.2251
1533316885551 -1.2457 1.2954 8.2653
1533316885551 -0.6497 1.0566 9.1336
1533316885551 0.2873 1.0695 9.882
